mode: set
l1/main.go:15.18,17.2 1 0
l1/main.go:19.13,23.14 3 0
l1/main.go:23.14,26.3 2 0
l1/main.go:28.2,29.20 2 0
l1/main.go:30.11,32.17 2 0
l1/main.go:32.17,34.9 2 0
l1/main.go:36.3,36.22 1 0
l1/main.go:37.14,38.17 1 0
l1/main.go:38.17,41.5 2 0
l1/main.go:42.4,44.25 2 0
l1/main.go:45.17,46.17 1 0
l1/main.go:46.17,49.5 2 0
l1/main.go:50.4,51.18 2 0
l1/main.go:51.18,54.5 2 0
l1/main.go:55.4,57.25 2 0
l1/main.go:58.14,59.17 1 0
l1/main.go:59.17,62.5 2 0
l1/main.go:63.4,64.18 2 0
l1/main.go:64.18,67.5 2 0
l1/main.go:68.4,68.31 1 0
l1/main.go:69.17,70.17 1 0
l1/main.go:70.17,73.5 2 0
l1/main.go:74.4,75.18 2 0
l1/main.go:75.18,78.5 2 0
l1/main.go:79.4,81.25 2 0
l1/main.go:82.17,83.17 1 0
l1/main.go:83.17,86.5 2 0
l1/main.go:87.4,88.18 2 0
l1/main.go:88.18,91.5 2 0
l1/main.go:92.4,94.25 2 0
l1/main.go:95.15,96.17 1 0
l1/main.go:96.17,99.5 2 0
l1/main.go:100.4,100.30 1 0
l1/main.go:101.16,102.17 1 0
l1/main.go:102.17,105.5 2 0
l1/main.go:106.4,106.31 1 0
l1/main.go:107.11,108.58 1 0
l1/main.go:110.11,112.17 2 0
l1/main.go:112.17,114.9 2 0
l1/main.go:116.3,116.22 1 0
l1/main.go:117.18,118.17 1 0
l1/main.go:118.17,121.5 2 0
l1/main.go:122.4,124.24 2 0
l1/main.go:125.18,126.17 1 0
l1/main.go:126.17,129.5 2 0
l1/main.go:130.4,132.24 2 0
l1/main.go:133.17,134.17 1 0
l1/main.go:134.17,137.5 2 0
l1/main.go:138.4,139.18 2 0
l1/main.go:139.18,142.5 2 0
l1/main.go:143.4,145.24 2 0
l1/main.go:146.21,147.17 1 0
l1/main.go:147.17,150.5 2 0
l1/main.go:151.4,153.24 2 0
l1/main.go:154.21,155.17 1 0
l1/main.go:155.17,158.5 2 0
l1/main.go:159.4,161.24 2 0
l1/main.go:162.22,163.17 1 0
l1/main.go:163.17,166.5 2 0
l1/main.go:167.4,168.18 2 0
l1/main.go:168.18,171.5 2 0
l1/main.go:172.4,174.24 2 0
l1/main.go:175.16,176.17 1 0
l1/main.go:176.17,179.5 2 0
l1/main.go:180.4,180.99 1 0
l1/main.go:181.17,182.17 1 0
l1/main.go:182.17,185.5 2 0
l1/main.go:186.4,187.18 2 0
l1/main.go:187.18,190.5 2 0
l1/main.go:191.4,193.24 2 0
l1/main.go:194.15,195.17 1 0
l1/main.go:195.17,198.5 2 0
l1/main.go:199.4,200.18 2 0
l1/main.go:200.18,203.5 2 0
l1/main.go:204.4,204.36 1 0
l1/main.go:204.36,206.5 1 0
l1/main.go:206.10,208.5 1 0
l1/main.go:210.11,212.17 2 0
l1/main.go:212.17,214.9 2 0
l1/main.go:216.3,216.22 1 0
l1/main.go:217.18,218.17 1 0
l1/main.go:218.17,221.5 2 0
l1/main.go:222.4,224.24 2 0
l1/main.go:225.18,226.17 1 0
l1/main.go:226.17,229.5 2 0
l1/main.go:230.4,232.24 2 0
l1/main.go:233.17,234.17 1 0
l1/main.go:234.17,237.5 2 0
l1/main.go:238.4,239.18 2 0
l1/main.go:239.18,242.5 2 0
l1/main.go:243.4,245.24 2 0
l1/main.go:246.21,247.17 1 0
l1/main.go:247.17,250.5 2 0
l1/main.go:251.4,253.24 2 0
l1/main.go:254.21,255.17 1 0
l1/main.go:255.17,258.5 2 0
l1/main.go:259.4,261.24 2 0
l1/main.go:262.22,263.17 1 0
l1/main.go:263.17,266.5 2 0
l1/main.go:267.4,268.18 2 0
l1/main.go:268.18,271.5 2 0
l1/main.go:272.4,274.24 2 0
l1/main.go:275.16,276.17 1 0
l1/main.go:276.17,279.5 2 0
l1/main.go:280.4,280.99 1 0
l1/main.go:281.17,282.17 1 0
l1/main.go:282.17,285.5 2 0
l1/main.go:286.4,287.18 2 0
l1/main.go:287.18,290.5 2 0
l1/main.go:291.4,293.24 2 0
l1/main.go:294.15,295.17 1 0
l1/main.go:295.17,298.5 2 0
l1/main.go:299.4,300.18 2 0
l1/main.go:300.18,303.5 2 0
l1/main.go:304.4,304.36 1 0
l1/main.go:304.36,306.5 1 0
l1/main.go:306.10,308.5 1 0
l1/main.go:310.11,312.17 2 0
l1/main.go:312.17,314.9 2 0
l1/main.go:316.3,316.22 1 0
l1/main.go:317.15,318.17 1 0
l1/main.go:318.17,321.5 2 0
l1/main.go:322.4,324.23 2 0
l1/main.go:325.14,326.17 1 0
l1/main.go:326.17,329.5 2 0
l1/main.go:330.4,332.23 2 0
l1/main.go:333.16,334.17 1 0
l1/main.go:334.17,337.5 2 0
l1/main.go:338.4,338.49 1 0
l1/main.go:340.11,342.17 2 0
l1/main.go:342.17,344.9 2 0
l1/main.go:346.3,346.22 1 0
l1/main.go:347.15,348.17 1 0
l1/main.go:348.17,351.5 2 0
l1/main.go:352.4,354.23 2 0
l1/main.go:355.14,356.17 1 0
l1/main.go:356.17,359.5 2 0
l1/main.go:360.4,362.23 2 0
l1/main.go:363.16,364.17 1 0
l1/main.go:364.17,367.5 2 0
l1/main.go:368.4,368.47 1 0
l1/main.go:370.11,372.17 2 0
l1/main.go:372.17,374.9 2 0
l1/main.go:376.3,376.22 1 0
l1/main.go:377.14,378.17 1 0
l1/main.go:378.17,381.5 2 0
l1/main.go:382.4,384.34 3 0
l1/main.go:384.34,386.10 2 0
l1/main.go:388.4,390.24 2 0
l1/main.go:391.17,392.17 1 0
l1/main.go:392.17,395.5 2 0
l1/main.go:396.4,397.18 2 0
l1/main.go:397.18,400.5 2 0
l1/main.go:401.4,403.24 2 0
l1/main.go:404.15,405.17 1 0
l1/main.go:405.17,408.5 2 0
l1/main.go:409.4,410.18 2 0
l1/main.go:410.18,413.5 2 0
l1/main.go:414.4,414.24 1 0
l1/main.go:414.24,416.5 1 0
l1/main.go:416.10,418.5 1 0
l1/main.go:419.14,420.17 1 0
l1/main.go:420.17,423.5 2 0
l1/main.go:424.4,425.18 2 0
l1/main.go:425.18,428.5 2 0
l1/main.go:429.4,430.18 2 0
l1/main.go:430.18,432.5 1 0
l1/main.go:432.10,434.5 1 0
l1/main.go:435.16,436.17 1 0
l1/main.go:436.17,439.5 2 0
l1/main.go:440.4,440.30 1 0
l1/main.go:441.11,442.58 1 0
l1/main.go:444.10,445.59 1 0
l1/forwardlist/forwardlist.go:19.56,20.16 1 1
l1/forwardlist/forwardlist.go:20.16,23.3 2 1
l1/forwardlist/forwardlist.go:25.2,26.31 2 1
l1/forwardlist/forwardlist.go:26.31,27.18 1 1
l1/forwardlist/forwardlist.go:27.18,28.9 1 1
l1/forwardlist/forwardlist.go:30.3,30.19 1 1
l1/forwardlist/forwardlist.go:32.2,32.17 1 1
l1/forwardlist/forwardlist.go:32.17,34.3 1 1
l1/forwardlist/forwardlist.go:35.2,37.21 3 1
l1/forwardlist/forwardlist.go:40.49,41.16 1 1
l1/forwardlist/forwardlist.go:41.16,43.3 1 1
l1/forwardlist/forwardlist.go:45.2,46.31 2 1
l1/forwardlist/forwardlist.go:46.31,47.18 1 1
l1/forwardlist/forwardlist.go:47.18,48.9 1 1
l1/forwardlist/forwardlist.go:50.3,50.19 1 1
l1/forwardlist/forwardlist.go:52.2,52.37 1 1
l1/forwardlist/forwardlist.go:52.37,54.3 1 1
l1/forwardlist/forwardlist.go:55.2,56.13 2 1
l1/forwardlist/forwardlist.go:59.46,60.22 1 1
l1/forwardlist/forwardlist.go:60.22,63.3 2 1
l1/forwardlist/forwardlist.go:64.2,65.23 2 1
l1/forwardlist/forwardlist.go:65.23,67.3 1 1
l1/forwardlist/forwardlist.go:68.2,68.40 1 1
l1/forwardlist/forwardlist.go:71.46,72.22 1 1
l1/forwardlist/forwardlist.go:72.22,75.3 2 1
l1/forwardlist/forwardlist.go:76.2,78.18 3 1
l1/forwardlist/forwardlist.go:81.44,82.22 1 1
l1/forwardlist/forwardlist.go:82.22,84.3 1 1
l1/forwardlist/forwardlist.go:86.2,87.22 2 1
l1/forwardlist/forwardlist.go:87.22,89.3 1 0
l1/forwardlist/forwardlist.go:90.2,90.28 1 1
l1/forwardlist/forwardlist.go:90.28,92.3 1 1
l1/forwardlist/forwardlist.go:93.2,94.13 2 1
l1/forwardlist/forwardlist.go:97.44,98.22 1 1
l1/forwardlist/forwardlist.go:98.22,100.3 1 1
l1/forwardlist/forwardlist.go:102.2,103.13 2 1
l1/forwardlist/forwardlist.go:106.49,108.17 2 1
l1/forwardlist/forwardlist.go:108.17,110.3 1 1
l1/forwardlist/forwardlist.go:111.2,112.23 2 1
l1/forwardlist/forwardlist.go:112.23,115.3 2 1
l1/forwardlist/forwardlist.go:116.2,117.10 2 1
l1/forwardlist/forwardlist.go:120.57,121.17 1 1
l1/forwardlist/forwardlist.go:121.17,123.3 1 1
l1/forwardlist/forwardlist.go:124.2,125.22 2 1
l1/forwardlist/forwardlist.go:128.49,132.2 3 1
l1/forwardlist/forwardlist.go:134.62,135.33 1 1
l1/forwardlist/forwardlist.go:135.33,137.3 1 1
l1/forwardlist/forwardlist.go:138.2,140.21 3 1
l1/forwardlist/forwardlist.go:140.21,141.15 1 1
l1/forwardlist/forwardlist.go:141.15,143.4 1 1
l1/forwardlist/forwardlist.go:144.3,144.9 1 1
l1/forwardlist/forwardlist.go:146.2,146.23 1 1
l1/forwardlist/forwardlist.go:146.23,147.27 1 1
l1/forwardlist/forwardlist.go:147.27,148.16 1 1
l1/forwardlist/forwardlist.go:148.16,151.5 2 1
l1/forwardlist/forwardlist.go:152.4,152.7 1 1
l1/forwardlist/forwardlist.go:154.3,154.19 1 1
l1/forwardlist/forwardlist.go:156.2,156.14 1 1
l1/forwardlist/forwardlist.go:159.69,160.13 1 1
l1/forwardlist/forwardlist.go:160.13,162.3 1 1
l1/forwardlist/forwardlist.go:163.2,165.18 3 1
l1/forwardlist/forwardlist.go:165.18,166.22 1 1
l1/forwardlist/forwardlist.go:166.22,167.16 1 1
l1/forwardlist/forwardlist.go:167.16,169.5 1 1
l1/forwardlist/forwardlist.go:170.4,170.7 1 1
l1/forwardlist/forwardlist.go:172.3,172.19 1 1
l1/forwardlist/forwardlist.go:174.2,174.12 1 1
l1/forwardlist/forwardlist.go:177.68,179.16 2 1
l1/forwardlist/forwardlist.go:179.16,181.3 1 1
l1/forwardlist/forwardlist.go:182.2,186.21 5 1
l1/forwardlist/forwardlist.go:186.21,187.21 1 1
l1/forwardlist/forwardlist.go:187.21,190.4 2 1
l1/forwardlist/forwardlist.go:190.9,193.4 2 1
l1/forwardlist/forwardlist.go:195.2,196.16 2 1
l1/forwardlist/forwardlist.go:199.74,201.16 2 1
l1/forwardlist/forwardlist.go:201.16,203.3 1 1
l1/forwardlist/forwardlist.go:204.2,207.6 4 1
l1/forwardlist/forwardlist.go:207.6,209.20 2 1
l1/forwardlist/forwardlist.go:209.20,210.9 1 1
l1/forwardlist/forwardlist.go:211.9,211.24 1 1
l1/forwardlist/forwardlist.go:211.24,213.4 1 0
l1/forwardlist/forwardlist.go:214.3,216.41 3 1
l1/forwardlist/forwardlist.go:216.41,218.4 1 0
l1/forwardlist/forwardlist.go:219.3,219.21 1 1
l1/forwardlist/forwardlist.go:219.21,222.4 2 1
l1/forwardlist/forwardlist.go:222.9,225.4 2 1
l1/forwardlist/forwardlist.go:227.2,228.16 2 1
l1/forwardlist/forwardlist.go:231.60,233.16 2 1
l1/forwardlist/forwardlist.go:233.16,235.3 1 1
l1/forwardlist/forwardlist.go:236.2,240.12 5 1
l1/forwardlist/forwardlist.go:243.66,245.16 2 1
l1/forwardlist/forwardlist.go:245.16,247.3 1 1
l1/forwardlist/forwardlist.go:248.2,249.18 2 1
l1/forwardlist/forwardlist.go:249.18,253.3 3 1
l1/forwardlist/forwardlist.go:254.2,255.12 2 1
l1/array/array.go:17.24,21.2 3 1
l1/array/array.go:23.36,24.35 1 1
l1/array/array.go:24.35,26.21 2 1
l1/array/array.go:26.21,28.4 1 1
l1/array/array.go:28.9,30.4 1 1
l1/array/array.go:31.3,32.34 2 1
l1/array/array.go:32.34,34.4 1 1
l1/array/array.go:36.2,37.13 2 1
l1/array/array.go:40.50,41.36 1 1
l1/array/array.go:41.36,43.3 1 1
l1/array/array.go:45.2,45.35 1 1
l1/array/array.go:45.35,47.21 2 1
l1/array/array.go:47.21,49.4 1 0
l1/array/array.go:49.9,51.4 1 1
l1/array/array.go:52.3,53.30 2 1
l1/array/array.go:53.30,55.4 1 1
l1/array/array.go:56.3,57.44 2 1
l1/array/array.go:57.44,59.4 1 1
l1/array/array.go:60.8,61.38 1 1
l1/array/array.go:61.38,63.4 1 0
l1/array/array.go:64.3,64.27 1 1
l1/array/array.go:66.2,66.13 1 1
l1/array/array.go:69.51,70.37 1 1
l1/array/array.go:70.37,72.3 1 1
l1/array/array.go:73.2,73.32 1 1
l1/array/array.go:76.38,77.37 1 1
l1/array/array.go:77.37,79.3 1 1
l1/array/array.go:81.2,81.39 1 1
l1/array/array.go:81.39,83.3 1 1
l1/array/array.go:84.2,84.13 1 1
l1/array/array.go:87.50,88.37 1 1
l1/array/array.go:88.37,90.3 1 1
l1/array/array.go:91.2,91.26 1 1
l1/array/array.go:94.38,95.20 1 1
l1/array/array.go:95.20,97.3 1 1
l1/array/array.go:99.2,100.35 2 1
l1/array/array.go:100.35,102.3 1 1
l1/array/array.go:103.2,104.10 2 1
l1/array/array.go:107.34,109.2 1 1
l1/array/array.go:111.56,113.16 2 1
l1/array/array.go:113.16,115.3 1 1
l1/array/array.go:116.2,119.21 4 1
l1/array/array.go:119.21,121.3 1 1
l1/array/array.go:122.2,123.17 2 1
l1/array/array.go:126.62,128.16 2 1
l1/array/array.go:128.16,130.3 1 1
l1/array/array.go:131.2,133.6 3 1
l1/array/array.go:133.6,135.20 2 1
l1/array/array.go:135.20,136.9 1 1
l1/array/array.go:137.9,137.24 1 1
l1/array/array.go:137.24,139.4 1 0
l1/array/array.go:140.3,142.41 3 1
l1/array/array.go:142.41,144.4 1 0
l1/array/array.go:145.3,145.23 1 1
l1/array/array.go:147.2,148.17 2 1
l1/array/array.go:151.54,153.16 2 1
l1/array/array.go:153.16,155.3 1 1
l1/array/array.go:156.2,160.12 5 1
l1/array/array.go:163.60,165.16 2 1
l1/array/array.go:165.16,167.3 1 1
l1/array/array.go:168.2,168.33 1 1
l1/array/array.go:168.33,171.3 2 1
l1/array/array.go:172.2,173.12 2 1
l1/hashtable/hashtabledouble.go:27.50,28.19 1 1
l1/hashtable/hashtabledouble.go:28.19,30.3 1 1
l1/hashtable/hashtabledouble.go:31.2,31.64 1 1
l1/hashtable/hashtabledouble.go:34.39,41.26 5 1
l1/hashtable/hashtabledouble.go:41.26,43.3 1 1
l1/hashtable/hashtabledouble.go:44.2,44.6 1 1
l1/hashtable/hashtabledouble.go:44.6,46.44 2 1
l1/hashtable/hashtabledouble.go:46.44,47.28 1 1
l1/hashtable/hashtabledouble.go:47.28,49.10 2 1
l1/hashtable/hashtabledouble.go:53.3,53.14 1 1
l1/hashtable/hashtabledouble.go:53.14,54.9 1 1
l1/hashtable/hashtabledouble.go:56.3,56.21 1 1
l1/hashtable/hashtabledouble.go:59.2,60.35 2 1
l1/hashtable/hashtabledouble.go:60.35,61.49 1 1
l1/hashtable/hashtabledouble.go:61.49,63.4 1 1
l1/hashtable/hashtabledouble.go:67.49,69.11 2 1
l1/hashtable/hashtabledouble.go:69.11,71.3 1 1
l1/hashtable/hashtabledouble.go:72.2,73.41 2 1
l1/hashtable/hashtabledouble.go:76.49,78.2 1 1
l1/hashtable/hashtabledouble.go:80.53,84.37 3 1
l1/hashtable/hashtabledouble.go:84.37,86.27 2 1
l1/hashtable/hashtabledouble.go:86.27,88.4 1 1
l1/hashtable/hashtabledouble.go:89.3,89.31 1 1
l1/hashtable/hashtabledouble.go:89.31,91.4 1 1
l1/hashtable/hashtabledouble.go:93.2,93.14 1 0
l1/hashtable/hashtabledouble.go:96.57,97.62 1 1
l1/hashtable/hashtabledouble.go:97.62,99.3 1 1
l1/hashtable/hashtabledouble.go:100.2,103.37 3 1
l1/hashtable/hashtabledouble.go:103.37,105.27 2 1
l1/hashtable/hashtabledouble.go:105.27,109.4 3 1
l1/hashtable/hashtabledouble.go:109.9,109.38 1 1
l1/hashtable/hashtabledouble.go:109.38,113.4 3 1
l1/hashtable/hashtabledouble.go:115.2,116.25 2 0
l1/hashtable/hashtabledouble.go:119.51,123.37 3 1
l1/hashtable/hashtabledouble.go:123.37,125.27 2 1
l1/hashtable/hashtabledouble.go:125.27,127.4 1 1
l1/hashtable/hashtabledouble.go:127.9,127.38 1 1
l1/hashtable/hashtabledouble.go:127.38,128.29 1 1
l1/hashtable/hashtabledouble.go:128.29,130.5 1 1
l1/hashtable/hashtabledouble.go:131.4,132.15 2 1
l1/hashtable/hashtabledouble.go:135.2,135.14 1 0
l1/hashtable/hashtabledouble.go:138.56,142.37 3 1
l1/hashtable/hashtabledouble.go:142.37,144.27 2 1
l1/hashtable/hashtabledouble.go:144.27,146.4 1 1
l1/hashtable/hashtabledouble.go:146.9,146.38 1 1
l1/hashtable/hashtabledouble.go:146.38,147.29 1 1
l1/hashtable/hashtabledouble.go:147.29,149.5 1 1
l1/hashtable/hashtabledouble.go:149.10,151.5 1 1
l1/hashtable/hashtabledouble.go:154.2,154.38 1 0
l1/hashtable/hashtabledouble.go:157.48,159.37 2 1
l1/hashtable/hashtabledouble.go:159.37,160.53 1 1
l1/hashtable/hashtabledouble.go:160.53,162.4 1 1
l1/hashtable/hashtabledouble.go:164.2,164.15 1 1
l1/hashtable/hashtabledouble.go:167.64,169.16 2 1
l1/hashtable/hashtabledouble.go:169.16,171.3 1 1
l1/hashtable/hashtabledouble.go:172.2,173.37 2 1
l1/hashtable/hashtabledouble.go:173.37,174.53 1 1
l1/hashtable/hashtabledouble.go:174.53,176.4 1 1
l1/hashtable/hashtabledouble.go:178.2,180.12 3 1
l1/hashtable/hashtabledouble.go:183.70,185.16 2 1
l1/hashtable/hashtabledouble.go:185.16,187.3 1 1
l1/hashtable/hashtabledouble.go:188.2,188.37 1 1
l1/hashtable/hashtabledouble.go:188.37,189.53 1 1
l1/hashtable/hashtabledouble.go:189.53,192.4 2 1
l1/hashtable/hashtabledouble.go:194.2,195.12 2 1
l1/hashtable/hashtabledouble.go:198.70,200.16 2 1
l1/hashtable/hashtabledouble.go:200.16,202.3 1 1
l1/hashtable/hashtabledouble.go:203.2,206.21 4 1
l1/hashtable/hashtabledouble.go:206.21,208.18 2 1
l1/hashtable/hashtabledouble.go:208.18,210.4 1 0
l1/hashtable/hashtabledouble.go:211.3,212.17 2 1
l1/hashtable/hashtabledouble.go:212.17,214.4 1 0
l1/hashtable/hashtabledouble.go:215.3,216.17 2 1
l1/hashtable/hashtabledouble.go:216.17,218.4 1 0
l1/hashtable/hashtabledouble.go:219.3,219.22 1 1
l1/hashtable/hashtabledouble.go:221.2,222.16 2 1
l1/hashtable/hashtabledouble.go:225.76,227.16 2 1
l1/hashtable/hashtabledouble.go:227.16,229.3 1 1
l1/hashtable/hashtabledouble.go:230.2,233.6 4 1
l1/hashtable/hashtabledouble.go:233.6,235.20 2 1
l1/hashtable/hashtabledouble.go:235.20,236.9 1 1
l1/hashtable/hashtabledouble.go:237.9,237.24 1 1
l1/hashtable/hashtabledouble.go:237.24,239.4 1 0
l1/hashtable/hashtabledouble.go:240.3,241.17 2 1
l1/hashtable/hashtabledouble.go:241.17,243.4 1 0
l1/hashtable/hashtabledouble.go:244.3,244.32 1 1
l1/hashtable/hashtabledouble.go:246.2,247.16 2 1
l1/stack/stack.go:20.37,21.21 1 1
l1/stack/stack.go:21.21,23.3 1 1
l1/stack/stack.go:23.8,26.3 2 1
l1/stack/stack.go:29.42,30.21 1 1
l1/stack/stack.go:30.21,32.3 1 1
l1/stack/stack.go:33.2,35.17 3 1
l1/stack/stack.go:38.35,41.17 3 1
l1/stack/stack.go:41.17,43.3 1 1
l1/stack/stack.go:44.2,44.23 1 1
l1/stack/stack.go:44.23,47.3 2 1
l1/stack/stack.go:48.2,49.10 2 1
l1/stack/stack.go:52.56,54.16 2 1
l1/stack/stack.go:54.16,56.3 1 1
l1/stack/stack.go:57.2,60.21 4 1
l1/stack/stack.go:60.21,62.3 1 1
l1/stack/stack.go:63.2,64.15 2 1
l1/stack/stack.go:67.62,69.16 2 1
l1/stack/stack.go:69.16,71.3 1 1
l1/stack/stack.go:72.2,74.6 3 1
l1/stack/stack.go:74.6,76.20 2 1
l1/stack/stack.go:76.20,77.9 1 1
l1/stack/stack.go:78.9,78.24 1 1
l1/stack/stack.go:78.24,80.4 1 0
l1/stack/stack.go:81.3,83.41 3 1
l1/stack/stack.go:83.41,85.4 1 0
l1/stack/stack.go:86.3,86.22 1 1
l1/stack/stack.go:88.2,89.15 2 1
l1/stack/stack.go:92.58,93.15 1 1
l1/stack/stack.go:93.15,95.3 1 1
l1/stack/stack.go:96.2,97.34 2 1
l1/stack/stack.go:100.54,102.16 2 1
l1/stack/stack.go:102.16,104.3 1 1
l1/stack/stack.go:105.2,109.12 5 1
l1/stack/stack.go:112.57,113.15 1 1
l1/stack/stack.go:113.15,115.3 1 1
l1/stack/stack.go:116.2,118.28 3 1
l1/stack/stack.go:121.60,123.16 2 1
l1/stack/stack.go:123.16,125.3 1 1
l1/stack/stack.go:126.2,128.12 3 1
l1/queue/queue.go:21.37,23.21 2 1
l1/queue/queue.go:23.21,27.3 3 1
l1/queue/queue.go:27.8,30.3 2 1
l1/queue/queue.go:33.42,34.21 1 1
l1/queue/queue.go:34.21,36.3 1 1
l1/queue/queue.go:38.2,40.21 3 1
l1/queue/queue.go:40.21,42.3 1 1
l1/queue/queue.go:43.2,43.22 1 1
l1/queue/queue.go:46.35,48.17 2 1
l1/queue/queue.go:48.17,50.3 1 1
l1/queue/queue.go:52.2,53.18 2 1
l1/queue/queue.go:53.18,56.3 2 1
l1/queue/queue.go:57.2,57.10 1 1
l1/queue/queue.go:60.56,62.16 2 1
l1/queue/queue.go:62.16,64.3 1 1
l1/queue/queue.go:65.2,68.21 4 1
l1/queue/queue.go:68.21,70.3 1 1
l1/queue/queue.go:71.2,72.15 2 1
l1/queue/queue.go:75.62,77.16 2 1
l1/queue/queue.go:77.16,79.3 1 1
l1/queue/queue.go:80.2,82.6 3 1
l1/queue/queue.go:82.6,84.20 2 1
l1/queue/queue.go:84.20,85.9 1 1
l1/queue/queue.go:86.9,86.24 1 1
l1/queue/queue.go:86.24,88.4 1 0
l1/queue/queue.go:89.3,91.41 3 1
l1/queue/queue.go:91.41,93.4 1 0
l1/queue/queue.go:94.3,94.22 1 1
l1/queue/queue.go:96.2,97.15 2 1
l1/queue/queue.go:100.54,102.16 2 1
l1/queue/queue.go:102.16,104.3 1 1
l1/queue/queue.go:105.2,109.12 5 1
l1/queue/queue.go:112.60,114.16 2 1
l1/queue/queue.go:114.16,116.3 1 1
l1/queue/queue.go:117.2,118.18 2 1
l1/queue/queue.go:118.18,122.3 3 1
l1/queue/queue.go:123.2,124.12 2 1
l1/list/list.go:21.49,22.16 1 1
l1/list/list.go:22.16,25.3 2 1
l1/list/list.go:27.2,28.31 2 1
l1/list/list.go:28.31,29.18 1 1
l1/list/list.go:29.18,30.9 1 1
l1/list/list.go:32.3,32.19 1 1
l1/list/list.go:34.2,34.17 1 1
l1/list/list.go:34.17,36.3 1 1
l1/list/list.go:37.2,37.23 1 1
l1/list/list.go:37.23,40.3 2 0
l1/list/list.go:41.2,45.31 5 1
l1/list/list.go:48.42,49.16 1 1
l1/list/list.go:49.16,51.3 1 1
l1/list/list.go:53.2,54.31 2 1
l1/list/list.go:54.31,55.18 1 1
l1/list/list.go:55.18,56.9 1 1
l1/list/list.go:58.3,58.19 1 1
l1/list/list.go:60.2,60.17 1 1
l1/list/list.go:60.17,62.3 1 1
l1/list/list.go:63.2,63.28 1 1
l1/list/list.go:63.28,65.3 1 1
l1/list/list.go:66.2,67.21 2 1
l1/list/list.go:67.21,71.3 3 0
l1/list/list.go:72.2,72.14 1 1
l1/list/list.go:75.39,77.22 2 1
l1/list/list.go:77.22,81.3 3 1
l1/list/list.go:82.2,84.18 3 1
l1/list/list.go:87.39,89.22 2 1
l1/list/list.go:89.22,93.3 3 1
l1/list/list.go:94.2,96.18 3 1
l1/list/list.go:99.37,100.22 1 1
l1/list/list.go:100.22,102.3 1 1
l1/list/list.go:103.2,103.28 1 1
l1/list/list.go:103.28,107.3 3 1
l1/list/list.go:108.2,110.13 3 1
l1/list/list.go:113.37,114.22 1 1
l1/list/list.go:114.22,116.3 1 1
l1/list/list.go:117.2,117.28 1 1
l1/list/list.go:117.28,121.3 3 1
l1/list/list.go:122.2,124.13 3 1
l1/list/list.go:127.42,129.17 2 1
l1/list/list.go:129.17,131.3 1 1
l1/list/list.go:132.2,133.23 2 1
l1/list/list.go:133.23,136.3 2 1
l1/list/list.go:137.2,138.10 2 1
l1/list/list.go:141.42,143.17 2 1
l1/list/list.go:143.17,145.3 1 1
l1/list/list.go:146.2,147.23 2 1
l1/list/list.go:147.23,150.3 2 1
l1/list/list.go:151.2,152.10 2 1
l1/list/list.go:155.55,156.13 1 1
l1/list/list.go:156.13,158.3 1 1
l1/list/list.go:159.2,161.18 3 1
l1/list/list.go:161.18,162.22 1 1
l1/list/list.go:162.22,163.16 1 1
l1/list/list.go:163.16,164.26 1 1
l1/list/list.go:164.26,166.6 1 1
l1/list/list.go:166.11,166.33 1 1
l1/list/list.go:166.33,168.6 1 0
l1/list/list.go:168.11,173.6 4 1
l1/list/list.go:175.4,175.7 1 1
l1/list/list.go:177.3,177.19 1 1
l1/list/list.go:179.2,179.14 1 1
l1/list/list.go:182.55,183.13 1 1
l1/list/list.go:183.13,185.3 1 1
l1/list/list.go:186.2,188.18 3 1
l1/list/list.go:188.18,189.22 1 1
l1/list/list.go:189.22,190.16 1 1
l1/list/list.go:190.16,192.5 1 1
l1/list/list.go:193.4,193.7 1 1
l1/list/list.go:195.3,195.19 1 1
l1/list/list.go:197.2,197.12 1 1
l1/list/list.go:200.54,202.16 2 1
l1/list/list.go:202.16,204.3 1 1
l1/list/list.go:205.2,208.21 4 1
l1/list/list.go:208.21,210.3 1 1
l1/list/list.go:211.2,212.15 2 1
l1/list/list.go:215.60,217.16 2 1
l1/list/list.go:217.16,219.3 1 1
l1/list/list.go:220.2,222.6 3 1
l1/list/list.go:222.6,224.20 2 1
l1/list/list.go:224.20,225.9 1 1
l1/list/list.go:226.9,226.24 1 1
l1/list/list.go:226.24,228.4 1 0
l1/list/list.go:229.3,231.41 3 1
l1/list/list.go:231.41,233.4 1 0
l1/list/list.go:234.3,234.26 1 1
l1/list/list.go:236.2,237.16 2 1
l1/list/list.go:240.53,242.16 2 1
l1/list/list.go:242.16,244.3 1 1
l1/list/list.go:245.2,249.12 5 1
l1/list/list.go:252.59,254.16 2 1
l1/list/list.go:254.16,256.3 1 1
l1/list/list.go:257.2,258.18 2 1
l1/list/list.go:258.18,262.3 3 1
l1/list/list.go:263.2,264.12 2 1
