TN:
SF:/home/xxaqurm/proga/ProgrammingCourse/LaboratoryWork/Semester_3/Laboratory_3/C++/include/ds/AVLTree.hpp
FN:107,110,_ZN7AVLTreeIiE8minValueEPNS0_4NodeE
FN:113,135,_ZN7AVLTreeIiE6insertEPNS0_4NodeERKi
FN:138,178,_ZN7AVLTreeIiE6removeEPNS0_4NodeERKi
FN:181,186,_ZN7AVLTreeIiE4findEPNS0_4NodeERKi
FN:189,191,_ZN7AVLTreeIiE6insertERKi
FN:194,196,_ZN7AVLTreeIiE6removeERKi
FN:199,201,_ZN7AVLTreeIiE8containsERKi
FN:236,239,_ZNK7AVLTreeIiE5countEPNS0_4NodeE
FN:242,244,_ZNK7AVLTreeIiE4sizeEv
FN:56,56,_ZN7AVLTreeIiE4NodeC2ERKi
FN:59,59,_ZN7AVLTreeIiEC2Ev
FN:62,64,_ZN7AVLTreeIiED2Ev
FN:67,72,_ZN7AVLTreeIiE7destroyEPNS0_4NodeE
FN:75,77,_ZN7AVLTreeIiE6heightEPNS0_4NodeE
FN:80,82,_ZN7AVLTreeIiE7balanceEPNS0_4NodeE
FN:85,93,_ZN7AVLTreeIiE11rotateRightEPNS0_4NodeE
FN:96,104,_ZN7AVLTreeIiE10rotateLeftEPNS0_4NodeE
FNDA:4,_ZN7AVLTreeIiE8minValueEPNS0_4NodeE
FNDA:86,_ZN7AVLTreeIiE6insertEPNS0_4NodeERKi
FNDA:14,_ZN7AVLTreeIiE6removeEPNS0_4NodeERKi
FNDA:84,_ZN7AVLTreeIiE4findEPNS0_4NodeERKi
FNDA:44,_ZN7AVLTreeIiE6insertERKi
FNDA:6,_ZN7AVLTreeIiE6removeERKi
FNDA:46,_ZN7AVLTreeIiE8containsERKi
FNDA:92,_ZNK7AVLTreeIiE5countEPNS0_4NodeE
FNDA:16,_ZNK7AVLTreeIiE4sizeEv
FNDA:44,_ZN7AVLTreeIiE4NodeC2ERKi
FNDA:16,_ZN7AVLTreeIiEC2Ev
FNDA:16,_ZN7AVLTreeIiED2Ev
FNDA:92,_ZN7AVLTreeIiE7destroyEPNS0_4NodeE
FNDA:240,_ZN7AVLTreeIiE6heightEPNS0_4NodeE
FNDA:50,_ZN7AVLTreeIiE7balanceEPNS0_4NodeE
FNDA:6,_ZN7AVLTreeIiE11rotateRightEPNS0_4NodeE
FNDA:4,_ZN7AVLTreeIiE10rotateLeftEPNS0_4NodeE
FNF:17
FNH:17
DA:56,44
DA:59,16
DA:62,16
DA:63,16
DA:64,16
DA:67,92
DA:68,92
DA:69,38
DA:70,38
DA:71,38
DA:75,240
DA:76,240
DA:80,50
DA:81,50
DA:85,6
DA:86,6
DA:87,6
DA:88,6
DA:89,6
DA:90,6
DA:91,6
DA:92,6
DA:96,4
DA:97,4
DA:98,4
DA:99,4
DA:100,4
DA:101,4
DA:102,4
DA:103,4
DA:107,4
DA:108,6
DA:109,4
DA:113,86
DA:114,86
DA:116,42
DA:117,18
DA:118,0
DA:120,42
DA:121,42
DA:123,42
DA:124,40
DA:125,40
DA:126,2
DA:127,2
DA:129,38
DA:130,2
DA:131,2
DA:134,36
DA:138,14
DA:139,14
DA:141,14
DA:142,10
DA:144,10
DA:145,6
DA:146,6
DA:147,6
DA:148,6
DA:150,0
DA:151,0
DA:152,0
DA:154,0
DA:155,4
DA:156,4
DA:157,4
DA:161,8
DA:163,8
DA:164,8
DA:166,8
DA:167,8
DA:168,0
DA:169,0
DA:171,8
DA:172,8
DA:173,0
DA:174,0
DA:177,8
DA:181,84
DA:182,84
DA:183,76
DA:184,38
DA:185,18
DA:189,44
DA:190,44
DA:191,44
DA:194,6
DA:195,6
DA:196,6
DA:199,46
DA:200,46
DA:236,92
DA:237,92
DA:238,38
DA:242,16
DA:243,16
LF:95
LH:86
end_of_record
TN:
SF:/home/xxaqurm/proga/ProgrammingCourse/LaboratoryWork/Semester_3/Laboratory_3/C++/include/ds/Array.hpp
FN:102,109,_ZN5ArrayIiE13resizeToRightEv
FN:112,125,_ZN5ArrayIiE12resizeToLeftEv
FN:128,131,_ZN5ArrayIiE9push_backERKi
FN:134,138,_ZN5ArrayIiE8pop_backEv
FN:141,147,_ZN5ArrayIiE6insertEiRKi
FN:150,155,_ZN5ArrayIiE5eraseEi
FN:176,179,_ZNK5ArrayIiE2atEi
FN:182,189,_ZNK5ArrayIiE4findERKi
FN:192,201,_ZN5ArrayIiE6removeERKi
FN:204,206,_ZNK5ArrayIN16DoubleHashingSetINSt7__cxx1112basic_stringIcSt11char_traitsIcESaIcEEEE4SlotEEixEi
FN:204,206,_ZNK5ArrayIN16DoubleHashingSetIiE4SlotEEixEi
FN:204,206,_ZNK5ArrayIiEixEi
FN:209,218,_ZN5ArrayIN16DoubleHashingSetINSt7__cxx1112basic_stringIcSt11char_traitsIcESaIcEEEE4SlotEEaSERKS9_
FN:209,218,_ZN5ArrayIN16DoubleHashingSetIiE4SlotEEaSERKS3_
FN:209,218,_ZN5ArrayIiEaSERKS0_
FN:51,51,_ZN5ArrayIiEC2Ev
FN:54,59,_ZN5ArrayIN16DoubleHashingSetINSt7__cxx1112basic_stringIcSt11char_traitsIcESaIcEEEE4SlotEEC2Ei
FN:54,59,_ZN5ArrayIN16DoubleHashingSetIiE4SlotEEC2Ei
FN:54,59,_ZN5ArrayIiEC2Ei
FN:62,68,_ZN5ArrayIiEC2EiRKi
FN:71,73,_ZN5ArrayIN16DoubleHashingSetINSt7__cxx1112basic_stringIcSt11char_traitsIcESaIcEEEE4SlotEEC2ERKS9_
FN:71,73,_ZN5ArrayIN16DoubleHashingSetIiE4SlotEEC2ERKS3_
FN:71,73,_ZN5ArrayIiEC2ERKS0_
FN:76,79,_ZN5ArrayIiEC2ESt16initializer_listIiE
FN:82,84,_ZN5ArrayIN16DoubleHashingSetINSt7__cxx1112basic_stringIcSt11char_traitsIcESaIcEEEE4SlotEED2Ev
FN:82,84,_ZN5ArrayIN16DoubleHashingSetIiE4SlotEED2Ev
FN:82,84,_ZN5ArrayIiED2Ev
FN:87,87,_ZNK5ArrayIN16DoubleHashingSetINSt7__cxx1112basic_stringIcSt11char_traitsIcESaIcEEEE4SlotEE4sizeEv
FN:87,87,_ZNK5ArrayIN16DoubleHashingSetIiE4SlotEE4sizeEv
FN:87,87,_ZNK5ArrayIiE4sizeEv
FN:90,90,_ZNK5ArrayIiE8capacityEv
FN:93,93,_ZNK5ArrayIiE5emptyEv
FN:96,96,_ZNK5ArrayIiE5frontEv
FN:99,99,_ZNK5ArrayIiE4backEv
FNDA:6,_ZN5ArrayIiE13resizeToRightEv
FNDA:2,_ZN5ArrayIiE12resizeToLeftEv
FNDA:44,_ZN5ArrayIiE9push_backERKi
FNDA:24,_ZN5ArrayIiE8pop_backEv
FNDA:4,_ZN5ArrayIiE6insertEiRKi
FNDA:6,_ZN5ArrayIiE5eraseEi
FNDA:4,_ZNK5ArrayIiE2atEi
FNDA:8,_ZNK5ArrayIiE4findERKi
FNDA:4,_ZN5ArrayIiE6removeERKi
FNDA:76,_ZNK5ArrayIN16DoubleHashingSetINSt7__cxx1112basic_stringIcSt11char_traitsIcESaIcEEEE4SlotEEixEi
FNDA:262,_ZNK5ArrayIN16DoubleHashingSetIiE4SlotEEixEi
FNDA:32,_ZNK5ArrayIiEixEi
FNDA:0,_ZN5ArrayIN16DoubleHashingSetINSt7__cxx1112basic_stringIcSt11char_traitsIcESaIcEEEE4SlotEEaSERKS9_
FNDA:2,_ZN5ArrayIN16DoubleHashingSetIiE4SlotEEaSERKS3_
FNDA:2,_ZN5ArrayIiEaSERKS0_
FNDA:8,_ZN5ArrayIiEC2Ev
FNDA:4,_ZN5ArrayIN16DoubleHashingSetINSt7__cxx1112basic_stringIcSt11char_traitsIcESaIcEEEE4SlotEEC2Ei
FNDA:14,_ZN5ArrayIN16DoubleHashingSetIiE4SlotEEC2Ei
FNDA:2,_ZN5ArrayIiEC2Ei
FNDA:2,_ZN5ArrayIiEC2EiRKi
FNDA:0,_ZN5ArrayIN16DoubleHashingSetINSt7__cxx1112basic_stringIcSt11char_traitsIcESaIcEEEE4SlotEEC2ERKS9_
FNDA:2,_ZN5ArrayIN16DoubleHashingSetIiE4SlotEEC2ERKS3_
FNDA:2,_ZN5ArrayIiEC2ERKS0_
FNDA:20,_ZN5ArrayIiEC2ESt16initializer_listIiE
FNDA:4,_ZN5ArrayIN16DoubleHashingSetINSt7__cxx1112basic_stringIcSt11char_traitsIcESaIcEEEE4SlotEED2Ev
FNDA:16,_ZN5ArrayIN16DoubleHashingSetIiE4SlotEED2Ev
FNDA:34,_ZN5ArrayIiED2Ev
FNDA:0,_ZNK5ArrayIN16DoubleHashingSetINSt7__cxx1112basic_stringIcSt11char_traitsIcESaIcEEEE4SlotEE4sizeEv
FNDA:2,_ZNK5ArrayIN16DoubleHashingSetIiE4SlotEE4sizeEv
FNDA:26,_ZNK5ArrayIiE4sizeEv
FNDA:12,_ZNK5ArrayIiE8capacityEv
FNDA:2,_ZNK5ArrayIiE5emptyEv
FNDA:2,_ZNK5ArrayIiE5frontEv
FNDA:6,_ZNK5ArrayIiE4backEv
FNF:34
FNH:31
DA:51,8
DA:54,20
DA:55,20
DA:56,20
DA:57,20
DA:58,170
DA:59,20
DA:62,2
DA:63,2
DA:64,2
DA:65,2
DA:66,2
DA:67,12
DA:68,2
DA:71,10
DA:72,10
DA:73,4
DA:76,20
DA:77,20
DA:78,82
DA:79,20
DA:82,54
DA:83,98
DA:84,54
DA:87,28
DA:90,12
DA:93,2
DA:96,2
DA:99,6
DA:102,6
DA:103,6
DA:104,6
DA:105,72
DA:106,6
DA:107,6
DA:108,6
DA:109,6
DA:112,2
DA:113,2
DA:114,2
DA:115,2
DA:117,2
DA:119,2
DA:120,22
DA:122,2
DA:123,2
DA:124,2
DA:128,44
DA:129,44
DA:130,44
DA:131,44
DA:134,24
DA:135,24
DA:136,24
DA:137,24
DA:138,24
DA:141,4
DA:142,4
DA:143,2
DA:144,6
DA:145,2
DA:146,2
DA:147,2
DA:150,6
DA:151,6
DA:152,10
DA:153,4
DA:154,4
DA:155,4
DA:176,4
DA:177,4
DA:178,2
DA:182,8
DA:183,22
DA:184,18
DA:185,4
DA:188,4
DA:192,4
DA:193,4
DA:195,4
DA:196,2
DA:199,2
DA:200,2
DA:204,370
DA:205,370
DA:209,4
DA:210,4
DA:211,4
DA:212,4
DA:213,4
DA:214,18
DA:215,10
DA:217,4
LF:93
LH:93
end_of_record
TN:
SF:/home/xxaqurm/proga/ProgrammingCourse/LaboratoryWork/Semester_3/Laboratory_3/C++/include/ds/ForwardList.hpp
FN:116,130,_ZN11ForwardListIiE12insert_afterEiRKi
FN:133,138,_ZN11ForwardListIiE9pop_frontEv
FN:141,157,_ZN11ForwardListIiE8pop_backEv
FN:15,15,_ZN11ForwardListIiE4NodeC2ERKi
FN:160,179,_ZN11ForwardListIiE13remove_beforeEi
FN:182,204,_ZN11ForwardListIiE6removeERKi
FN:207,221,_ZN11ForwardListIiE12remove_afterEi
FN:224,227,_ZN11ForwardListIiE5frontEv
FN:230,233,_ZNK11ForwardListIiE5frontEv
FN:236,242,_ZN11ForwardListIiE4backEv
FN:245,251,_ZNK11ForwardListIiE4backEv
FN:280,288,_ZNK11ForwardListIiE4sizeEv
FN:291,297,_ZN11ForwardListIiE5clearEv
FN:300,312,_ZNK11ForwardListIiE4findERKi
FN:315,327,_ZNK11ForwardListIiE2atEi
FN:55,55,_ZN11ForwardListIiEC2Ev
FN:58,62,_ZN11ForwardListIiEC2ESt16initializer_listIiE
FN:65,67,_ZN11ForwardListIiED2Ev
FN:70,72,_ZNK11ForwardListIiE5emptyEv
FN:75,79,_ZN11ForwardListIiE10push_frontERKi
FN:82,92,_ZN11ForwardListIiE9push_backERKi
FN:95,113,_ZN11ForwardListIiE13insert_beforeEiRKi
FNDA:6,_ZN11ForwardListIiE12insert_afterEiRKi
FNDA:6,_ZN11ForwardListIiE9pop_frontEv
FNDA:6,_ZN11ForwardListIiE8pop_backEv
FNDA:148,_ZN11ForwardListIiE4NodeC2ERKi
FNDA:6,_ZN11ForwardListIiE13remove_beforeEi
FNDA:4,_ZN11ForwardListIiE6removeERKi
FNDA:6,_ZN11ForwardListIiE12remove_afterEi
FNDA:16,_ZN11ForwardListIiE5frontEv
FNDA:2,_ZNK11ForwardListIiE5frontEv
FNDA:12,_ZN11ForwardListIiE4backEv
FNDA:2,_ZNK11ForwardListIiE4backEv
FNDA:22,_ZNK11ForwardListIiE4sizeEv
FNDA:60,_ZN11ForwardListIiE5clearEv
FNDA:4,_ZNK11ForwardListIiE4findERKi
FNDA:16,_ZNK11ForwardListIiE2atEi
FNDA:14,_ZN11ForwardListIiEC2Ev
FNDA:44,_ZN11ForwardListIiEC2ESt16initializer_listIiE
FNDA:58,_ZN11ForwardListIiED2Ev
FNDA:52,_ZNK11ForwardListIiE5emptyEv
FNDA:6,_ZN11ForwardListIiE10push_frontERKi
FNDA:138,_ZN11ForwardListIiE9push_backERKi
FNDA:8,_ZN11ForwardListIiE13insert_beforeEiRKi
FNF:22
FNH:22
DA:15,148
DA:55,14
DA:58,44
DA:59,178
DA:60,134
DA:62,44
DA:65,58
DA:66,58
DA:67,58
DA:70,52
DA:71,52
DA:75,6
DA:76,6
DA:77,6
DA:78,6
DA:79,6
DA:82,138
DA:83,138
DA:84,138
DA:85,46
DA:86,46
DA:89,92
DA:90,148
DA:91,92
DA:95,8
DA:96,8
DA:97,6
DA:98,2
DA:99,2
DA:102,4
DA:103,10
DA:104,8
DA:105,6
DA:108,2
DA:110,2
DA:111,2
DA:112,2
DA:116,6
DA:117,6
DA:119,4
DA:120,12
DA:121,10
DA:122,8
DA:125,2
DA:127,2
DA:128,2
DA:129,2
DA:130,2
DA:133,6
DA:134,6
DA:135,4
DA:136,4
DA:137,4
DA:138,4
DA:141,6
DA:142,6
DA:144,4
DA:145,2
DA:146,2
DA:147,2
DA:150,2
DA:151,4
DA:152,2
DA:155,2
DA:156,2
DA:160,6
DA:161,6
DA:163,4
DA:164,2
DA:165,2
DA:168,2
DA:169,2
DA:170,0
DA:171,0
DA:174,2
DA:176,2
DA:177,2
DA:178,2
DA:182,4
DA:183,4
DA:185,4
DA:186,2
DA:187,2
DA:188,2
DA:189,2
DA:192,2
DA:193,2
DA:195,2
DA:196,2
DA:197,2
DA:198,2
DA:199,2
DA:201,0
DA:202,0
DA:207,6
DA:208,6
DA:210,4
DA:211,12
DA:212,10
DA:213,8
DA:216,2
DA:218,2
DA:219,2
DA:220,2
DA:221,2
DA:224,16
DA:225,16
DA:226,12
DA:230,2
DA:231,2
DA:232,2
DA:236,12
DA:237,12
DA:239,8
DA:240,20
DA:241,8
DA:245,2
DA:246,2
DA:248,2
DA:249,6
DA:250,2
DA:280,22
DA:281,22
DA:282,22
DA:283,74
DA:284,52
DA:285,52
DA:287,22
DA:291,60
DA:292,252
DA:293,132
DA:294,132
DA:295,132
DA:297,60
DA:300,4
DA:301,4
DA:302,4
DA:304,12
DA:305,10
DA:306,2
DA:307,8
DA:308,8
DA:311,2
DA:315,16
DA:316,16
DA:318,14
DA:319,36
DA:320,24
DA:321,22
DA:324,12
DA:326,12
LF:151
LH:147
end_of_record
TN:
SF:/home/xxaqurm/proga/ProgrammingCourse/LaboratoryWork/Semester_3/Laboratory_3/C++/include/ds/LinkedList.hpp
FN:120,137,_ZN10LinkedListIiE12insert_afterEiRKi
FN:140,147,_ZN10LinkedListIiE9pop_frontEv
FN:150,157,_ZN10LinkedListIiE8pop_backEv
FN:160,173,_ZN10LinkedListIiE13remove_beforeEi
FN:176,201,_ZN10LinkedListIiE6removeERi
FN:204,216,_ZN10LinkedListIiE12remove_afterEi
FN:219,222,_ZN10LinkedListIiE5frontEv
FN:231,234,_ZN10LinkedListIiE4backEv
FN:267,275,_ZNK10LinkedListIiE4sizeEv
FN:278,285,_ZN10LinkedListIiE5clearEv
FN:288,301,_ZNK10LinkedListIiE2atEi
FN:304,317,_ZNK10LinkedListIiE4findERKi
FN:58,58,_ZN10LinkedListIiE4NodeC2ERKi
FN:61,61,_ZN10LinkedListIiEC2Ev
FN:64,68,_ZN10LinkedListIiEC2ESt16initializer_listIiE
FN:71,73,_ZN10LinkedListIiED2Ev
FN:76,78,_ZNK10LinkedListIiE5emptyEv
FN:81,87,_ZN10LinkedListIiE10push_frontERKi
FN:90,96,_ZN10LinkedListIiE9push_backERKi
FN:99,117,_ZN10LinkedListIiE13insert_beforeEiRKi
FNDA:4,_ZN10LinkedListIiE12insert_afterEiRKi
FNDA:6,_ZN10LinkedListIiE9pop_frontEv
FNDA:4,_ZN10LinkedListIiE8pop_backEv
FNDA:4,_ZN10LinkedListIiE13remove_beforeEi
FNDA:4,_ZN10LinkedListIiE6removeERi
FNDA:4,_ZN10LinkedListIiE12remove_afterEi
FNDA:16,_ZN10LinkedListIiE5frontEv
FNDA:10,_ZN10LinkedListIiE4backEv
FNDA:28,_ZNK10LinkedListIiE4sizeEv
FNDA:54,_ZN10LinkedListIiE5clearEv
FNDA:12,_ZNK10LinkedListIiE2atEi
FNDA:8,_ZNK10LinkedListIiE4findERKi
FNDA:116,_ZN10LinkedListIiE4NodeC2ERKi
FNDA:14,_ZN10LinkedListIiEC2Ev
FNDA:38,_ZN10LinkedListIiEC2ESt16initializer_listIiE
FNDA:52,_ZN10LinkedListIiED2Ev
FNDA:42,_ZNK10LinkedListIiE5emptyEv
FNDA:6,_ZN10LinkedListIiE10push_frontERKi
FNDA:106,_ZN10LinkedListIiE9push_backERKi
FNDA:6,_ZN10LinkedListIiE13insert_beforeEiRKi
FNF:20
FNH:20
DA:58,116
DA:61,14
DA:64,38
DA:65,134
DA:66,96
DA:68,38
DA:71,52
DA:72,52
DA:73,52
DA:76,42
DA:77,42
DA:81,6
DA:82,6
DA:83,6
DA:84,6
DA:85,6
DA:86,6
DA:87,6
DA:90,106
DA:91,106
DA:92,106
DA:93,106
DA:94,106
DA:95,106
DA:96,106
DA:99,6
DA:100,6
DA:101,6
DA:102,2
DA:103,2
DA:106,4
DA:107,10
DA:108,8
DA:109,6
DA:112,2
DA:113,2
DA:114,2
DA:115,2
DA:116,2
DA:120,4
DA:121,4
DA:123,4
DA:124,8
DA:125,6
DA:126,4
DA:129,2
DA:131,2
DA:132,2
DA:133,2
DA:134,2
DA:135,2
DA:136,2
DA:137,2
DA:140,6
DA:141,6
DA:142,4
DA:143,4
DA:144,4
DA:145,0
DA:146,4
DA:147,4
DA:150,4
DA:151,4
DA:152,2
DA:153,2
DA:154,2
DA:155,0
DA:156,2
DA:157,2
DA:160,4
DA:161,4
DA:162,2
DA:163,6
DA:164,4
DA:165,4
DA:167,2
DA:168,2
DA:169,2
DA:170,2
DA:171,2
DA:172,2
DA:173,2
DA:176,4
DA:177,4
DA:179,4
DA:180,2
DA:181,2
DA:184,2
DA:186,2
DA:187,2
DA:188,2
DA:189,2
DA:191,2
DA:192,2
DA:194,2
DA:196,2
DA:197,2
DA:199,0
DA:204,4
DA:205,4
DA:206,4
DA:207,0
DA:208,0
DA:210,4
DA:211,2
DA:212,2
DA:213,2
DA:214,2
DA:215,2
DA:216,2
DA:219,16
DA:220,16
DA:221,14
DA:231,10
DA:232,10
DA:233,10
DA:267,28
DA:268,28
DA:269,28
DA:270,88
DA:271,60
DA:272,60
DA:274,28
DA:278,54
DA:279,212
DA:280,104
DA:281,104
DA:282,104
DA:284,54
DA:285,54
DA:288,12
DA:289,12
DA:291,12
DA:292,12
DA:294,28
DA:295,26
DA:296,16
DA:297,16
DA:300,2
DA:304,8
DA:305,8
DA:306,8
DA:308,24
DA:309,20
DA:310,4
DA:312,16
DA:313,16
DA:316,4
LF:148
LH:143
end_of_record
TN:
SF:/home/xxaqurm/proga/ProgrammingCourse/LaboratoryWork/Semester_3/Laboratory_3/C++/include/ds/Queue.hpp
FN:111,114,_ZN5QueueIiE4backEv
FN:123,125,_ZNK5QueueIiE5emptyEv
FN:128,130,_ZNK5QueueIiE4sizeEv
FN:13,13,_ZN5QueueIiE4NodeC2ERKi
FN:133,141,_ZN5QueueIiE5clearEv
FN:34,36,_ZN5QueueIiE9push_backERKi
FN:38,40,_ZN5QueueIiE6removeERKi
FN:48,50,_ZNK5QueueIiE2atEi
FN:53,53,_ZN5QueueIiEC2Ev
FN:56,58,_ZN5QueueIiED2Ev
FN:61,74,_ZNK5QueueIiE4findERKi
FN:77,86,_ZN5QueueIiE7enqueueERKi
FN:89,96,_ZN5QueueIiE7dequeueEv
FN:99,102,_ZN5QueueIiE5frontEv
FNDA:10,_ZN5QueueIiE4backEv
FNDA:44,_ZNK5QueueIiE5emptyEv
FNDA:18,_ZNK5QueueIiE4sizeEv
FNDA:40,_ZN5QueueIiE4NodeC2ERKi
FNDA:28,_ZN5QueueIiE5clearEv
FNDA:4,_ZN5QueueIiE9push_backERKi
FNDA:2,_ZN5QueueIiE6removeERKi
FNDA:2,_ZNK5QueueIiE2atEi
FNDA:26,_ZN5QueueIiEC2Ev
FNDA:26,_ZN5QueueIiED2Ev
FNDA:6,_ZNK5QueueIiE4findERKi
FNDA:40,_ZN5QueueIiE7enqueueERKi
FNDA:10,_ZN5QueueIiE7dequeueEv
FNDA:14,_ZN5QueueIiE5frontEv
FNF:14
FNH:14
DA:13,40
DA:34,4
DA:35,4
DA:36,4
DA:38,2
DA:39,2
DA:40,2
DA:48,2
DA:49,2
DA:53,26
DA:56,26
DA:57,26
DA:58,26
DA:61,6
DA:62,6
DA:63,6
DA:65,18
DA:66,16
DA:67,4
DA:69,12
DA:70,12
DA:73,2
DA:77,40
DA:78,40
DA:79,40
DA:80,20
DA:82,20
DA:83,20
DA:85,40
DA:86,40
DA:89,10
DA:90,10
DA:91,8
DA:92,8
DA:93,8
DA:94,8
DA:95,8
DA:96,8
DA:99,14
DA:100,14
DA:101,10
DA:111,10
DA:112,10
DA:113,6
DA:123,44
DA:124,44
DA:128,18
DA:129,18
DA:133,28
DA:134,88
DA:135,32
DA:136,32
DA:137,32
DA:139,28
DA:140,28
DA:141,28
LF:56
LH:56
end_of_record
TN:
SF:/home/xxaqurm/proga/ProgrammingCourse/LaboratoryWork/Semester_3/Laboratory_3/C++/include/ds/Stack.hpp
FN:103,106,_ZN5StackIiE3topEv
FN:115,117,_ZNK5StackIiE5emptyEv
FN:120,122,_ZNK5StackIiE4sizeEv
FN:125,132,_ZN5StackIiE5clearEv
FN:13,13,_ZN5StackIiE4NodeC2ERKi
FN:31,33,_ZN5StackIiE9push_backERKi
FN:35,37,_ZN5StackIiE6removeERKi
FN:45,59,_ZNK5StackIiE2atEi
FN:62,75,_ZNK5StackIiE4findERKi
FN:78,78,_ZN5StackIiEC2Ev
FN:81,83,_ZN5StackIiED2Ev
FN:86,91,_ZN5StackIiE4pushERKi
FN:94,100,_ZN5StackIiE3popEv
FNDA:422,_ZN5StackIiE3topEv
FNDA:658,_ZNK5StackIiE5emptyEv
FNDA:22,_ZNK5StackIiE4sizeEv
FNDA:26,_ZN5StackIiE5clearEv
FNDA:230,_ZN5StackIiE4NodeC2ERKi
FNDA:2,_ZN5StackIiE9push_backERKi
FNDA:2,_ZN5StackIiE6removeERKi
FNDA:2,_ZNK5StackIiE2atEi
FNDA:2,_ZNK5StackIiE4findERKi
FNDA:22,_ZN5StackIiEC2Ev
FNDA:22,_ZN5StackIiED2Ev
FNDA:230,_ZN5StackIiE4pushERKi
FNDA:220,_ZN5StackIiE3popEv
FNF:13
FNH:13
DA:13,230
DA:31,2
DA:32,2
DA:33,2
DA:35,2
DA:36,2
DA:37,2
DA:45,2
DA:46,2
DA:47,0
DA:49,2
DA:50,2
DA:51,2
DA:52,2
DA:53,2
DA:54,0
DA:55,0
DA:58,0
DA:62,2
DA:63,2
DA:64,2
DA:66,2
DA:67,2
DA:68,2
DA:70,0
DA:71,0
DA:74,0
DA:78,22
DA:81,22
DA:82,22
DA:83,22
DA:86,230
DA:87,230
DA:88,230
DA:89,230
DA:90,230
DA:91,230
DA:94,220
DA:95,220
DA:96,216
DA:97,216
DA:98,216
DA:99,216
DA:100,216
DA:103,422
DA:104,422
DA:105,418
DA:115,658
DA:116,658
DA:120,22
DA:121,22
DA:125,26
DA:126,66
DA:127,14
DA:128,14
DA:129,14
DA:131,26
DA:132,26
LF:58
LH:51
end_of_record
TN:
SF:/home/xxaqurm/proga/ProgrammingCourse/LaboratoryWork/Semester_3/Laboratory_3/C++/include/hash/DoubleHashingHashTable.hpp
FN:121,132,_ZNK16DoubleHashingSetINSt7__cxx1112basic_stringIcSt11char_traitsIcESaIcEEEE8containsERKS5_
FN:121,132,_ZNK16DoubleHashingSetIiE8containsERKi
FN:135,150,_ZN16DoubleHashingSetINSt7__cxx1112basic_stringIcSt11char_traitsIcESaIcEEEE6removeERKS5_
FN:135,150,_ZN16DoubleHashingSetIiE6removeERKi
FN:168,170,_ZNK16DoubleHashingSetIiE4sizeEv
FN:173,175,_ZNK16DoubleHashingSetIiE11getCapacityEv
FN:44,44,_ZN16DoubleHashingSetINSt7__cxx1112basic_stringIcSt11char_traitsIcESaIcEEEEC2Em
FN:44,44,_ZN16DoubleHashingSetIiEC2Em
FN:47,60,_ZNK16DoubleHashingSetINSt7__cxx1112basic_stringIcSt11char_traitsIcESaIcEEEE5hash1ERKS5_
FN:47,60,_ZNK16DoubleHashingSetIiE5hash1ERKi
FN:63,75,_ZNK16DoubleHashingSetINSt7__cxx1112basic_stringIcSt11char_traitsIcESaIcEEEE5hash2ERKS5_
FN:63,75,_ZNK16DoubleHashingSetIiE5hash2ERKi
FN:78,80,_ZNK16DoubleHashingSetINSt7__cxx1112basic_stringIcSt11char_traitsIcESaIcEEEE5probeERKS5_m
FN:78,80,_ZNK16DoubleHashingSetIiE5probeERKim
FN:83,94,_ZN16DoubleHashingSetINSt7__cxx1112basic_stringIcSt11char_traitsIcESaIcEEEE6resizeEm
FN:83,94,_ZN16DoubleHashingSetIiE6resizeEm
FN:97,118,_ZN16DoubleHashingSetINSt7__cxx1112basic_stringIcSt11char_traitsIcESaIcEEEE6insertERKS5_
FN:97,118,_ZN16DoubleHashingSetIiE6insertERKi
FNDA:12,_ZNK16DoubleHashingSetINSt7__cxx1112basic_stringIcSt11char_traitsIcESaIcEEEE8containsERKS5_
FNDA:26,_ZNK16DoubleHashingSetIiE8containsERKi
FNDA:2,_ZN16DoubleHashingSetINSt7__cxx1112basic_stringIcSt11char_traitsIcESaIcEEEE6removeERKS5_
FNDA:6,_ZN16DoubleHashingSetIiE6removeERKi
FNDA:2,_ZNK16DoubleHashingSetIiE4sizeEv
FNDA:2,_ZNK16DoubleHashingSetIiE11getCapacityEv
FNDA:4,_ZN16DoubleHashingSetINSt7__cxx1112basic_stringIcSt11char_traitsIcESaIcEEEEC2Em
FNDA:12,_ZN16DoubleHashingSetIiEC2Em
FNDA:28,_ZNK16DoubleHashingSetINSt7__cxx1112basic_stringIcSt11char_traitsIcESaIcEEEE5hash1ERKS5_
FNDA:92,_ZNK16DoubleHashingSetIiE5hash1ERKi
FNDA:28,_ZNK16DoubleHashingSetINSt7__cxx1112basic_stringIcSt11char_traitsIcESaIcEEEE5hash2ERKS5_
FNDA:92,_ZNK16DoubleHashingSetIiE5hash2ERKi
FNDA:28,_ZNK16DoubleHashingSetINSt7__cxx1112basic_stringIcSt11char_traitsIcESaIcEEEE5probeERKS5_m
FNDA:92,_ZNK16DoubleHashingSetIiE5probeERKim
FNDA:0,_ZN16DoubleHashingSetINSt7__cxx1112basic_stringIcSt11char_traitsIcESaIcEEEE6resizeEm
FNDA:2,_ZN16DoubleHashingSetIiE6resizeEm
FNDA:10,_ZN16DoubleHashingSetINSt7__cxx1112basic_stringIcSt11char_traitsIcESaIcEEEE6insertERKS5_
FNDA:36,_ZN16DoubleHashingSetIiE6insertERKi
FNF:18
FNH:17
DA:44,16
DA:47,120
DA:48,120
DA:50,92
DA:51,92
DA:53,28
DA:54,122
DA:55,94
DA:57,28
DA:59,120
DA:63,120
DA:64,120
DA:66,92
DA:67,92
DA:69,28
DA:70,122
DA:71,94
DA:74,120
DA:78,120
DA:79,120
DA:83,2
DA:84,2
DA:85,2
DA:86,2
DA:87,2
DA:89,2
DA:90,0
DA:91,0
DA:94,2
DA:97,46
DA:98,46
DA:99,2
DA:102,46
DA:105,56
DA:106,56
DA:107,44
DA:108,44
DA:109,44
DA:110,44
DA:111,12
DA:112,2
DA:114,10
DA:115,10
DA:117,0
DA:121,38
DA:122,38
DA:125,56
DA:126,56
DA:127,46
DA:128,18
DA:129,18
DA:131,0
DA:135,8
DA:136,8
DA:139,8
DA:140,8
DA:141,6
DA:142,6
DA:143,6
DA:144,6
DA:146,0
DA:147,0
DA:149,0
DA:168,2
DA:169,2
DA:173,2
DA:174,2
LF:67
LH:60
end_of_record
TN:
SF:/home/xxaqurm/proga/ProgrammingCourse/LaboratoryWork/Semester_3/Laboratory_3/C++/include/hash/LinearProbingHashTable.hpp
FN:101,116,_ZN20LinearProbingHashMapIiiE6removeERKi
FN:119,132,_ZNK20LinearProbingHashMapIiiE8containsERKi
FN:135,137,_ZNK20LinearProbingHashMapIiiE4sizeEv
FN:140,142,_ZNK20LinearProbingHashMapIiiE7isEmptyEv
FN:20,20,_ZN20LinearProbingHashMapIiiE8HashNodeC2Ev
FN:21,21,_ZN20LinearProbingHashMapIiiE8HashNodeC2ERKiS3_
FN:45,63,_ZNK20LinearProbingHashMapIiiE3getERKi
FN:66,68,_ZN20LinearProbingHashMapIiiEC2Em
FN:71,73,_ZN20LinearProbingHashMapIiiED2Ev
FN:76,78,_ZNK20LinearProbingHashMapIiiE8hashCodeERKi
FN:81,98,_ZN20LinearProbingHashMapIiiE6insertERKiS2_
FNDA:8,_ZN20LinearProbingHashMapIiiE6removeERKi
FNDA:14,_ZNK20LinearProbingHashMapIiiE8containsERKi
FNDA:16,_ZNK20LinearProbingHashMapIiiE4sizeEv
FNDA:8,_ZNK20LinearProbingHashMapIiiE7isEmptyEv
FNDA:376,_ZN20LinearProbingHashMapIiiE8HashNodeC2Ev
FNDA:32,_ZN20LinearProbingHashMapIiiE8HashNodeC2ERKiS3_
FNDA:16,_ZNK20LinearProbingHashMapIiiE3getERKi
FNDA:22,_ZN20LinearProbingHashMapIiiEC2Em
FNDA:22,_ZN20LinearProbingHashMapIiiED2Ev
FNDA:74,_ZNK20LinearProbingHashMapIiiE8hashCodeERKi
FNDA:36,_ZN20LinearProbingHashMapIiiE6insertERKiS2_
FNF:11
FNH:11
DA:20,376
DA:21,32
DA:45,16
DA:46,16
DA:47,16
DA:50,18
DA:51,14
DA:54,4
DA:55,2
DA:58,2
DA:60,2
DA:62,0
DA:66,22
DA:67,398
DA:68,22
DA:71,22
DA:72,22
DA:73,22
DA:76,74
DA:77,74
DA:81,36
DA:82,36
DA:83,36
DA:86,42
DA:87,32
DA:88,32
DA:89,32
DA:90,10
DA:91,2
DA:92,2
DA:94,8
DA:95,8
DA:97,2
DA:101,8
DA:102,8
DA:103,8
DA:106,8
DA:107,6
DA:108,6
DA:109,6
DA:111,2
DA:112,0
DA:113,0
DA:115,0
DA:119,14
DA:120,14
DA:121,14
DA:124,20
DA:125,8
DA:127,12
DA:128,6
DA:129,6
DA:131,0
DA:135,16
DA:136,16
DA:140,8
DA:141,8
LF:57
LH:52
end_of_record
TN:
SF:/home/xxaqurm/proga/ProgrammingCourse/LaboratoryWork/Semester_3/Laboratory_3/C++/include/hash/SeparateChainingHashTable.hpp
FN:109,128,_ZN23SeparateChainingHashMapIiNSt7__cxx1112basic_stringIcSt11char_traitsIcESaIcEEEE6rehashEv
FN:109,128,_ZN23SeparateChainingHashMapIiiE6rehashEv
FN:131,151,_ZN23SeparateChainingHashMapIiNSt7__cxx1112basic_stringIcSt11char_traitsIcESaIcEEEE3putERKiRKS5_
FN:131,151,_ZN23SeparateChainingHashMapIiiE3putERKiS2_
FN:15,15,_ZN23SeparateChainingHashMapIiNSt7__cxx1112basic_stringIcSt11char_traitsIcESaIcEEEE4NodeC2ERKiRKS5_
FN:15,15,_ZN23SeparateChainingHashMapIiiE4NodeC2ERKiS3_
FN:154,172,_ZN23SeparateChainingHashMapIiNSt7__cxx1112basic_stringIcSt11char_traitsIcESaIcEEEE6removeERKi
FN:175,185,_ZNK23SeparateChainingHashMapIiiE5itemsEv
FN:188,200,_ZN23SeparateChainingHashMapIiNSt7__cxx1112basic_stringIcSt11char_traitsIcESaIcEEEE3getERKi
FN:188,200,_ZN23SeparateChainingHashMapIiiE3getERKi
FN:218,220,_ZNK23SeparateChainingHashMapIiNSt7__cxx1112basic_stringIcSt11char_traitsIcESaIcEEEE5emptyEv
FN:218,220,_ZNK23SeparateChainingHashMapIiiE5emptyEv
FN:223,242,_ZN23SeparateChainingHashMapIiNSt7__cxx1112basic_stringIcSt11char_traitsIcESaIcEEEEaSERKS6_
FN:28,29,_ZN23SeparateChainingHashMapIiNSt7__cxx1112basic_stringIcSt11char_traitsIcESaIcEEEEC2Em
FN:28,29,_ZN23SeparateChainingHashMapIiiEC2Em
FN:49,59,_ZNK23SeparateChainingHashMapIiNSt7__cxx1112basic_stringIcSt11char_traitsIcESaIcEEEE8containsERKi
FN:62,73,_ZN23SeparateChainingHashMapIiNSt7__cxx1112basic_stringIcSt11char_traitsIcESaIcEEEEC2ERKS6_
FN:76,78,_ZN23SeparateChainingHashMapIiNSt7__cxx1112basic_stringIcSt11char_traitsIcESaIcEEEED2Ev
FN:76,78,_ZN23SeparateChainingHashMapIiiED2Ev
FN:81,91,_ZN23SeparateChainingHashMapIiNSt7__cxx1112basic_stringIcSt11char_traitsIcESaIcEEEE5clearEv
FN:81,91,_ZN23SeparateChainingHashMapIiiE5clearEv
FN:94,106,_ZNK23SeparateChainingHashMapIiNSt7__cxx1112basic_stringIcSt11char_traitsIcESaIcEEEE4hashERKi
FN:94,106,_ZNK23SeparateChainingHashMapIiiE4hashERKi
FNDA:0,_ZN23SeparateChainingHashMapIiNSt7__cxx1112basic_stringIcSt11char_traitsIcESaIcEEEE6rehashEv
FNDA:2,_ZN23SeparateChainingHashMapIiiE6rehashEv
FNDA:26,_ZN23SeparateChainingHashMapIiNSt7__cxx1112basic_stringIcSt11char_traitsIcESaIcEEEE3putERKiRKS5_
FNDA:16,_ZN23SeparateChainingHashMapIiiE3putERKiS2_
FNDA:26,_ZN23SeparateChainingHashMapIiNSt7__cxx1112basic_stringIcSt11char_traitsIcESaIcEEEE4NodeC2ERKiRKS5_
FNDA:16,_ZN23SeparateChainingHashMapIiiE4NodeC2ERKiS3_
FNDA:2,_ZN23SeparateChainingHashMapIiNSt7__cxx1112basic_stringIcSt11char_traitsIcESaIcEEEE6removeERKi
FNDA:2,_ZNK23SeparateChainingHashMapIiiE5itemsEv
FNDA:16,_ZN23SeparateChainingHashMapIiNSt7__cxx1112basic_stringIcSt11char_traitsIcESaIcEEEE3getERKi
FNDA:8,_ZN23SeparateChainingHashMapIiiE3getERKi
FNDA:4,_ZNK23SeparateChainingHashMapIiNSt7__cxx1112basic_stringIcSt11char_traitsIcESaIcEEEE5emptyEv
FNDA:2,_ZNK23SeparateChainingHashMapIiiE5emptyEv
FNDA:2,_ZN23SeparateChainingHashMapIiNSt7__cxx1112basic_stringIcSt11char_traitsIcESaIcEEEEaSERKS6_
FNDA:16,_ZN23SeparateChainingHashMapIiNSt7__cxx1112basic_stringIcSt11char_traitsIcESaIcEEEEC2Em
FNDA:8,_ZN23SeparateChainingHashMapIiiEC2Em
FNDA:8,_ZNK23SeparateChainingHashMapIiNSt7__cxx1112basic_stringIcSt11char_traitsIcESaIcEEEE8containsERKi
FNDA:2,_ZN23SeparateChainingHashMapIiNSt7__cxx1112basic_stringIcSt11char_traitsIcESaIcEEEEC2ERKS6_
FNDA:18,_ZN23SeparateChainingHashMapIiNSt7__cxx1112basic_stringIcSt11char_traitsIcESaIcEEEED2Ev
FNDA:8,_ZN23SeparateChainingHashMapIiiED2Ev
FNDA:20,_ZN23SeparateChainingHashMapIiNSt7__cxx1112basic_stringIcSt11char_traitsIcESaIcEEEE5clearEv
FNDA:10,_ZN23SeparateChainingHashMapIiiE5clearEv
FNDA:52,_ZNK23SeparateChainingHashMapIiNSt7__cxx1112basic_stringIcSt11char_traitsIcESaIcEEEE4hashERKi
FNDA:28,_ZNK23SeparateChainingHashMapIiiE4hashERKi
FNF:23
FNH:22
DA:15,42
DA:28,24
DA:29,48
DA:49,8
DA:50,8
DA:51,8
DA:52,8
DA:53,4
DA:54,4
DA:56,0
DA:58,4
DA:62,2
DA:63,4
DA:64,24
DA:65,22
DA:66,22
DA:67,26
DA:68,4
DA:69,4
DA:70,4
DA:73,2
DA:76,26
DA:77,26
DA:78,26
DA:81,30
DA:82,352
DA:83,362
DA:84,40
DA:85,40
DA:86,40
DA:89,30
DA:90,30
DA:91,30
DA:94,80
DA:96,80
DA:109,2
DA:110,2
DA:111,2
DA:113,2
DA:115,8
DA:116,6
DA:117,10
DA:118,4
DA:119,4
DA:121,4
DA:122,4
DA:123,4
DA:127,2
DA:128,2
DA:131,42
DA:132,42
DA:133,2
DA:136,42
DA:137,42
DA:138,42
DA:139,6
DA:140,6
DA:141,6
DA:144,0
DA:147,36
DA:148,36
DA:149,36
DA:150,36
DA:154,2
DA:155,2
DA:156,2
DA:157,2
DA:158,2
DA:159,2
DA:160,2
DA:161,0
DA:163,2
DA:165,2
DA:166,2
DA:167,2
DA:169,0
DA:170,0
DA:175,2
DA:176,2
DA:177,24
DA:178,22
DA:179,26
DA:180,4
DA:181,4
DA:184,2
DA:185,0
DA:188,24
DA:189,24
DA:191,24
DA:192,24
DA:193,22
DA:194,22
DA:196,0
DA:199,2
DA:218,6
DA:219,6
DA:223,2
DA:224,2
DA:225,0
DA:227,2
DA:228,2
DA:229,2
DA:230,2
DA:232,24
DA:233,22
DA:234,22
DA:235,24
DA:236,2
DA:237,2
DA:238,2
DA:241,2
LF:111
LH:103
end_of_record
TN:
SF:/home/xxaqurm/proga/ProgrammingCourse/LaboratoryWork/Semester_3/Laboratory_3/C++/tests/array_test.cpp
FN:101,105,_ZN23ArrayTest_FindTest_Test8TestBodyEv
FN:101,105,_ZN23ArrayTest_FindTest_TestC2Ev
FN:101,105,_ZN23ArrayTest_FindTest_TestD0Ev
FN:101,105,_ZN23ArrayTest_FindTest_TestD2Ev
FN:107,112,_ZN25ArrayTest_RemoveTest_Test8TestBodyEv
FN:107,112,_ZN25ArrayTest_RemoveTest_TestC2Ev
FN:107,112,_ZN25ArrayTest_RemoveTest_TestD0Ev
FN:107,112,_ZN25ArrayTest_RemoveTest_TestD2Ev
FN:11,11,_ZN38ArrayTest_ConstructorWithCapacity_Test8TestBodyEv
FN:11,11,_ZN38ArrayTest_ConstructorWithCapacity_TestC2Ev
FN:11,11,_ZN38ArrayTest_ConstructorWithCapacity_TestD0Ev
FN:11,11,_ZN38ArrayTest_ConstructorWithCapacity_TestD2Ev
FN:114,114,_ZN33ArrayTest_AssignmentOperator_Test8TestBodyEv
FN:114,114,_ZN33ArrayTest_AssignmentOperator_TestC2Ev
FN:114,114,_ZN33ArrayTest_AssignmentOperator_TestD0Ev
FN:114,114,_ZN33ArrayTest_AssignmentOperator_TestD2Ev
FN:17,17,_ZN42ArrayTest_ConstructorWithSizeAndValue_Test8TestBodyEv
FN:17,17,_ZN42ArrayTest_ConstructorWithSizeAndValue_TestC2Ev
FN:17,17,_ZN42ArrayTest_ConstructorWithSizeAndValue_TestD0Ev
FN:17,17,_ZN42ArrayTest_ConstructorWithSizeAndValue_TestD2Ev
FN:23,23,_ZN41ArrayTest_InitializerListConstructor_Test8TestBodyEv
FN:23,23,_ZN41ArrayTest_InitializerListConstructor_TestC2Ev
FN:23,23,_ZN41ArrayTest_InitializerListConstructor_TestD0Ev
FN:23,23,_ZN41ArrayTest_InitializerListConstructor_TestD2Ev
FN:31,31,_ZN30ArrayTest_CopyConstructor_Test8TestBodyEv
FN:31,31,_ZN30ArrayTest_CopyConstructor_TestC2Ev
FN:31,31,_ZN30ArrayTest_CopyConstructor_TestD0Ev
FN:31,31,_ZN30ArrayTest_CopyConstructor_TestD2Ev
FN:4,4,_ZN33ArrayTest_DefaultConstructor_Test8TestBodyEv
FN:4,4,_ZN33ArrayTest_DefaultConstructor_TestC2Ev
FN:4,4,_ZN33ArrayTest_DefaultConstructor_TestD0Ev
FN:4,4,_ZN33ArrayTest_DefaultConstructor_TestD2Ev
FN:42,42,_ZN24ArrayTest_FrontBack_Test8TestBodyEv
FN:42,42,_ZN24ArrayTest_FrontBack_TestC2Ev
FN:42,42,_ZN24ArrayTest_FrontBack_TestD0Ev
FN:42,42,_ZN24ArrayTest_FrontBack_TestD2Ev
FN:48,48,_ZN23ArrayTest_AtMethod_Test8TestBodyEv
FN:48,48,_ZN23ArrayTest_AtMethod_TestC2Ev
FN:48,48,_ZN23ArrayTest_AtMethod_TestD0Ev
FN:48,48,_ZN23ArrayTest_AtMethod_TestD2Ev
FN:54,54,_ZN23ArrayTest_PushBack_Test8TestBodyEv
FN:54,54,_ZN23ArrayTest_PushBack_TestC2Ev
FN:54,54,_ZN23ArrayTest_PushBack_TestD0Ev
FN:54,54,_ZN23ArrayTest_PushBack_TestD2Ev
FN:61,61,_ZN22ArrayTest_PopBack_Test8TestBodyEv
FN:61,61,_ZN22ArrayTest_PopBack_TestC2Ev
FN:61,61,_ZN22ArrayTest_PopBack_TestD0Ev
FN:61,61,_ZN22ArrayTest_PopBack_TestD2Ev
FN:68,68,_ZN27ArrayTest_ResizeToLeft_Test8TestBodyEv
FN:68,68,_ZN27ArrayTest_ResizeToLeft_TestC2Ev
FN:68,68,_ZN27ArrayTest_ResizeToLeft_TestD0Ev
FN:68,68,_ZN27ArrayTest_ResizeToLeft_TestD2Ev
FN:82,89,_ZN25ArrayTest_InsertTest_Test8TestBodyEv
FN:82,89,_ZN25ArrayTest_InsertTest_TestC2Ev
FN:82,89,_ZN25ArrayTest_InsertTest_TestD0Ev
FN:82,89,_ZN25ArrayTest_InsertTest_TestD2Ev
FN:91,99,_ZN24ArrayTest_EraseTest_Test8TestBodyEv
FN:91,99,_ZN24ArrayTest_EraseTest_TestC2Ev
FN:91,99,_ZN24ArrayTest_EraseTest_TestD0Ev
FN:91,99,_ZN24ArrayTest_EraseTest_TestD2Ev
FNDA:2,_ZN23ArrayTest_FindTest_Test8TestBodyEv
FNDA:2,_ZN23ArrayTest_FindTest_TestC2Ev
FNDA:2,_ZN23ArrayTest_FindTest_TestD0Ev
FNDA:2,_ZN23ArrayTest_FindTest_TestD2Ev
FNDA:2,_ZN25ArrayTest_RemoveTest_Test8TestBodyEv
FNDA:2,_ZN25ArrayTest_RemoveTest_TestC2Ev
FNDA:2,_ZN25ArrayTest_RemoveTest_TestD0Ev
FNDA:2,_ZN25ArrayTest_RemoveTest_TestD2Ev
FNDA:2,_ZN38ArrayTest_ConstructorWithCapacity_Test8TestBodyEv
FNDA:2,_ZN38ArrayTest_ConstructorWithCapacity_TestC2Ev
FNDA:2,_ZN38ArrayTest_ConstructorWithCapacity_TestD0Ev
FNDA:2,_ZN38ArrayTest_ConstructorWithCapacity_TestD2Ev
FNDA:2,_ZN33ArrayTest_AssignmentOperator_Test8TestBodyEv
FNDA:2,_ZN33ArrayTest_AssignmentOperator_TestC2Ev
FNDA:2,_ZN33ArrayTest_AssignmentOperator_TestD0Ev
FNDA:2,_ZN33ArrayTest_AssignmentOperator_TestD2Ev
FNDA:2,_ZN42ArrayTest_ConstructorWithSizeAndValue_Test8TestBodyEv
FNDA:2,_ZN42ArrayTest_ConstructorWithSizeAndValue_TestC2Ev
FNDA:2,_ZN42ArrayTest_ConstructorWithSizeAndValue_TestD0Ev
FNDA:2,_ZN42ArrayTest_ConstructorWithSizeAndValue_TestD2Ev
FNDA:2,_ZN41ArrayTest_InitializerListConstructor_Test8TestBodyEv
FNDA:2,_ZN41ArrayTest_InitializerListConstructor_TestC2Ev
FNDA:2,_ZN41ArrayTest_InitializerListConstructor_TestD0Ev
FNDA:2,_ZN41ArrayTest_InitializerListConstructor_TestD2Ev
FNDA:2,_ZN30ArrayTest_CopyConstructor_Test8TestBodyEv
FNDA:2,_ZN30ArrayTest_CopyConstructor_TestC2Ev
FNDA:2,_ZN30ArrayTest_CopyConstructor_TestD0Ev
FNDA:2,_ZN30ArrayTest_CopyConstructor_TestD2Ev
FNDA:2,_ZN33ArrayTest_DefaultConstructor_Test8TestBodyEv
FNDA:2,_ZN33ArrayTest_DefaultConstructor_TestC2Ev
FNDA:2,_ZN33ArrayTest_DefaultConstructor_TestD0Ev
FNDA:2,_ZN33ArrayTest_DefaultConstructor_TestD2Ev
FNDA:2,_ZN24ArrayTest_FrontBack_Test8TestBodyEv
FNDA:2,_ZN24ArrayTest_FrontBack_TestC2Ev
FNDA:2,_ZN24ArrayTest_FrontBack_TestD0Ev
FNDA:2,_ZN24ArrayTest_FrontBack_TestD2Ev
FNDA:2,_ZN23ArrayTest_AtMethod_Test8TestBodyEv
FNDA:2,_ZN23ArrayTest_AtMethod_TestC2Ev
FNDA:2,_ZN23ArrayTest_AtMethod_TestD0Ev
FNDA:2,_ZN23ArrayTest_AtMethod_TestD2Ev
FNDA:2,_ZN23ArrayTest_PushBack_Test8TestBodyEv
FNDA:2,_ZN23ArrayTest_PushBack_TestC2Ev
FNDA:2,_ZN23ArrayTest_PushBack_TestD0Ev
FNDA:2,_ZN23ArrayTest_PushBack_TestD2Ev
FNDA:2,_ZN22ArrayTest_PopBack_Test8TestBodyEv
FNDA:2,_ZN22ArrayTest_PopBack_TestC2Ev
FNDA:2,_ZN22ArrayTest_PopBack_TestD0Ev
FNDA:2,_ZN22ArrayTest_PopBack_TestD2Ev
FNDA:2,_ZN27ArrayTest_ResizeToLeft_Test8TestBodyEv
FNDA:2,_ZN27ArrayTest_ResizeToLeft_TestC2Ev
FNDA:2,_ZN27ArrayTest_ResizeToLeft_TestD0Ev
FNDA:2,_ZN27ArrayTest_ResizeToLeft_TestD2Ev
FNDA:2,_ZN25ArrayTest_InsertTest_Test8TestBodyEv
FNDA:2,_ZN25ArrayTest_InsertTest_TestC2Ev
FNDA:2,_ZN25ArrayTest_InsertTest_TestD0Ev
FNDA:2,_ZN25ArrayTest_InsertTest_TestD2Ev
FNDA:2,_ZN24ArrayTest_EraseTest_Test8TestBodyEv
FNDA:2,_ZN24ArrayTest_EraseTest_TestC2Ev
FNDA:2,_ZN24ArrayTest_EraseTest_TestD0Ev
FNDA:2,_ZN24ArrayTest_EraseTest_TestD2Ev
FNF:60
FNH:60
DA:4,8
DA:5,2
DA:6,2
DA:7,2
DA:8,2
DA:9,2
DA:11,8
DA:12,2
DA:13,2
DA:14,2
DA:15,2
DA:17,8
DA:18,2
DA:19,2
DA:20,12
DA:21,2
DA:23,8
DA:24,2
DA:25,2
DA:26,2
DA:27,2
DA:28,2
DA:29,2
DA:31,8
DA:32,2
DA:33,2
DA:35,2
DA:36,2
DA:38,2
DA:39,2
DA:40,2
DA:42,8
DA:43,2
DA:44,2
DA:45,2
DA:46,2
DA:48,8
DA:49,2
DA:50,2
DA:51,2
DA:52,2
DA:54,8
DA:55,2
DA:56,2
DA:57,2
DA:58,2
DA:59,2
DA:61,8
DA:62,2
DA:63,2
DA:64,2
DA:65,2
DA:66,2
DA:68,8
DA:69,2
DA:71,44
DA:72,2
DA:73,2
DA:74,2
DA:75,24
DA:77,2
DA:78,2
DA:79,2
DA:80,2
DA:82,8
DA:83,2
DA:84,2
DA:86,2
DA:87,2
DA:88,2
DA:89,2
DA:91,8
DA:92,2
DA:93,2
DA:95,2
DA:96,2
DA:98,2
DA:99,2
DA:101,8
DA:102,2
DA:103,2
DA:104,2
DA:105,2
DA:107,8
DA:108,2
DA:109,2
DA:110,2
DA:111,2
DA:112,2
DA:114,8
DA:115,2
DA:116,2
DA:117,2
DA:119,2
DA:120,2
DA:122,2
DA:123,2
DA:124,2
LF:98
LH:98
end_of_record
TN:
SF:/home/xxaqurm/proga/ProgrammingCourse/LaboratoryWork/Semester_3/Laboratory_3/C++/tests/avl_tree_test.cpp
FN:12,12,_ZN47AVLTreeTest_InsertMultipleElementsBalanced_Test8TestBodyEv
FN:12,12,_ZN47AVLTreeTest_InsertMultipleElementsBalanced_TestC2Ev
FN:12,12,_ZN47AVLTreeTest_InsertMultipleElementsBalanced_TestD0Ev
FN:12,12,_ZN47AVLTreeTest_InsertMultipleElementsBalanced_TestD2Ev
FN:26,26,_ZN36AVLTreeTest_ContainsOnEmptyTree_Test8TestBodyEv
FN:26,26,_ZN36AVLTreeTest_ContainsOnEmptyTree_TestC2Ev
FN:26,26,_ZN36AVLTreeTest_ContainsOnEmptyTree_TestD0Ev
FN:26,26,_ZN36AVLTreeTest_ContainsOnEmptyTree_TestD2Ev
FN:33,45,_ZN31AVLTreeTest_RemoveLeafNode_Test8TestBodyEv
FN:33,45,_ZN31AVLTreeTest_RemoveLeafNode_TestC2Ev
FN:33,45,_ZN31AVLTreeTest_RemoveLeafNode_TestD0Ev
FN:33,45,_ZN31AVLTreeTest_RemoveLeafNode_TestD2Ev
FN:4,4,_ZN36AVLTreeTest_InsertSingleElement_Test8TestBodyEv
FN:4,4,_ZN36AVLTreeTest_InsertSingleElement_TestC2Ev
FN:4,4,_ZN36AVLTreeTest_InsertSingleElement_TestD0Ev
FN:4,4,_ZN36AVLTreeTest_InsertSingleElement_TestD2Ev
FN:47,47,_ZN39AVLTreeTest_RemoveNodeWithOneChild_Test8TestBodyEv
FN:47,47,_ZN39AVLTreeTest_RemoveNodeWithOneChild_TestC2Ev
FN:47,47,_ZN39AVLTreeTest_RemoveNodeWithOneChild_TestD0Ev
FN:47,47,_ZN39AVLTreeTest_RemoveNodeWithOneChild_TestD2Ev
FN:61,61,_ZN42AVLTreeTest_RemoveNodeWithTwoChildren_Test8TestBodyEv
FN:61,61,_ZN42AVLTreeTest_RemoveNodeWithTwoChildren_TestC2Ev
FN:61,61,_ZN42AVLTreeTest_RemoveNodeWithTwoChildren_TestD0Ev
FN:61,61,_ZN42AVLTreeTest_RemoveNodeWithTwoChildren_TestD2Ev
FN:79,79,_ZN39AVLTreeTest_RebalanceLeftRightCase_Test8TestBodyEv
FN:79,79,_ZN39AVLTreeTest_RebalanceLeftRightCase_TestC2Ev
FN:79,79,_ZN39AVLTreeTest_RebalanceLeftRightCase_TestD0Ev
FN:79,79,_ZN39AVLTreeTest_RebalanceLeftRightCase_TestD2Ev
FN:91,101,_ZN39AVLTreeTest_RebalanceRightLeftCase_Test8TestBodyEv
FN:91,101,_ZN39AVLTreeTest_RebalanceRightLeftCase_TestC2Ev
FN:91,101,_ZN39AVLTreeTest_RebalanceRightLeftCase_TestD0Ev
FN:91,101,_ZN39AVLTreeTest_RebalanceRightLeftCase_TestD2Ev
FNDA:2,_ZN47AVLTreeTest_InsertMultipleElementsBalanced_Test8TestBodyEv
FNDA:2,_ZN47AVLTreeTest_InsertMultipleElementsBalanced_TestC2Ev
FNDA:2,_ZN47AVLTreeTest_InsertMultipleElementsBalanced_TestD0Ev
FNDA:2,_ZN47AVLTreeTest_InsertMultipleElementsBalanced_TestD2Ev
FNDA:2,_ZN36AVLTreeTest_ContainsOnEmptyTree_Test8TestBodyEv
FNDA:2,_ZN36AVLTreeTest_ContainsOnEmptyTree_TestC2Ev
FNDA:2,_ZN36AVLTreeTest_ContainsOnEmptyTree_TestD0Ev
FNDA:2,_ZN36AVLTreeTest_ContainsOnEmptyTree_TestD2Ev
FNDA:2,_ZN31AVLTreeTest_RemoveLeafNode_Test8TestBodyEv
FNDA:2,_ZN31AVLTreeTest_RemoveLeafNode_TestC2Ev
FNDA:2,_ZN31AVLTreeTest_RemoveLeafNode_TestD0Ev
FNDA:2,_ZN31AVLTreeTest_RemoveLeafNode_TestD2Ev
FNDA:2,_ZN36AVLTreeTest_InsertSingleElement_Test8TestBodyEv
FNDA:2,_ZN36AVLTreeTest_InsertSingleElement_TestC2Ev
FNDA:2,_ZN36AVLTreeTest_InsertSingleElement_TestD0Ev
FNDA:2,_ZN36AVLTreeTest_InsertSingleElement_TestD2Ev
FNDA:2,_ZN39AVLTreeTest_RemoveNodeWithOneChild_Test8TestBodyEv
FNDA:2,_ZN39AVLTreeTest_RemoveNodeWithOneChild_TestC2Ev
FNDA:2,_ZN39AVLTreeTest_RemoveNodeWithOneChild_TestD0Ev
FNDA:2,_ZN39AVLTreeTest_RemoveNodeWithOneChild_TestD2Ev
FNDA:2,_ZN42AVLTreeTest_RemoveNodeWithTwoChildren_Test8TestBodyEv
FNDA:2,_ZN42AVLTreeTest_RemoveNodeWithTwoChildren_TestC2Ev
FNDA:2,_ZN42AVLTreeTest_RemoveNodeWithTwoChildren_TestD0Ev
FNDA:2,_ZN42AVLTreeTest_RemoveNodeWithTwoChildren_TestD2Ev
FNDA:2,_ZN39AVLTreeTest_RebalanceLeftRightCase_Test8TestBodyEv
FNDA:2,_ZN39AVLTreeTest_RebalanceLeftRightCase_TestC2Ev
FNDA:2,_ZN39AVLTreeTest_RebalanceLeftRightCase_TestD0Ev
FNDA:2,_ZN39AVLTreeTest_RebalanceLeftRightCase_TestD2Ev
FNDA:2,_ZN39AVLTreeTest_RebalanceRightLeftCase_Test8TestBodyEv
FNDA:2,_ZN39AVLTreeTest_RebalanceRightLeftCase_TestC2Ev
FNDA:2,_ZN39AVLTreeTest_RebalanceRightLeftCase_TestD0Ev
FNDA:2,_ZN39AVLTreeTest_RebalanceRightLeftCase_TestD2Ev
FNF:32
FNH:32
DA:4,8
DA:5,2
DA:6,2
DA:8,2
DA:9,2
DA:10,2
DA:12,8
DA:13,2
DA:14,2
DA:15,2
DA:16,2
DA:17,2
DA:19,2
DA:20,2
DA:21,2
DA:22,2
DA:23,2
DA:24,2
DA:26,8
DA:27,2
DA:29,2
DA:30,2
DA:31,2
DA:33,8
DA:34,2
DA:35,2
DA:36,2
DA:37,2
DA:39,2
DA:41,2
DA:42,2
DA:43,2
DA:44,2
DA:45,2
DA:47,8
DA:48,2
DA:49,2
DA:50,2
DA:51,2
DA:53,2
DA:55,2
DA:56,2
DA:57,2
DA:58,2
DA:59,2
DA:61,8
DA:62,2
DA:63,2
DA:64,2
DA:65,2
DA:66,2
DA:67,2
DA:69,2
DA:71,2
DA:72,2
DA:73,2
DA:74,2
DA:75,2
DA:76,2
DA:77,2
DA:79,8
DA:80,2
DA:81,2
DA:82,2
DA:83,2
DA:85,2
DA:86,2
DA:87,2
DA:88,2
DA:89,2
DA:91,8
DA:92,2
DA:93,2
DA:94,2
DA:95,2
DA:97,2
DA:98,2
DA:99,2
DA:100,2
DA:101,2
LF:80
LH:80
end_of_record
TN:
SF:/home/xxaqurm/proga/ProgrammingCourse/LaboratoryWork/Semester_3/Laboratory_3/C++/tests/double_hashing_set_test.cpp
FN:17,17,_ZN44DoubleHashingSetTest_InsertDuplicateInt_Test8TestBodyEv
FN:17,17,_ZN44DoubleHashingSetTest_InsertDuplicateInt_TestC2Ev
FN:17,17,_ZN44DoubleHashingSetTest_InsertDuplicateInt_TestD0Ev
FN:17,17,_ZN44DoubleHashingSetTest_InsertDuplicateInt_TestD2Ev
FN:27,27,_ZN35DoubleHashingSetTest_RemoveInt_Test8TestBodyEv
FN:27,27,_ZN35DoubleHashingSetTest_RemoveInt_TestC2Ev
FN:27,27,_ZN35DoubleHashingSetTest_RemoveInt_TestD0Ev
FN:27,27,_ZN35DoubleHashingSetTest_RemoveInt_TestD2Ev
FN:39,49,_ZN45DoubleHashingSetTest_HandleCollisionsInt_Test8TestBodyEv
FN:39,49,_ZN45DoubleHashingSetTest_HandleCollisionsInt_TestC2Ev
FN:39,49,_ZN45DoubleHashingSetTest_HandleCollisionsInt_TestD0Ev
FN:39,49,_ZN45DoubleHashingSetTest_HandleCollisionsInt_TestD2Ev
FN:4,4,_ZN46DoubleHashingSetTest_InsertAndContainsInt_Test8TestBodyEv
FN:4,4,_ZN46DoubleHashingSetTest_InsertAndContainsInt_TestC2Ev
FN:4,4,_ZN46DoubleHashingSetTest_InsertAndContainsInt_TestD0Ev
FN:4,4,_ZN46DoubleHashingSetTest_InsertAndContainsInt_TestD2Ev
FN:51,51,_ZN35DoubleHashingSetTest_ResizeInt_Test8TestBodyEv
FN:51,51,_ZN35DoubleHashingSetTest_ResizeInt_TestC2Ev
FN:51,51,_ZN35DoubleHashingSetTest_ResizeInt_TestD0Ev
FN:51,51,_ZN35DoubleHashingSetTest_ResizeInt_TestD2Ev
FN:63,63,_ZN47DoubleHashingSetTest_RemoveAndReuseSlotInt_Test8TestBodyEv
FN:63,63,_ZN47DoubleHashingSetTest_RemoveAndReuseSlotInt_TestC2Ev
FN:63,63,_ZN47DoubleHashingSetTest_RemoveAndReuseSlotInt_TestD0Ev
FN:63,63,_ZN47DoubleHashingSetTest_RemoveAndReuseSlotInt_TestD2Ev
FN:76,76,_ZN49DoubleHashingSetTest_InsertAndContainsString_Test8TestBodyEv
FN:76,76,_ZN49DoubleHashingSetTest_InsertAndContainsString_TestC2Ev
FN:76,76,_ZN49DoubleHashingSetTest_InsertAndContainsString_TestD0Ev
FN:76,76,_ZN49DoubleHashingSetTest_InsertAndContainsString_TestD2Ev
FN:89,98,_ZN38DoubleHashingSetTest_RemoveString_Test8TestBodyEv
FN:89,98,_ZN38DoubleHashingSetTest_RemoveString_TestC2Ev
FN:89,98,_ZN38DoubleHashingSetTest_RemoveString_TestD0Ev
FN:89,98,_ZN38DoubleHashingSetTest_RemoveString_TestD2Ev
FNDA:2,_ZN44DoubleHashingSetTest_InsertDuplicateInt_Test8TestBodyEv
FNDA:2,_ZN44DoubleHashingSetTest_InsertDuplicateInt_TestC2Ev
FNDA:2,_ZN44DoubleHashingSetTest_InsertDuplicateInt_TestD0Ev
FNDA:2,_ZN44DoubleHashingSetTest_InsertDuplicateInt_TestD2Ev
FNDA:2,_ZN35DoubleHashingSetTest_RemoveInt_Test8TestBodyEv
FNDA:2,_ZN35DoubleHashingSetTest_RemoveInt_TestC2Ev
FNDA:2,_ZN35DoubleHashingSetTest_RemoveInt_TestD0Ev
FNDA:2,_ZN35DoubleHashingSetTest_RemoveInt_TestD2Ev
FNDA:2,_ZN45DoubleHashingSetTest_HandleCollisionsInt_Test8TestBodyEv
FNDA:2,_ZN45DoubleHashingSetTest_HandleCollisionsInt_TestC2Ev
FNDA:2,_ZN45DoubleHashingSetTest_HandleCollisionsInt_TestD0Ev
FNDA:2,_ZN45DoubleHashingSetTest_HandleCollisionsInt_TestD2Ev
FNDA:2,_ZN46DoubleHashingSetTest_InsertAndContainsInt_Test8TestBodyEv
FNDA:2,_ZN46DoubleHashingSetTest_InsertAndContainsInt_TestC2Ev
FNDA:2,_ZN46DoubleHashingSetTest_InsertAndContainsInt_TestD0Ev
FNDA:2,_ZN46DoubleHashingSetTest_InsertAndContainsInt_TestD2Ev
FNDA:2,_ZN35DoubleHashingSetTest_ResizeInt_Test8TestBodyEv
FNDA:2,_ZN35DoubleHashingSetTest_ResizeInt_TestC2Ev
FNDA:2,_ZN35DoubleHashingSetTest_ResizeInt_TestD0Ev
FNDA:2,_ZN35DoubleHashingSetTest_ResizeInt_TestD2Ev
FNDA:2,_ZN47DoubleHashingSetTest_RemoveAndReuseSlotInt_Test8TestBodyEv
FNDA:2,_ZN47DoubleHashingSetTest_RemoveAndReuseSlotInt_TestC2Ev
FNDA:2,_ZN47DoubleHashingSetTest_RemoveAndReuseSlotInt_TestD0Ev
FNDA:2,_ZN47DoubleHashingSetTest_RemoveAndReuseSlotInt_TestD2Ev
FNDA:2,_ZN49DoubleHashingSetTest_InsertAndContainsString_Test8TestBodyEv
FNDA:2,_ZN49DoubleHashingSetTest_InsertAndContainsString_TestC2Ev
FNDA:2,_ZN49DoubleHashingSetTest_InsertAndContainsString_TestD0Ev
FNDA:2,_ZN49DoubleHashingSetTest_InsertAndContainsString_TestD2Ev
FNDA:2,_ZN38DoubleHashingSetTest_RemoveString_Test8TestBodyEv
FNDA:2,_ZN38DoubleHashingSetTest_RemoveString_TestC2Ev
FNDA:2,_ZN38DoubleHashingSetTest_RemoveString_TestD0Ev
FNDA:2,_ZN38DoubleHashingSetTest_RemoveString_TestD2Ev
FNF:32
FNH:32
DA:4,8
DA:5,2
DA:7,2
DA:8,2
DA:9,2
DA:11,2
DA:12,2
DA:13,2
DA:14,2
DA:15,2
DA:17,8
DA:18,2
DA:20,2
DA:21,2
DA:23,2
DA:24,2
DA:25,2
DA:27,8
DA:28,2
DA:30,2
DA:31,2
DA:33,2
DA:34,2
DA:35,2
DA:36,2
DA:37,2
DA:39,8
DA:40,2
DA:42,2
DA:43,2
DA:44,2
DA:46,2
DA:47,2
DA:48,2
DA:49,2
DA:51,8
DA:52,2
DA:54,2
DA:55,2
DA:56,2
DA:57,2
DA:58,2
DA:60,2
DA:61,2
DA:63,8
DA:64,2
DA:66,2
DA:67,2
DA:68,2
DA:69,2
DA:71,2
DA:72,2
DA:73,2
DA:74,2
DA:76,8
DA:77,2
DA:79,4
DA:80,4
DA:81,4
DA:83,4
DA:84,4
DA:85,4
DA:86,4
DA:87,2
DA:89,8
DA:90,2
DA:92,4
DA:93,4
DA:95,4
DA:96,4
DA:97,4
DA:98,2
LF:72
LH:72
end_of_record
TN:
SF:/home/xxaqurm/proga/ProgrammingCourse/LaboratoryWork/Semester_3/Laboratory_3/C++/tests/forward_list_test.cpp
FN:10,10,_ZN47ForwardListTest_InitializerListConstructor_Test8TestBodyEv
FN:10,10,_ZN47ForwardListTest_InitializerListConstructor_TestC2Ev
FN:10,10,_ZN47ForwardListTest_InitializerListConstructor_TestD0Ev
FN:10,10,_ZN47ForwardListTest_InitializerListConstructor_TestD2Ev
FN:100,104,_ZN41ForwardListTest_PopBackSingleElement_Test8TestBodyEv
FN:100,104,_ZN41ForwardListTest_PopBackSingleElement_TestC2Ev
FN:100,104,_ZN41ForwardListTest_PopBackSingleElement_TestD0Ev
FN:100,104,_ZN41ForwardListTest_PopBackSingleElement_TestD2Ev
FN:106,109,_ZN34ForwardListTest_PopBackThrows_Test8TestBodyEv
FN:106,109,_ZN34ForwardListTest_PopBackThrows_TestC2Ev
FN:106,109,_ZN34ForwardListTest_PopBackThrows_TestD0Ev
FN:106,109,_ZN34ForwardListTest_PopBackThrows_TestD2Ev
FN:111,115,_ZN33ForwardListTest_RemoveBefore_Test8TestBodyEv
FN:111,115,_ZN33ForwardListTest_RemoveBefore_TestC2Ev
FN:111,115,_ZN33ForwardListTest_RemoveBefore_TestD0Ev
FN:111,115,_ZN33ForwardListTest_RemoveBefore_TestD2Ev
FN:117,117,_ZN39ForwardListTest_RemoveBeforeThrows_Test8TestBodyEv
FN:117,117,_ZN39ForwardListTest_RemoveBeforeThrows_TestC2Ev
FN:117,117,_ZN39ForwardListTest_RemoveBeforeThrows_TestD0Ev
FN:117,117,_ZN39ForwardListTest_RemoveBeforeThrows_TestD2Ev
FN:123,123,_ZN32ForwardListTest_RemoveValue_Test8TestBodyEv
FN:123,123,_ZN32ForwardListTest_RemoveValue_TestC2Ev
FN:123,123,_ZN32ForwardListTest_RemoveValue_TestD0Ev
FN:123,123,_ZN32ForwardListTest_RemoveValue_TestD2Ev
FN:130,134,_ZN36ForwardListTest_RemoveValueHead_Test8TestBodyEv
FN:130,134,_ZN36ForwardListTest_RemoveValueHead_TestC2Ev
FN:130,134,_ZN36ForwardListTest_RemoveValueHead_TestD0Ev
FN:130,134,_ZN36ForwardListTest_RemoveValueHead_TestD2Ev
FN:136,140,_ZN32ForwardListTest_RemoveAfter_Test8TestBodyEv
FN:136,140,_ZN32ForwardListTest_RemoveAfter_TestC2Ev
FN:136,140,_ZN32ForwardListTest_RemoveAfter_TestD0Ev
FN:136,140,_ZN32ForwardListTest_RemoveAfter_TestD2Ev
FN:142,146,_ZN38ForwardListTest_RemoveAfterThrows_Test8TestBodyEv
FN:142,146,_ZN38ForwardListTest_RemoveAfterThrows_TestC2Ev
FN:142,146,_ZN38ForwardListTest_RemoveAfterThrows_TestD0Ev
FN:142,146,_ZN38ForwardListTest_RemoveAfterThrows_TestD2Ev
FN:148,148,_ZN37ForwardListTest_AtReturnsCorrect_Test8TestBodyEv
FN:148,148,_ZN37ForwardListTest_AtReturnsCorrect_TestC2Ev
FN:148,148,_ZN37ForwardListTest_AtReturnsCorrect_TestD0Ev
FN:148,148,_ZN37ForwardListTest_AtReturnsCorrect_TestD2Ev
FN:153,157,_ZN29ForwardListTest_AtThrows_Test8TestBodyEv
FN:153,157,_ZN29ForwardListTest_AtThrows_TestC2Ev
FN:153,157,_ZN29ForwardListTest_AtThrows_TestD0Ev
FN:153,157,_ZN29ForwardListTest_AtThrows_TestD2Ev
FN:159,159,_ZN29ForwardListTest_FindTest_Test8TestBodyEv
FN:159,159,_ZN29ForwardListTest_FindTest_TestC2Ev
FN:159,159,_ZN29ForwardListTest_FindTest_TestD0Ev
FN:159,159,_ZN29ForwardListTest_FindTest_TestD2Ev
FN:165,168,_ZN29ForwardListTest_SizeTest_Test8TestBodyEv
FN:165,168,_ZN29ForwardListTest_SizeTest_TestC2Ev
FN:165,168,_ZN29ForwardListTest_SizeTest_TestD0Ev
FN:165,168,_ZN29ForwardListTest_SizeTest_TestD2Ev
FN:17,17,_ZN30ForwardListTest_PushFront_Test8TestBodyEv
FN:17,17,_ZN30ForwardListTest_PushFront_TestC2Ev
FN:17,17,_ZN30ForwardListTest_PushFront_TestD0Ev
FN:17,17,_ZN30ForwardListTest_PushFront_TestD2Ev
FN:170,173,_ZN30ForwardListTest_EmptyTest_Test8TestBodyEv
FN:170,173,_ZN30ForwardListTest_EmptyTest_TestC2Ev
FN:170,173,_ZN30ForwardListTest_EmptyTest_TestD0Ev
FN:170,173,_ZN30ForwardListTest_EmptyTest_TestD2Ev
FN:175,182,_ZN30ForwardListTest_ClearTest_Test8TestBodyEv
FN:175,182,_ZN30ForwardListTest_ClearTest_TestC2Ev
FN:175,182,_ZN30ForwardListTest_ClearTest_TestD0Ev
FN:175,182,_ZN30ForwardListTest_ClearTest_TestD2Ev
FN:25,25,_ZN29ForwardListTest_PushBack_Test8TestBodyEv
FN:25,25,_ZN29ForwardListTest_PushBack_TestC2Ev
FN:25,25,_ZN29ForwardListTest_PushBack_TestD0Ev
FN:25,25,_ZN29ForwardListTest_PushBack_TestD2Ev
FN:33,41,_ZN30ForwardListTest_FrontBack_Test8TestBodyEv
FN:33,41,_ZN30ForwardListTest_FrontBack_TestC2Ev
FN:33,41,_ZN30ForwardListTest_FrontBack_TestD0Ev
FN:33,41,_ZN30ForwardListTest_FrontBack_TestD2Ev
FN:4,4,_ZN39ForwardListTest_DefaultConstructor_Test8TestBodyEv
FN:4,4,_ZN39ForwardListTest_DefaultConstructor_TestC2Ev
FN:4,4,_ZN39ForwardListTest_DefaultConstructor_TestD0Ev
FN:4,4,_ZN39ForwardListTest_DefaultConstructor_TestD2Ev
FN:43,43,_ZN43ForwardListTest_FrontBackThrowsOnEmpty_Test8TestBodyEv
FN:43,43,_ZN43ForwardListTest_FrontBackThrowsOnEmpty_TestC2Ev
FN:43,43,_ZN43ForwardListTest_FrontBackThrowsOnEmpty_TestD0Ev
FN:43,43,_ZN43ForwardListTest_FrontBackThrowsOnEmpty_TestD2Ev
FN:49,54,_ZN33ForwardListTest_InsertBefore_Test8TestBodyEv
FN:49,54,_ZN33ForwardListTest_InsertBefore_TestC2Ev
FN:49,54,_ZN33ForwardListTest_InsertBefore_TestD0Ev
FN:49,54,_ZN33ForwardListTest_InsertBefore_TestD2Ev
FN:56,56,_ZN42ForwardListTest_InsertBeforeIndexZero_Test8TestBodyEv
FN:56,56,_ZN42ForwardListTest_InsertBeforeIndexZero_TestC2Ev
FN:56,56,_ZN42ForwardListTest_InsertBeforeIndexZero_TestD0Ev
FN:56,56,_ZN42ForwardListTest_InsertBeforeIndexZero_TestD2Ev
FN:62,62,_ZN39ForwardListTest_InsertBeforeThrows_Test8TestBodyEv
FN:62,62,_ZN39ForwardListTest_InsertBeforeThrows_TestC2Ev
FN:62,62,_ZN39ForwardListTest_InsertBeforeThrows_TestD0Ev
FN:62,62,_ZN39ForwardListTest_InsertBeforeThrows_TestD2Ev
FN:68,68,_ZN32ForwardListTest_InsertAfter_Test8TestBodyEv
FN:68,68,_ZN32ForwardListTest_InsertAfter_TestC2Ev
FN:68,68,_ZN32ForwardListTest_InsertAfter_TestD0Ev
FN:68,68,_ZN32ForwardListTest_InsertAfter_TestD2Ev
FN:75,75,_ZN38ForwardListTest_InsertAfterThrows_Test8TestBodyEv
FN:75,75,_ZN38ForwardListTest_InsertAfterThrows_TestC2Ev
FN:75,75,_ZN38ForwardListTest_InsertAfterThrows_TestD0Ev
FN:75,75,_ZN38ForwardListTest_InsertAfterThrows_TestD2Ev
FN:81,81,_ZN29ForwardListTest_PopFront_Test8TestBodyEv
FN:81,81,_ZN29ForwardListTest_PopFront_TestC2Ev
FN:81,81,_ZN29ForwardListTest_PopFront_TestD0Ev
FN:81,81,_ZN29ForwardListTest_PopFront_TestD2Ev
FN:88,91,_ZN35ForwardListTest_PopFrontThrows_Test8TestBodyEv
FN:88,91,_ZN35ForwardListTest_PopFrontThrows_TestC2Ev
FN:88,91,_ZN35ForwardListTest_PopFrontThrows_TestD0Ev
FN:88,91,_ZN35ForwardListTest_PopFrontThrows_TestD2Ev
FN:93,98,_ZN28ForwardListTest_PopBack_Test8TestBodyEv
FN:93,98,_ZN28ForwardListTest_PopBack_TestC2Ev
FN:93,98,_ZN28ForwardListTest_PopBack_TestD0Ev
FN:93,98,_ZN28ForwardListTest_PopBack_TestD2Ev
FNDA:2,_ZN47ForwardListTest_InitializerListConstructor_Test8TestBodyEv
FNDA:2,_ZN47ForwardListTest_InitializerListConstructor_TestC2Ev
FNDA:2,_ZN47ForwardListTest_InitializerListConstructor_TestD0Ev
FNDA:2,_ZN47ForwardListTest_InitializerListConstructor_TestD2Ev
FNDA:2,_ZN41ForwardListTest_PopBackSingleElement_Test8TestBodyEv
FNDA:2,_ZN41ForwardListTest_PopBackSingleElement_TestC2Ev
FNDA:2,_ZN41ForwardListTest_PopBackSingleElement_TestD0Ev
FNDA:2,_ZN41ForwardListTest_PopBackSingleElement_TestD2Ev
FNDA:2,_ZN34ForwardListTest_PopBackThrows_Test8TestBodyEv
FNDA:2,_ZN34ForwardListTest_PopBackThrows_TestC2Ev
FNDA:2,_ZN34ForwardListTest_PopBackThrows_TestD0Ev
FNDA:2,_ZN34ForwardListTest_PopBackThrows_TestD2Ev
FNDA:2,_ZN33ForwardListTest_RemoveBefore_Test8TestBodyEv
FNDA:2,_ZN33ForwardListTest_RemoveBefore_TestC2Ev
FNDA:2,_ZN33ForwardListTest_RemoveBefore_TestD0Ev
FNDA:2,_ZN33ForwardListTest_RemoveBefore_TestD2Ev
FNDA:2,_ZN39ForwardListTest_RemoveBeforeThrows_Test8TestBodyEv
FNDA:2,_ZN39ForwardListTest_RemoveBeforeThrows_TestC2Ev
FNDA:2,_ZN39ForwardListTest_RemoveBeforeThrows_TestD0Ev
FNDA:2,_ZN39ForwardListTest_RemoveBeforeThrows_TestD2Ev
FNDA:2,_ZN32ForwardListTest_RemoveValue_Test8TestBodyEv
FNDA:2,_ZN32ForwardListTest_RemoveValue_TestC2Ev
FNDA:2,_ZN32ForwardListTest_RemoveValue_TestD0Ev
FNDA:2,_ZN32ForwardListTest_RemoveValue_TestD2Ev
FNDA:2,_ZN36ForwardListTest_RemoveValueHead_Test8TestBodyEv
FNDA:2,_ZN36ForwardListTest_RemoveValueHead_TestC2Ev
FNDA:2,_ZN36ForwardListTest_RemoveValueHead_TestD0Ev
FNDA:2,_ZN36ForwardListTest_RemoveValueHead_TestD2Ev
FNDA:2,_ZN32ForwardListTest_RemoveAfter_Test8TestBodyEv
FNDA:2,_ZN32ForwardListTest_RemoveAfter_TestC2Ev
FNDA:2,_ZN32ForwardListTest_RemoveAfter_TestD0Ev
FNDA:2,_ZN32ForwardListTest_RemoveAfter_TestD2Ev
FNDA:2,_ZN38ForwardListTest_RemoveAfterThrows_Test8TestBodyEv
FNDA:2,_ZN38ForwardListTest_RemoveAfterThrows_TestC2Ev
FNDA:2,_ZN38ForwardListTest_RemoveAfterThrows_TestD0Ev
FNDA:2,_ZN38ForwardListTest_RemoveAfterThrows_TestD2Ev
FNDA:2,_ZN37ForwardListTest_AtReturnsCorrect_Test8TestBodyEv
FNDA:2,_ZN37ForwardListTest_AtReturnsCorrect_TestC2Ev
FNDA:2,_ZN37ForwardListTest_AtReturnsCorrect_TestD0Ev
FNDA:2,_ZN37ForwardListTest_AtReturnsCorrect_TestD2Ev
FNDA:2,_ZN29ForwardListTest_AtThrows_Test8TestBodyEv
FNDA:2,_ZN29ForwardListTest_AtThrows_TestC2Ev
FNDA:2,_ZN29ForwardListTest_AtThrows_TestD0Ev
FNDA:2,_ZN29ForwardListTest_AtThrows_TestD2Ev
FNDA:2,_ZN29ForwardListTest_FindTest_Test8TestBodyEv
FNDA:2,_ZN29ForwardListTest_FindTest_TestC2Ev
FNDA:2,_ZN29ForwardListTest_FindTest_TestD0Ev
FNDA:2,_ZN29ForwardListTest_FindTest_TestD2Ev
FNDA:2,_ZN29ForwardListTest_SizeTest_Test8TestBodyEv
FNDA:2,_ZN29ForwardListTest_SizeTest_TestC2Ev
FNDA:2,_ZN29ForwardListTest_SizeTest_TestD0Ev
FNDA:2,_ZN29ForwardListTest_SizeTest_TestD2Ev
FNDA:2,_ZN30ForwardListTest_PushFront_Test8TestBodyEv
FNDA:2,_ZN30ForwardListTest_PushFront_TestC2Ev
FNDA:2,_ZN30ForwardListTest_PushFront_TestD0Ev
FNDA:2,_ZN30ForwardListTest_PushFront_TestD2Ev
FNDA:2,_ZN30ForwardListTest_EmptyTest_Test8TestBodyEv
FNDA:2,_ZN30ForwardListTest_EmptyTest_TestC2Ev
FNDA:2,_ZN30ForwardListTest_EmptyTest_TestD0Ev
FNDA:2,_ZN30ForwardListTest_EmptyTest_TestD2Ev
FNDA:2,_ZN30ForwardListTest_ClearTest_Test8TestBodyEv
FNDA:2,_ZN30ForwardListTest_ClearTest_TestC2Ev
FNDA:2,_ZN30ForwardListTest_ClearTest_TestD0Ev
FNDA:2,_ZN30ForwardListTest_ClearTest_TestD2Ev
FNDA:2,_ZN29ForwardListTest_PushBack_Test8TestBodyEv
FNDA:2,_ZN29ForwardListTest_PushBack_TestC2Ev
FNDA:2,_ZN29ForwardListTest_PushBack_TestD0Ev
FNDA:2,_ZN29ForwardListTest_PushBack_TestD2Ev
FNDA:2,_ZN30ForwardListTest_FrontBack_Test8TestBodyEv
FNDA:2,_ZN30ForwardListTest_FrontBack_TestC2Ev
FNDA:2,_ZN30ForwardListTest_FrontBack_TestD0Ev
FNDA:2,_ZN30ForwardListTest_FrontBack_TestD2Ev
FNDA:2,_ZN39ForwardListTest_DefaultConstructor_Test8TestBodyEv
FNDA:2,_ZN39ForwardListTest_DefaultConstructor_TestC2Ev
FNDA:2,_ZN39ForwardListTest_DefaultConstructor_TestD0Ev
FNDA:2,_ZN39ForwardListTest_DefaultConstructor_TestD2Ev
FNDA:2,_ZN43ForwardListTest_FrontBackThrowsOnEmpty_Test8TestBodyEv
FNDA:2,_ZN43ForwardListTest_FrontBackThrowsOnEmpty_TestC2Ev
FNDA:2,_ZN43ForwardListTest_FrontBackThrowsOnEmpty_TestD0Ev
FNDA:2,_ZN43ForwardListTest_FrontBackThrowsOnEmpty_TestD2Ev
FNDA:2,_ZN33ForwardListTest_InsertBefore_Test8TestBodyEv
FNDA:2,_ZN33ForwardListTest_InsertBefore_TestC2Ev
FNDA:2,_ZN33ForwardListTest_InsertBefore_TestD0Ev
FNDA:2,_ZN33ForwardListTest_InsertBefore_TestD2Ev
FNDA:2,_ZN42ForwardListTest_InsertBeforeIndexZero_Test8TestBodyEv
FNDA:2,_ZN42ForwardListTest_InsertBeforeIndexZero_TestC2Ev
FNDA:2,_ZN42ForwardListTest_InsertBeforeIndexZero_TestD0Ev
FNDA:2,_ZN42ForwardListTest_InsertBeforeIndexZero_TestD2Ev
FNDA:2,_ZN39ForwardListTest_InsertBeforeThrows_Test8TestBodyEv
FNDA:2,_ZN39ForwardListTest_InsertBeforeThrows_TestC2Ev
FNDA:2,_ZN39ForwardListTest_InsertBeforeThrows_TestD0Ev
FNDA:2,_ZN39ForwardListTest_InsertBeforeThrows_TestD2Ev
FNDA:2,_ZN32ForwardListTest_InsertAfter_Test8TestBodyEv
FNDA:2,_ZN32ForwardListTest_InsertAfter_TestC2Ev
FNDA:2,_ZN32ForwardListTest_InsertAfter_TestD0Ev
FNDA:2,_ZN32ForwardListTest_InsertAfter_TestD2Ev
FNDA:2,_ZN38ForwardListTest_InsertAfterThrows_Test8TestBodyEv
FNDA:2,_ZN38ForwardListTest_InsertAfterThrows_TestC2Ev
FNDA:2,_ZN38ForwardListTest_InsertAfterThrows_TestD0Ev
FNDA:2,_ZN38ForwardListTest_InsertAfterThrows_TestD2Ev
FNDA:2,_ZN29ForwardListTest_PopFront_Test8TestBodyEv
FNDA:2,_ZN29ForwardListTest_PopFront_TestC2Ev
FNDA:2,_ZN29ForwardListTest_PopFront_TestD0Ev
FNDA:2,_ZN29ForwardListTest_PopFront_TestD2Ev
FNDA:2,_ZN35ForwardListTest_PopFrontThrows_Test8TestBodyEv
FNDA:2,_ZN35ForwardListTest_PopFrontThrows_TestC2Ev
FNDA:2,_ZN35ForwardListTest_PopFrontThrows_TestD0Ev
FNDA:2,_ZN35ForwardListTest_PopFrontThrows_TestD2Ev
FNDA:2,_ZN28ForwardListTest_PopBack_Test8TestBodyEv
FNDA:2,_ZN28ForwardListTest_PopBack_TestC2Ev
FNDA:2,_ZN28ForwardListTest_PopBack_TestD0Ev
FNDA:2,_ZN28ForwardListTest_PopBack_TestD2Ev
FNF:112
FNH:112
DA:4,8
DA:5,2
DA:6,2
DA:7,2
DA:8,2
DA:10,8
DA:11,2
DA:12,2
DA:13,2
DA:14,2
DA:15,2
DA:17,8
DA:18,2
DA:19,2
DA:20,2
DA:21,2
DA:22,2
DA:23,2
DA:25,8
DA:26,2
DA:27,2
DA:28,2
DA:29,2
DA:30,2
DA:31,2
DA:33,8
DA:34,2
DA:35,2
DA:36,2
DA:38,4
DA:39,2
DA:40,2
DA:41,2
DA:43,8
DA:44,2
DA:45,2
DA:46,2
DA:47,2
DA:49,8
DA:50,2
DA:51,2
DA:52,2
DA:53,2
DA:54,2
DA:56,8
DA:57,2
DA:58,2
DA:59,2
DA:60,2
DA:62,8
DA:63,2
DA:64,2
DA:65,2
DA:66,2
DA:68,8
DA:69,2
DA:70,2
DA:71,2
DA:72,2
DA:73,2
DA:75,8
DA:76,2
DA:77,2
DA:78,2
DA:79,2
DA:81,8
DA:82,2
DA:83,2
DA:84,2
DA:85,2
DA:86,2
DA:88,8
DA:89,2
DA:90,2
DA:91,2
DA:93,8
DA:94,2
DA:95,2
DA:96,2
DA:97,2
DA:98,2
DA:100,8
DA:101,2
DA:102,2
DA:103,2
DA:104,2
DA:106,8
DA:107,2
DA:108,2
DA:109,2
DA:111,8
DA:112,2
DA:113,2
DA:114,2
DA:115,2
DA:117,8
DA:118,2
DA:119,2
DA:120,2
DA:121,2
DA:123,8
DA:124,2
DA:125,2
DA:126,2
DA:127,2
DA:128,2
DA:130,8
DA:131,2
DA:132,2
DA:133,2
DA:134,2
DA:136,8
DA:137,2
DA:138,2
DA:139,2
DA:140,2
DA:142,8
DA:143,2
DA:144,2
DA:145,2
DA:146,2
DA:148,8
DA:149,2
DA:150,2
DA:151,2
DA:153,8
DA:154,2
DA:155,2
DA:156,2
DA:157,2
DA:159,8
DA:160,2
DA:161,2
DA:162,2
DA:163,2
DA:165,8
DA:166,2
DA:167,2
DA:168,2
DA:170,8
DA:171,2
DA:172,2
DA:173,2
DA:175,8
DA:176,2
DA:177,2
DA:178,2
DA:179,2
DA:180,2
DA:181,2
DA:182,2
LF:151
LH:151
end_of_record
TN:
SF:/home/xxaqurm/proga/ProgrammingCourse/LaboratoryWork/Semester_3/Laboratory_3/C++/tests/linear_probing_hash_map_test.cpp
FN:10,10,_ZN35HashMapTest_InsertAddsElements_Test8TestBodyEv
FN:10,10,_ZN35HashMapTest_InsertAddsElements_TestC2Ev
FN:10,10,_ZN35HashMapTest_InsertAddsElements_TestD0Ev
FN:10,10,_ZN35HashMapTest_InsertAddsElements_TestD2Ev
FN:22,22,_ZN35HashMapTest_InsertUpdatesValue_Test8TestBodyEv
FN:22,22,_ZN35HashMapTest_InsertUpdatesValue_TestC2Ev
FN:22,22,_ZN35HashMapTest_InsertUpdatesValue_TestD0Ev
FN:22,22,_ZN35HashMapTest_InsertUpdatesValue_TestD2Ev
FN:31,31,_ZN33HashMapTest_RemoveDeletesKey_Test8TestBodyEv
FN:31,31,_ZN33HashMapTest_RemoveDeletesKey_TestC2Ev
FN:31,31,_ZN33HashMapTest_RemoveDeletesKey_TestD0Ev
FN:31,31,_ZN33HashMapTest_RemoveDeletesKey_TestD2Ev
FN:4,4,_ZN32HashMapTest_EmptyOnCreation_Test8TestBodyEv
FN:4,4,_ZN32HashMapTest_EmptyOnCreation_TestC2Ev
FN:4,4,_ZN32HashMapTest_EmptyOnCreation_TestD0Ev
FN:4,4,_ZN32HashMapTest_EmptyOnCreation_TestD2Ev
FN:43,43,_ZN30HashMapTest_ContainsWorks_Test8TestBodyEv
FN:43,43,_ZN30HashMapTest_ContainsWorks_TestC2Ev
FN:43,43,_ZN30HashMapTest_ContainsWorks_TestD0Ev
FN:43,43,_ZN30HashMapTest_ContainsWorks_TestD2Ev
FN:51,51,_ZN39HashMapTest_GetReturnsCorrectValue_Test8TestBodyEv
FN:51,51,_ZN39HashMapTest_GetReturnsCorrectValue_TestC2Ev
FN:51,51,_ZN39HashMapTest_GetReturnsCorrectValue_TestD0Ev
FN:51,51,_ZN39HashMapTest_GetReturnsCorrectValue_TestD2Ev
FN:57,57,_ZN36HashMapTest_GetThrowsIfNotFound_Test8TestBodyEv
FN:57,57,_ZN36HashMapTest_GetThrowsIfNotFound_TestC2Ev
FN:57,57,_ZN36HashMapTest_GetThrowsIfNotFound_TestD0Ev
FN:57,57,_ZN36HashMapTest_GetThrowsIfNotFound_TestD2Ev
FN:63,63,_ZN35HashMapTest_SizeAndIsEmptyWork_Test8TestBodyEv
FN:63,63,_ZN35HashMapTest_SizeAndIsEmptyWork_TestC2Ev
FN:63,63,_ZN35HashMapTest_SizeAndIsEmptyWork_TestD0Ev
FN:63,63,_ZN35HashMapTest_SizeAndIsEmptyWork_TestD2Ev
FN:77,84,_ZN31HashMapTest_ThrowsWhenFull_Test8TestBodyEv
FN:77,84,_ZN31HashMapTest_ThrowsWhenFull_TestC2Ev
FN:77,84,_ZN31HashMapTest_ThrowsWhenFull_TestD0Ev
FN:77,84,_ZN31HashMapTest_ThrowsWhenFull_TestD2Ev
FN:86,86,_ZN34HashMapTest_HandlesCollisions_Test8TestBodyEv
FN:86,86,_ZN34HashMapTest_HandlesCollisions_TestC2Ev
FN:86,86,_ZN34HashMapTest_HandlesCollisions_TestD0Ev
FN:86,86,_ZN34HashMapTest_HandlesCollisions_TestD2Ev
FN:96,96,_ZN34HashMapTest_RemoveAndReinsert_Test8TestBodyEv
FN:96,96,_ZN34HashMapTest_RemoveAndReinsert_TestC2Ev
FN:96,96,_ZN34HashMapTest_RemoveAndReinsert_TestD0Ev
FN:96,96,_ZN34HashMapTest_RemoveAndReinsert_TestD2Ev
FNDA:2,_ZN35HashMapTest_InsertAddsElements_Test8TestBodyEv
FNDA:2,_ZN35HashMapTest_InsertAddsElements_TestC2Ev
FNDA:2,_ZN35HashMapTest_InsertAddsElements_TestD0Ev
FNDA:2,_ZN35HashMapTest_InsertAddsElements_TestD2Ev
FNDA:2,_ZN35HashMapTest_InsertUpdatesValue_Test8TestBodyEv
FNDA:2,_ZN35HashMapTest_InsertUpdatesValue_TestC2Ev
FNDA:2,_ZN35HashMapTest_InsertUpdatesValue_TestD0Ev
FNDA:2,_ZN35HashMapTest_InsertUpdatesValue_TestD2Ev
FNDA:2,_ZN33HashMapTest_RemoveDeletesKey_Test8TestBodyEv
FNDA:2,_ZN33HashMapTest_RemoveDeletesKey_TestC2Ev
FNDA:2,_ZN33HashMapTest_RemoveDeletesKey_TestD0Ev
FNDA:2,_ZN33HashMapTest_RemoveDeletesKey_TestD2Ev
FNDA:2,_ZN32HashMapTest_EmptyOnCreation_Test8TestBodyEv
FNDA:2,_ZN32HashMapTest_EmptyOnCreation_TestC2Ev
FNDA:2,_ZN32HashMapTest_EmptyOnCreation_TestD0Ev
FNDA:2,_ZN32HashMapTest_EmptyOnCreation_TestD2Ev
FNDA:2,_ZN30HashMapTest_ContainsWorks_Test8TestBodyEv
FNDA:2,_ZN30HashMapTest_ContainsWorks_TestC2Ev
FNDA:2,_ZN30HashMapTest_ContainsWorks_TestD0Ev
FNDA:2,_ZN30HashMapTest_ContainsWorks_TestD2Ev
FNDA:2,_ZN39HashMapTest_GetReturnsCorrectValue_Test8TestBodyEv
FNDA:2,_ZN39HashMapTest_GetReturnsCorrectValue_TestC2Ev
FNDA:2,_ZN39HashMapTest_GetReturnsCorrectValue_TestD0Ev
FNDA:2,_ZN39HashMapTest_GetReturnsCorrectValue_TestD2Ev
FNDA:2,_ZN36HashMapTest_GetThrowsIfNotFound_Test8TestBodyEv
FNDA:2,_ZN36HashMapTest_GetThrowsIfNotFound_TestC2Ev
FNDA:2,_ZN36HashMapTest_GetThrowsIfNotFound_TestD0Ev
FNDA:2,_ZN36HashMapTest_GetThrowsIfNotFound_TestD2Ev
FNDA:2,_ZN35HashMapTest_SizeAndIsEmptyWork_Test8TestBodyEv
FNDA:2,_ZN35HashMapTest_SizeAndIsEmptyWork_TestC2Ev
FNDA:2,_ZN35HashMapTest_SizeAndIsEmptyWork_TestD0Ev
FNDA:2,_ZN35HashMapTest_SizeAndIsEmptyWork_TestD2Ev
FNDA:2,_ZN31HashMapTest_ThrowsWhenFull_Test8TestBodyEv
FNDA:2,_ZN31HashMapTest_ThrowsWhenFull_TestC2Ev
FNDA:2,_ZN31HashMapTest_ThrowsWhenFull_TestD0Ev
FNDA:2,_ZN31HashMapTest_ThrowsWhenFull_TestD2Ev
FNDA:2,_ZN34HashMapTest_HandlesCollisions_Test8TestBodyEv
FNDA:2,_ZN34HashMapTest_HandlesCollisions_TestC2Ev
FNDA:2,_ZN34HashMapTest_HandlesCollisions_TestD0Ev
FNDA:2,_ZN34HashMapTest_HandlesCollisions_TestD2Ev
FNDA:2,_ZN34HashMapTest_RemoveAndReinsert_Test8TestBodyEv
FNDA:2,_ZN34HashMapTest_RemoveAndReinsert_TestC2Ev
FNDA:2,_ZN34HashMapTest_RemoveAndReinsert_TestD0Ev
FNDA:2,_ZN34HashMapTest_RemoveAndReinsert_TestD2Ev
FNF:44
FNH:44
DA:4,8
DA:5,2
DA:6,2
DA:7,2
DA:8,2
DA:10,8
DA:11,2
DA:12,2
DA:13,2
DA:15,2
DA:16,2
DA:17,2
DA:18,2
DA:19,2
DA:20,2
DA:22,8
DA:23,2
DA:24,2
DA:25,2
DA:27,2
DA:28,2
DA:29,2
DA:31,8
DA:32,2
DA:33,2
DA:34,2
DA:36,2
DA:37,2
DA:38,2
DA:40,2
DA:41,2
DA:43,8
DA:44,2
DA:45,2
DA:47,2
DA:48,2
DA:49,2
DA:51,8
DA:52,2
DA:53,2
DA:54,2
DA:55,2
DA:57,8
DA:58,2
DA:59,2
DA:60,2
DA:61,2
DA:63,8
DA:64,2
DA:65,2
DA:66,2
DA:68,2
DA:69,2
DA:70,2
DA:72,2
DA:73,2
DA:74,2
DA:75,2
DA:77,8
DA:78,2
DA:79,2
DA:80,2
DA:81,2
DA:83,2
DA:84,2
DA:86,8
DA:87,2
DA:89,2
DA:90,2
DA:92,2
DA:93,2
DA:94,2
DA:96,8
DA:97,2
DA:98,2
DA:99,2
DA:100,2
DA:101,2
DA:103,2
DA:104,2
DA:105,2
DA:106,2
LF:82
LH:82
end_of_record
TN:
SF:/home/xxaqurm/proga/ProgrammingCourse/LaboratoryWork/Semester_3/Laboratory_3/C++/tests/linked_list_test.cpp
FN:10,10,_ZN39LinkedListTest_InitListConstructor_Test8TestBodyEv
FN:10,10,_ZN39LinkedListTest_InitListConstructor_TestC2Ev
FN:10,10,_ZN39LinkedListTest_InitListConstructor_TestD0Ev
FN:10,10,_ZN39LinkedListTest_InitListConstructor_TestD2Ev
FN:107,107,_ZN35LinkedListTest_RemoveValueHead_Test8TestBodyEv
FN:107,107,_ZN35LinkedListTest_RemoveValueHead_TestC2Ev
FN:107,107,_ZN35LinkedListTest_RemoveValueHead_TestD0Ev
FN:107,107,_ZN35LinkedListTest_RemoveValueHead_TestD2Ev
FN:115,115,_ZN38LinkedListTest_RemoveBeforeNormal_Test8TestBodyEv
FN:115,115,_ZN38LinkedListTest_RemoveBeforeNormal_TestC2Ev
FN:115,115,_ZN38LinkedListTest_RemoveBeforeNormal_TestD0Ev
FN:115,115,_ZN38LinkedListTest_RemoveBeforeNormal_TestD2Ev
FN:123,126,_ZN38LinkedListTest_RemoveBeforeThrows_Test8TestBodyEv
FN:123,126,_ZN38LinkedListTest_RemoveBeforeThrows_TestC2Ev
FN:123,126,_ZN38LinkedListTest_RemoveBeforeThrows_TestD0Ev
FN:123,126,_ZN38LinkedListTest_RemoveBeforeThrows_TestD2Ev
FN:128,128,_ZN37LinkedListTest_RemoveAfterNormal_Test8TestBodyEv
FN:128,128,_ZN37LinkedListTest_RemoveAfterNormal_TestC2Ev
FN:128,128,_ZN37LinkedListTest_RemoveAfterNormal_TestD0Ev
FN:128,128,_ZN37LinkedListTest_RemoveAfterNormal_TestD2Ev
FN:136,136,_ZN37LinkedListTest_RemoveAfterThrows_Test8TestBodyEv
FN:136,136,_ZN37LinkedListTest_RemoveAfterThrows_TestC2Ev
FN:136,136,_ZN37LinkedListTest_RemoveAfterThrows_TestD0Ev
FN:136,136,_ZN37LinkedListTest_RemoveAfterThrows_TestD2Ev
FN:141,141,_ZN35LinkedListTest_FrontBackAccess_Test8TestBodyEv
FN:141,141,_ZN35LinkedListTest_FrontBackAccess_TestC2Ev
FN:141,141,_ZN35LinkedListTest_FrontBackAccess_TestD0Ev
FN:141,141,_ZN35LinkedListTest_FrontBackAccess_TestD2Ev
FN:147,147,_ZN38LinkedListTest_FrontThrowsOnEmpty_Test8TestBodyEv
FN:147,147,_ZN38LinkedListTest_FrontThrowsOnEmpty_TestC2Ev
FN:147,147,_ZN38LinkedListTest_FrontThrowsOnEmpty_TestD0Ev
FN:147,147,_ZN38LinkedListTest_FrontThrowsOnEmpty_TestD2Ev
FN:152,152,_ZN29LinkedListTest_FindWorks_Test8TestBodyEv
FN:152,152,_ZN29LinkedListTest_FindWorks_TestC2Ev
FN:152,152,_ZN29LinkedListTest_FindWorks_TestD0Ev
FN:152,152,_ZN29LinkedListTest_FindWorks_TestD2Ev
FN:159,159,_ZN28LinkedListTest_AtNormal_Test8TestBodyEv
FN:159,159,_ZN28LinkedListTest_AtNormal_TestC2Ev
FN:159,159,_ZN28LinkedListTest_AtNormal_TestD0Ev
FN:159,159,_ZN28LinkedListTest_AtNormal_TestD2Ev
FN:164,164,_ZN38LinkedListTest_AtThrowsOnBadIndex_Test8TestBodyEv
FN:164,164,_ZN38LinkedListTest_AtThrowsOnBadIndex_TestC2Ev
FN:164,164,_ZN38LinkedListTest_AtThrowsOnBadIndex_TestD0Ev
FN:164,164,_ZN38LinkedListTest_AtThrowsOnBadIndex_TestD2Ev
FN:169,175,_ZN30LinkedListTest_ClearWorks_Test8TestBodyEv
FN:169,175,_ZN30LinkedListTest_ClearWorks_TestC2Ev
FN:169,175,_ZN30LinkedListTest_ClearWorks_TestD0Ev
FN:169,175,_ZN30LinkedListTest_ClearWorks_TestD2Ev
FN:177,184,_ZN31LinkedListTest_SizeCorrect_Test8TestBodyEv
FN:177,184,_ZN31LinkedListTest_SizeCorrect_TestC2Ev
FN:177,184,_ZN31LinkedListTest_SizeCorrect_TestD0Ev
FN:177,184,_ZN31LinkedListTest_SizeCorrect_TestD2Ev
FN:18,18,_ZN29LinkedListTest_PushFront_Test8TestBodyEv
FN:18,18,_ZN29LinkedListTest_PushFront_TestC2Ev
FN:18,18,_ZN29LinkedListTest_PushFront_TestD0Ev
FN:18,18,_ZN29LinkedListTest_PushFront_TestD2Ev
FN:28,28,_ZN28LinkedListTest_PushBack_Test8TestBodyEv
FN:28,28,_ZN28LinkedListTest_PushBack_TestC2Ev
FN:28,28,_ZN28LinkedListTest_PushBack_TestD0Ev
FN:28,28,_ZN28LinkedListTest_PushBack_TestD2Ev
FN:38,44,_ZN34LinkedListTest_PopFrontNormal_Test8TestBodyEv
FN:38,44,_ZN34LinkedListTest_PopFrontNormal_TestC2Ev
FN:38,44,_ZN34LinkedListTest_PopFrontNormal_TestD0Ev
FN:38,44,_ZN34LinkedListTest_PopFrontNormal_TestD2Ev
FN:4,4,_ZN35LinkedListTest_EmptyOnCreation_Test8TestBodyEv
FN:4,4,_ZN35LinkedListTest_EmptyOnCreation_TestC2Ev
FN:4,4,_ZN35LinkedListTest_EmptyOnCreation_TestD0Ev
FN:4,4,_ZN35LinkedListTest_EmptyOnCreation_TestD2Ev
FN:46,46,_ZN41LinkedListTest_PopFrontThrowsOnEmpty_Test8TestBodyEv
FN:46,46,_ZN41LinkedListTest_PopFrontThrowsOnEmpty_TestC2Ev
FN:46,46,_ZN41LinkedListTest_PopFrontThrowsOnEmpty_TestD0Ev
FN:46,46,_ZN41LinkedListTest_PopFrontThrowsOnEmpty_TestD2Ev
FN:51,51,_ZN33LinkedListTest_PopBackNormal_Test8TestBodyEv
FN:51,51,_ZN33LinkedListTest_PopBackNormal_TestC2Ev
FN:51,51,_ZN33LinkedListTest_PopBackNormal_TestD0Ev
FN:51,51,_ZN33LinkedListTest_PopBackNormal_TestD2Ev
FN:59,59,_ZN40LinkedListTest_PopBackThrowsOnEmpty_Test8TestBodyEv
FN:59,59,_ZN40LinkedListTest_PopBackThrowsOnEmpty_TestC2Ev
FN:59,59,_ZN40LinkedListTest_PopBackThrowsOnEmpty_TestD0Ev
FN:59,59,_ZN40LinkedListTest_PopBackThrowsOnEmpty_TestD2Ev
FN:64,64,_ZN36LinkedListTest_InsertBeforeHead_Test8TestBodyEv
FN:64,64,_ZN36LinkedListTest_InsertBeforeHead_TestC2Ev
FN:64,64,_ZN36LinkedListTest_InsertBeforeHead_TestD0Ev
FN:64,64,_ZN36LinkedListTest_InsertBeforeHead_TestD2Ev
FN:72,72,_ZN38LinkedListTest_InsertBeforeMiddle_Test8TestBodyEv
FN:72,72,_ZN38LinkedListTest_InsertBeforeMiddle_TestC2Ev
FN:72,72,_ZN38LinkedListTest_InsertBeforeMiddle_TestD0Ev
FN:72,72,_ZN38LinkedListTest_InsertBeforeMiddle_TestD2Ev
FN:80,80,_ZN42LinkedListTest_InsertBeforeOutOfRange_Test8TestBodyEv
FN:80,80,_ZN42LinkedListTest_InsertBeforeOutOfRange_TestC2Ev
FN:80,80,_ZN42LinkedListTest_InsertBeforeOutOfRange_TestD0Ev
FN:80,80,_ZN42LinkedListTest_InsertBeforeOutOfRange_TestD2Ev
FN:85,91,_ZN37LinkedListTest_InsertAfterNormal_Test8TestBodyEv
FN:85,91,_ZN37LinkedListTest_InsertAfterNormal_TestC2Ev
FN:85,91,_ZN37LinkedListTest_InsertAfterNormal_TestD0Ev
FN:85,91,_ZN37LinkedListTest_InsertAfterNormal_TestD2Ev
FN:93,93,_ZN41LinkedListTest_InsertAfterOutOfRange_Test8TestBodyEv
FN:93,93,_ZN41LinkedListTest_InsertAfterOutOfRange_TestC2Ev
FN:93,93,_ZN41LinkedListTest_InsertAfterOutOfRange_TestD0Ev
FN:93,93,_ZN41LinkedListTest_InsertAfterOutOfRange_TestD2Ev
FN:98,98,_ZN37LinkedListTest_RemoveValueMiddle_Test8TestBodyEv
FN:98,98,_ZN37LinkedListTest_RemoveValueMiddle_TestC2Ev
FN:98,98,_ZN37LinkedListTest_RemoveValueMiddle_TestD0Ev
FN:98,98,_ZN37LinkedListTest_RemoveValueMiddle_TestD2Ev
FNDA:2,_ZN39LinkedListTest_InitListConstructor_Test8TestBodyEv
FNDA:2,_ZN39LinkedListTest_InitListConstructor_TestC2Ev
FNDA:2,_ZN39LinkedListTest_InitListConstructor_TestD0Ev
FNDA:2,_ZN39LinkedListTest_InitListConstructor_TestD2Ev
FNDA:2,_ZN35LinkedListTest_RemoveValueHead_Test8TestBodyEv
FNDA:2,_ZN35LinkedListTest_RemoveValueHead_TestC2Ev
FNDA:2,_ZN35LinkedListTest_RemoveValueHead_TestD0Ev
FNDA:2,_ZN35LinkedListTest_RemoveValueHead_TestD2Ev
FNDA:2,_ZN38LinkedListTest_RemoveBeforeNormal_Test8TestBodyEv
FNDA:2,_ZN38LinkedListTest_RemoveBeforeNormal_TestC2Ev
FNDA:2,_ZN38LinkedListTest_RemoveBeforeNormal_TestD0Ev
FNDA:2,_ZN38LinkedListTest_RemoveBeforeNormal_TestD2Ev
FNDA:2,_ZN38LinkedListTest_RemoveBeforeThrows_Test8TestBodyEv
FNDA:2,_ZN38LinkedListTest_RemoveBeforeThrows_TestC2Ev
FNDA:2,_ZN38LinkedListTest_RemoveBeforeThrows_TestD0Ev
FNDA:2,_ZN38LinkedListTest_RemoveBeforeThrows_TestD2Ev
FNDA:2,_ZN37LinkedListTest_RemoveAfterNormal_Test8TestBodyEv
FNDA:2,_ZN37LinkedListTest_RemoveAfterNormal_TestC2Ev
FNDA:2,_ZN37LinkedListTest_RemoveAfterNormal_TestD0Ev
FNDA:2,_ZN37LinkedListTest_RemoveAfterNormal_TestD2Ev
FNDA:2,_ZN37LinkedListTest_RemoveAfterThrows_Test8TestBodyEv
FNDA:2,_ZN37LinkedListTest_RemoveAfterThrows_TestC2Ev
FNDA:2,_ZN37LinkedListTest_RemoveAfterThrows_TestD0Ev
FNDA:2,_ZN37LinkedListTest_RemoveAfterThrows_TestD2Ev
FNDA:2,_ZN35LinkedListTest_FrontBackAccess_Test8TestBodyEv
FNDA:2,_ZN35LinkedListTest_FrontBackAccess_TestC2Ev
FNDA:2,_ZN35LinkedListTest_FrontBackAccess_TestD0Ev
FNDA:2,_ZN35LinkedListTest_FrontBackAccess_TestD2Ev
FNDA:2,_ZN38LinkedListTest_FrontThrowsOnEmpty_Test8TestBodyEv
FNDA:2,_ZN38LinkedListTest_FrontThrowsOnEmpty_TestC2Ev
FNDA:2,_ZN38LinkedListTest_FrontThrowsOnEmpty_TestD0Ev
FNDA:2,_ZN38LinkedListTest_FrontThrowsOnEmpty_TestD2Ev
FNDA:2,_ZN29LinkedListTest_FindWorks_Test8TestBodyEv
FNDA:2,_ZN29LinkedListTest_FindWorks_TestC2Ev
FNDA:2,_ZN29LinkedListTest_FindWorks_TestD0Ev
FNDA:2,_ZN29LinkedListTest_FindWorks_TestD2Ev
FNDA:2,_ZN28LinkedListTest_AtNormal_Test8TestBodyEv
FNDA:2,_ZN28LinkedListTest_AtNormal_TestC2Ev
FNDA:2,_ZN28LinkedListTest_AtNormal_TestD0Ev
FNDA:2,_ZN28LinkedListTest_AtNormal_TestD2Ev
FNDA:2,_ZN38LinkedListTest_AtThrowsOnBadIndex_Test8TestBodyEv
FNDA:2,_ZN38LinkedListTest_AtThrowsOnBadIndex_TestC2Ev
FNDA:2,_ZN38LinkedListTest_AtThrowsOnBadIndex_TestD0Ev
FNDA:2,_ZN38LinkedListTest_AtThrowsOnBadIndex_TestD2Ev
FNDA:2,_ZN30LinkedListTest_ClearWorks_Test8TestBodyEv
FNDA:2,_ZN30LinkedListTest_ClearWorks_TestC2Ev
FNDA:2,_ZN30LinkedListTest_ClearWorks_TestD0Ev
FNDA:2,_ZN30LinkedListTest_ClearWorks_TestD2Ev
FNDA:2,_ZN31LinkedListTest_SizeCorrect_Test8TestBodyEv
FNDA:2,_ZN31LinkedListTest_SizeCorrect_TestC2Ev
FNDA:2,_ZN31LinkedListTest_SizeCorrect_TestD0Ev
FNDA:2,_ZN31LinkedListTest_SizeCorrect_TestD2Ev
FNDA:2,_ZN29LinkedListTest_PushFront_Test8TestBodyEv
FNDA:2,_ZN29LinkedListTest_PushFront_TestC2Ev
FNDA:2,_ZN29LinkedListTest_PushFront_TestD0Ev
FNDA:2,_ZN29LinkedListTest_PushFront_TestD2Ev
FNDA:2,_ZN28LinkedListTest_PushBack_Test8TestBodyEv
FNDA:2,_ZN28LinkedListTest_PushBack_TestC2Ev
FNDA:2,_ZN28LinkedListTest_PushBack_TestD0Ev
FNDA:2,_ZN28LinkedListTest_PushBack_TestD2Ev
FNDA:2,_ZN34LinkedListTest_PopFrontNormal_Test8TestBodyEv
FNDA:2,_ZN34LinkedListTest_PopFrontNormal_TestC2Ev
FNDA:2,_ZN34LinkedListTest_PopFrontNormal_TestD0Ev
FNDA:2,_ZN34LinkedListTest_PopFrontNormal_TestD2Ev
FNDA:2,_ZN35LinkedListTest_EmptyOnCreation_Test8TestBodyEv
FNDA:2,_ZN35LinkedListTest_EmptyOnCreation_TestC2Ev
FNDA:2,_ZN35LinkedListTest_EmptyOnCreation_TestD0Ev
FNDA:2,_ZN35LinkedListTest_EmptyOnCreation_TestD2Ev
FNDA:2,_ZN41LinkedListTest_PopFrontThrowsOnEmpty_Test8TestBodyEv
FNDA:2,_ZN41LinkedListTest_PopFrontThrowsOnEmpty_TestC2Ev
FNDA:2,_ZN41LinkedListTest_PopFrontThrowsOnEmpty_TestD0Ev
FNDA:2,_ZN41LinkedListTest_PopFrontThrowsOnEmpty_TestD2Ev
FNDA:2,_ZN33LinkedListTest_PopBackNormal_Test8TestBodyEv
FNDA:2,_ZN33LinkedListTest_PopBackNormal_TestC2Ev
FNDA:2,_ZN33LinkedListTest_PopBackNormal_TestD0Ev
FNDA:2,_ZN33LinkedListTest_PopBackNormal_TestD2Ev
FNDA:2,_ZN40LinkedListTest_PopBackThrowsOnEmpty_Test8TestBodyEv
FNDA:2,_ZN40LinkedListTest_PopBackThrowsOnEmpty_TestC2Ev
FNDA:2,_ZN40LinkedListTest_PopBackThrowsOnEmpty_TestD0Ev
FNDA:2,_ZN40LinkedListTest_PopBackThrowsOnEmpty_TestD2Ev
FNDA:2,_ZN36LinkedListTest_InsertBeforeHead_Test8TestBodyEv
FNDA:2,_ZN36LinkedListTest_InsertBeforeHead_TestC2Ev
FNDA:2,_ZN36LinkedListTest_InsertBeforeHead_TestD0Ev
FNDA:2,_ZN36LinkedListTest_InsertBeforeHead_TestD2Ev
FNDA:2,_ZN38LinkedListTest_InsertBeforeMiddle_Test8TestBodyEv
FNDA:2,_ZN38LinkedListTest_InsertBeforeMiddle_TestC2Ev
FNDA:2,_ZN38LinkedListTest_InsertBeforeMiddle_TestD0Ev
FNDA:2,_ZN38LinkedListTest_InsertBeforeMiddle_TestD2Ev
FNDA:2,_ZN42LinkedListTest_InsertBeforeOutOfRange_Test8TestBodyEv
FNDA:2,_ZN42LinkedListTest_InsertBeforeOutOfRange_TestC2Ev
FNDA:2,_ZN42LinkedListTest_InsertBeforeOutOfRange_TestD0Ev
FNDA:2,_ZN42LinkedListTest_InsertBeforeOutOfRange_TestD2Ev
FNDA:2,_ZN37LinkedListTest_InsertAfterNormal_Test8TestBodyEv
FNDA:2,_ZN37LinkedListTest_InsertAfterNormal_TestC2Ev
FNDA:2,_ZN37LinkedListTest_InsertAfterNormal_TestD0Ev
FNDA:2,_ZN37LinkedListTest_InsertAfterNormal_TestD2Ev
FNDA:2,_ZN41LinkedListTest_InsertAfterOutOfRange_Test8TestBodyEv
FNDA:2,_ZN41LinkedListTest_InsertAfterOutOfRange_TestC2Ev
FNDA:2,_ZN41LinkedListTest_InsertAfterOutOfRange_TestD0Ev
FNDA:2,_ZN41LinkedListTest_InsertAfterOutOfRange_TestD2Ev
FNDA:2,_ZN37LinkedListTest_RemoveValueMiddle_Test8TestBodyEv
FNDA:2,_ZN37LinkedListTest_RemoveValueMiddle_TestC2Ev
FNDA:2,_ZN37LinkedListTest_RemoveValueMiddle_TestD0Ev
FNDA:2,_ZN37LinkedListTest_RemoveValueMiddle_TestD2Ev
FNF:104
FNH:104
DA:4,8
DA:5,2
DA:6,2
DA:7,2
DA:8,2
DA:10,8
DA:11,2
DA:12,2
DA:13,2
DA:14,2
DA:15,2
DA:16,2
DA:18,8
DA:19,2
DA:20,2
DA:21,2
DA:23,2
DA:24,2
DA:25,2
DA:26,2
DA:28,8
DA:29,2
DA:30,2
DA:31,2
DA:33,2
DA:34,2
DA:35,2
DA:36,2
DA:38,8
DA:39,2
DA:40,2
DA:42,2
DA:43,2
DA:44,2
DA:46,8
DA:47,2
DA:48,2
DA:49,2
DA:51,8
DA:52,2
DA:53,2
DA:55,2
DA:56,2
DA:57,2
DA:59,8
DA:60,2
DA:61,2
DA:62,2
DA:64,8
DA:65,2
DA:66,2
DA:68,2
DA:69,2
DA:70,2
DA:72,8
DA:73,2
DA:74,2
DA:76,2
DA:77,2
DA:78,2
DA:80,8
DA:81,2
DA:82,2
DA:83,2
DA:85,8
DA:86,2
DA:87,2
DA:89,2
DA:90,2
DA:91,2
DA:93,8
DA:94,2
DA:95,2
DA:96,2
DA:98,8
DA:99,2
DA:100,2
DA:101,2
DA:103,2
DA:104,2
DA:105,2
DA:107,8
DA:108,2
DA:109,2
DA:110,2
DA:112,2
DA:113,2
DA:115,8
DA:116,2
DA:117,2
DA:119,2
DA:120,2
DA:121,2
DA:123,8
DA:124,2
DA:125,2
DA:126,2
DA:128,8
DA:129,2
DA:130,2
DA:132,2
DA:133,2
DA:134,2
DA:136,8
DA:137,2
DA:138,2
DA:139,2
DA:141,8
DA:142,2
DA:143,2
DA:144,2
DA:145,2
DA:147,8
DA:148,2
DA:149,2
DA:150,2
DA:152,8
DA:153,2
DA:154,2
DA:155,2
DA:156,2
DA:157,2
DA:159,8
DA:160,2
DA:161,2
DA:162,2
DA:164,8
DA:165,2
DA:166,2
DA:167,2
DA:169,8
DA:170,2
DA:171,2
DA:173,2
DA:174,2
DA:175,2
DA:177,8
DA:178,2
DA:179,2
DA:180,2
DA:181,2
DA:183,2
DA:184,2
LF:143
LH:143
end_of_record
TN:
SF:/home/xxaqurm/proga/ProgrammingCourse/LaboratoryWork/Semester_3/Laboratory_3/C++/tests/queue_test.cpp
FN:10,10,_ZN35QueueTest_EnqueueIncreasesSize_Test8TestBodyEv
FN:10,10,_ZN35QueueTest_EnqueueIncreasesSize_TestC2Ev
FN:10,10,_ZN35QueueTest_EnqueueIncreasesSize_TestD0Ev
FN:10,10,_ZN35QueueTest_EnqueueIncreasesSize_TestD2Ev
FN:100,108,_ZN28QueueTest_PushBackWorks_Test8TestBodyEv
FN:100,108,_ZN28QueueTest_PushBackWorks_TestC2Ev
FN:100,108,_ZN28QueueTest_PushBackWorks_TestD0Ev
FN:100,108,_ZN28QueueTest_PushBackWorks_TestD2Ev
FN:110,118,_ZN26QueueTest_RemoveWorks_Test8TestBodyEv
FN:110,118,_ZN26QueueTest_RemoveWorks_TestC2Ev
FN:110,118,_ZN26QueueTest_RemoveWorks_TestD0Ev
FN:110,118,_ZN26QueueTest_RemoveWorks_TestD2Ev
FN:20,20,_ZN35QueueTest_DequeueDecreasesSize_Test8TestBodyEv
FN:20,20,_ZN35QueueTest_DequeueDecreasesSize_TestC2Ev
FN:20,20,_ZN35QueueTest_DequeueDecreasesSize_TestD0Ev
FN:20,20,_ZN35QueueTest_DequeueDecreasesSize_TestD2Ev
FN:30,30,_ZN35QueueTest_DequeueThrowsOnEmpty_Test8TestBodyEv
FN:30,30,_ZN35QueueTest_DequeueThrowsOnEmpty_TestC2Ev
FN:30,30,_ZN35QueueTest_DequeueThrowsOnEmpty_TestD0Ev
FN:30,30,_ZN35QueueTest_DequeueThrowsOnEmpty_TestD2Ev
FN:35,35,_ZN30QueueTest_FrontBackAccess_Test8TestBodyEv
FN:35,35,_ZN30QueueTest_FrontBackAccess_TestC2Ev
FN:35,35,_ZN30QueueTest_FrontBackAccess_TestD0Ev
FN:35,35,_ZN30QueueTest_FrontBackAccess_TestD2Ev
FN:4,4,_ZN30QueueTest_EmptyOnCreation_Test8TestBodyEv
FN:4,4,_ZN30QueueTest_EmptyOnCreation_TestC2Ev
FN:4,4,_ZN30QueueTest_EmptyOnCreation_TestD0Ev
FN:4,4,_ZN30QueueTest_EmptyOnCreation_TestD2Ev
FN:44,44,_ZN37QueueTest_FrontBackThrowsOnEmpty_Test8TestBodyEv
FN:44,44,_ZN37QueueTest_FrontBackThrowsOnEmpty_TestC2Ev
FN:44,44,_ZN37QueueTest_FrontBackThrowsOnEmpty_TestD0Ev
FN:44,44,_ZN37QueueTest_FrontBackThrowsOnEmpty_TestD2Ev
FN:50,50,_ZN25QueueTest_EmptyWorks_Test8TestBodyEv
FN:50,50,_ZN25QueueTest_EmptyWorks_TestC2Ev
FN:50,50,_ZN25QueueTest_EmptyWorks_TestD0Ev
FN:50,50,_ZN25QueueTest_EmptyWorks_TestD2Ev
FN:59,59,_ZN24QueueTest_SizeWorks_Test8TestBodyEv
FN:59,59,_ZN24QueueTest_SizeWorks_TestC2Ev
FN:59,59,_ZN24QueueTest_SizeWorks_TestD0Ev
FN:59,59,_ZN24QueueTest_SizeWorks_TestD2Ev
FN:69,69,_ZN32QueueTest_ClearEmptiesQueue_Test8TestBodyEv
FN:69,69,_ZN32QueueTest_ClearEmptiesQueue_TestC2Ev
FN:69,69,_ZN32QueueTest_ClearEmptiesQueue_TestD0Ev
FN:69,69,_ZN32QueueTest_ClearEmptiesQueue_TestD2Ev
FN:81,81,_ZN24QueueTest_FindWorks_Test8TestBodyEv
FN:81,81,_ZN24QueueTest_FindWorks_TestC2Ev
FN:81,81,_ZN24QueueTest_FindWorks_TestD0Ev
FN:81,81,_ZN24QueueTest_FindWorks_TestD2Ev
FN:92,92,_ZN29QueueTest_AtReturnsFront_Test8TestBodyEv
FN:92,92,_ZN29QueueTest_AtReturnsFront_TestC2Ev
FN:92,92,_ZN29QueueTest_AtReturnsFront_TestD0Ev
FN:92,92,_ZN29QueueTest_AtReturnsFront_TestD2Ev
FNDA:2,_ZN35QueueTest_EnqueueIncreasesSize_Test8TestBodyEv
FNDA:2,_ZN35QueueTest_EnqueueIncreasesSize_TestC2Ev
FNDA:2,_ZN35QueueTest_EnqueueIncreasesSize_TestD0Ev
FNDA:2,_ZN35QueueTest_EnqueueIncreasesSize_TestD2Ev
FNDA:2,_ZN28QueueTest_PushBackWorks_Test8TestBodyEv
FNDA:2,_ZN28QueueTest_PushBackWorks_TestC2Ev
FNDA:2,_ZN28QueueTest_PushBackWorks_TestD0Ev
FNDA:2,_ZN28QueueTest_PushBackWorks_TestD2Ev
FNDA:2,_ZN26QueueTest_RemoveWorks_Test8TestBodyEv
FNDA:2,_ZN26QueueTest_RemoveWorks_TestC2Ev
FNDA:2,_ZN26QueueTest_RemoveWorks_TestD0Ev
FNDA:2,_ZN26QueueTest_RemoveWorks_TestD2Ev
FNDA:2,_ZN35QueueTest_DequeueDecreasesSize_Test8TestBodyEv
FNDA:2,_ZN35QueueTest_DequeueDecreasesSize_TestC2Ev
FNDA:2,_ZN35QueueTest_DequeueDecreasesSize_TestD0Ev
FNDA:2,_ZN35QueueTest_DequeueDecreasesSize_TestD2Ev
FNDA:2,_ZN35QueueTest_DequeueThrowsOnEmpty_Test8TestBodyEv
FNDA:2,_ZN35QueueTest_DequeueThrowsOnEmpty_TestC2Ev
FNDA:2,_ZN35QueueTest_DequeueThrowsOnEmpty_TestD0Ev
FNDA:2,_ZN35QueueTest_DequeueThrowsOnEmpty_TestD2Ev
FNDA:2,_ZN30QueueTest_FrontBackAccess_Test8TestBodyEv
FNDA:2,_ZN30QueueTest_FrontBackAccess_TestC2Ev
FNDA:2,_ZN30QueueTest_FrontBackAccess_TestD0Ev
FNDA:2,_ZN30QueueTest_FrontBackAccess_TestD2Ev
FNDA:2,_ZN30QueueTest_EmptyOnCreation_Test8TestBodyEv
FNDA:2,_ZN30QueueTest_EmptyOnCreation_TestC2Ev
FNDA:2,_ZN30QueueTest_EmptyOnCreation_TestD0Ev
FNDA:2,_ZN30QueueTest_EmptyOnCreation_TestD2Ev
FNDA:2,_ZN37QueueTest_FrontBackThrowsOnEmpty_Test8TestBodyEv
FNDA:2,_ZN37QueueTest_FrontBackThrowsOnEmpty_TestC2Ev
FNDA:2,_ZN37QueueTest_FrontBackThrowsOnEmpty_TestD0Ev
FNDA:2,_ZN37QueueTest_FrontBackThrowsOnEmpty_TestD2Ev
FNDA:2,_ZN25QueueTest_EmptyWorks_Test8TestBodyEv
FNDA:2,_ZN25QueueTest_EmptyWorks_TestC2Ev
FNDA:2,_ZN25QueueTest_EmptyWorks_TestD0Ev
FNDA:2,_ZN25QueueTest_EmptyWorks_TestD2Ev
FNDA:2,_ZN24QueueTest_SizeWorks_Test8TestBodyEv
FNDA:2,_ZN24QueueTest_SizeWorks_TestC2Ev
FNDA:2,_ZN24QueueTest_SizeWorks_TestD0Ev
FNDA:2,_ZN24QueueTest_SizeWorks_TestD2Ev
FNDA:2,_ZN32QueueTest_ClearEmptiesQueue_Test8TestBodyEv
FNDA:2,_ZN32QueueTest_ClearEmptiesQueue_TestC2Ev
FNDA:2,_ZN32QueueTest_ClearEmptiesQueue_TestD0Ev
FNDA:2,_ZN32QueueTest_ClearEmptiesQueue_TestD2Ev
FNDA:2,_ZN24QueueTest_FindWorks_Test8TestBodyEv
FNDA:2,_ZN24QueueTest_FindWorks_TestC2Ev
FNDA:2,_ZN24QueueTest_FindWorks_TestD0Ev
FNDA:2,_ZN24QueueTest_FindWorks_TestD2Ev
FNDA:2,_ZN29QueueTest_AtReturnsFront_Test8TestBodyEv
FNDA:2,_ZN29QueueTest_AtReturnsFront_TestC2Ev
FNDA:2,_ZN29QueueTest_AtReturnsFront_TestD0Ev
FNDA:2,_ZN29QueueTest_AtReturnsFront_TestD2Ev
FNF:52
FNH:52
DA:4,8
DA:5,2
DA:6,2
DA:7,2
DA:8,2
DA:10,8
DA:11,2
DA:12,2
DA:13,2
DA:15,2
DA:16,2
DA:17,2
DA:18,2
DA:20,8
DA:21,2
DA:22,2
DA:23,2
DA:24,2
DA:26,2
DA:27,2
DA:28,2
DA:30,8
DA:31,2
DA:32,2
DA:33,2
DA:35,8
DA:36,2
DA:37,2
DA:38,2
DA:40,2
DA:41,2
DA:42,2
DA:44,8
DA:45,2
DA:46,2
DA:47,2
DA:48,2
DA:50,8
DA:51,2
DA:52,2
DA:53,2
DA:54,2
DA:55,2
DA:56,2
DA:57,2
DA:59,8
DA:60,2
DA:61,2
DA:62,2
DA:63,2
DA:64,2
DA:65,2
DA:66,2
DA:67,2
DA:69,8
DA:70,2
DA:71,2
DA:72,2
DA:73,2
DA:75,2
DA:76,2
DA:77,2
DA:78,2
DA:79,2
DA:81,8
DA:82,2
DA:83,2
DA:84,2
DA:85,2
DA:87,2
[...]
FN:457,457,_ZN7testing8internal15TestFactoryImplI36AVLTreeTest_ContainsOnEmptyTree_TestE10CreateTestEv
FN:457,457,_ZN7testing8internal15TestFactoryImplI36AVLTreeTest_InsertSingleElement_TestE10CreateTestEv
FN:457,457,_ZN7testing8internal15TestFactoryImplI36ForwardListTest_RemoveValueHead_TestE10CreateTestEv
FN:457,457,_ZN7testing8internal15TestFactoryImplI36HashMapTest_GetThrowsIfNotFound_TestE10CreateTestEv
FN:457,457,_ZN7testing8internal15TestFactoryImplI36LinkedListTest_InsertBeforeHead_TestE10CreateTestEv
FN:457,457,_ZN7testing8internal15TestFactoryImplI37ForwardListTest_AtReturnsCorrect_TestE10CreateTestEv
FN:457,457,_ZN7testing8internal15TestFactoryImplI37LinkedListTest_InsertAfterNormal_TestE10CreateTestEv
FN:457,457,_ZN7testing8internal15TestFactoryImplI37LinkedListTest_RemoveAfterNormal_TestE10CreateTestEv
FN:457,457,_ZN7testing8internal15TestFactoryImplI37LinkedListTest_RemoveAfterThrows_TestE10CreateTestEv
FN:457,457,_ZN7testing8internal15TestFactoryImplI37LinkedListTest_RemoveValueMiddle_TestE10CreateTestEv
FN:457,457,_ZN7testing8internal15TestFactoryImplI37QueueTest_FrontBackThrowsOnEmpty_TestE10CreateTestEv
FN:457,457,_ZN7testing8internal15TestFactoryImplI38ArrayTest_ConstructorWithCapacity_TestE10CreateTestEv
FN:457,457,_ZN7testing8internal15TestFactoryImplI38DoubleHashingSetTest_RemoveString_TestE10CreateTestEv
FN:457,457,_ZN7testing8internal15TestFactoryImplI38ForwardListTest_InsertAfterThrows_TestE10CreateTestEv
FN:457,457,_ZN7testing8internal15TestFactoryImplI38ForwardListTest_RemoveAfterThrows_TestE10CreateTestEv
FN:457,457,_ZN7testing8internal15TestFactoryImplI38LinkedListTest_AtThrowsOnBadIndex_TestE10CreateTestEv
FN:457,457,_ZN7testing8internal15TestFactoryImplI38LinkedListTest_FrontThrowsOnEmpty_TestE10CreateTestEv
FN:457,457,_ZN7testing8internal15TestFactoryImplI38LinkedListTest_InsertBeforeMiddle_TestE10CreateTestEv
FN:457,457,_ZN7testing8internal15TestFactoryImplI38LinkedListTest_RemoveBeforeNormal_TestE10CreateTestEv
FN:457,457,_ZN7testing8internal15TestFactoryImplI38LinkedListTest_RemoveBeforeThrows_TestE10CreateTestEv
FN:457,457,_ZN7testing8internal15TestFactoryImplI39AVLTreeTest_RebalanceLeftRightCase_TestE10CreateTestEv
FN:457,457,_ZN7testing8internal15TestFactoryImplI39AVLTreeTest_RebalanceRightLeftCase_TestE10CreateTestEv
FN:457,457,_ZN7testing8internal15TestFactoryImplI39AVLTreeTest_RemoveNodeWithOneChild_TestE10CreateTestEv
FN:457,457,_ZN7testing8internal15TestFactoryImplI39ForwardListTest_DefaultConstructor_TestE10CreateTestEv
FN:457,457,_ZN7testing8internal15TestFactoryImplI39ForwardListTest_InsertBeforeThrows_TestE10CreateTestEv
FN:457,457,_ZN7testing8internal15TestFactoryImplI39ForwardListTest_RemoveBeforeThrows_TestE10CreateTestEv
FN:457,457,_ZN7testing8internal15TestFactoryImplI39HashMapTest_GetReturnsCorrectValue_TestE10CreateTestEv
FN:457,457,_ZN7testing8internal15TestFactoryImplI39LinkedListTest_InitListConstructor_TestE10CreateTestEv
FN:457,457,_ZN7testing8internal15TestFactoryImplI40HashMapTest_GetNonExistentKeyThrows_TestE10CreateTestEv
FN:457,457,_ZN7testing8internal15TestFactoryImplI40LinkedListTest_PopBackThrowsOnEmpty_TestE10CreateTestEv
FN:457,457,_ZN7testing8internal15TestFactoryImplI41ArrayTest_InitializerListConstructor_TestE10CreateTestEv
FN:457,457,_ZN7testing8internal15TestFactoryImplI41ForwardListTest_PopBackSingleElement_TestE10CreateTestEv
FN:457,457,_ZN7testing8internal15TestFactoryImplI41LinkedListTest_InsertAfterOutOfRange_TestE10CreateTestEv
FN:457,457,_ZN7testing8internal15TestFactoryImplI41LinkedListTest_PopFrontThrowsOnEmpty_TestE10CreateTestEv
FN:457,457,_ZN7testing8internal15TestFactoryImplI42AVLTreeTest_RemoveNodeWithTwoChildren_TestE10CreateTestEv
FN:457,457,_ZN7testing8internal15TestFactoryImplI42ArrayTest_ConstructorWithSizeAndValue_TestE10CreateTestEv
FN:457,457,_ZN7testing8internal15TestFactoryImplI42ForwardListTest_InsertBeforeIndexZero_TestE10CreateTestEv
FN:457,457,_ZN7testing8internal15TestFactoryImplI42LinkedListTest_InsertBeforeOutOfRange_TestE10CreateTestEv
FN:457,457,_ZN7testing8internal15TestFactoryImplI43ForwardListTest_FrontBackThrowsOnEmpty_TestE10CreateTestEv
FN:457,457,_ZN7testing8internal15TestFactoryImplI44DoubleHashingSetTest_InsertDuplicateInt_TestE10CreateTestEv
FN:457,457,_ZN7testing8internal15TestFactoryImplI45DoubleHashingSetTest_HandleCollisionsInt_TestE10CreateTestEv
FN:457,457,_ZN7testing8internal15TestFactoryImplI46DoubleHashingSetTest_InsertAndContainsInt_TestE10CreateTestEv
FN:457,457,_ZN7testing8internal15TestFactoryImplI47AVLTreeTest_InsertMultipleElementsBalanced_TestE10CreateTestEv
FN:457,457,_ZN7testing8internal15TestFactoryImplI47DoubleHashingSetTest_RemoveAndReuseSlotInt_TestE10CreateTestEv
FN:457,457,_ZN7testing8internal15TestFactoryImplI47ForwardListTest_InitializerListConstructor_TestE10CreateTestEv
FN:457,457,_ZN7testing8internal15TestFactoryImplI49DoubleHashingSetTest_InsertAndContainsString_TestE10CreateTestEv
FN:478,479,_ZN7testing8internal12CodeLocationC2ERKNSt7__cxx1112basic_stringIcSt11char_traitsIcESaIcEEEi
FN:491,494,_ZN7testing8internal19GetNotDefaultOrNullEPFvvES2_
FN:506,525,_ZN7testing8internal16SuiteApiResolverINS_4TestEE19GetSetUpCaseOrSuiteEPKci
FN:527,546,_ZN7testing8internal16SuiteApiResolverINS_4TestEE22GetTearDownCaseOrSuiteEPKci
FN:843,843,_ZN7testing8internal14TrueWithStringC2Ev
FN:846,846,_ZNK7testing8internal14TrueWithStringcvbEv
FNDA:0,_ZN7testing8internal15TestFactoryBaseD0Ev
FNDA:262,_ZN7testing8internal15TestFactoryBaseD2Ev
FNDA:262,_ZN7testing8internal15TestFactoryBaseC2Ev
FNDA:2,_ZN7testing8internal15TestFactoryImplI22ArrayTest_PopBack_TestE10CreateTestEv
FNDA:2,_ZN7testing8internal15TestFactoryImplI23ArrayTest_AtMethod_TestE10CreateTestEv
FNDA:2,_ZN7testing8internal15TestFactoryImplI23ArrayTest_FindTest_TestE10CreateTestEv
FNDA:2,_ZN7testing8internal15TestFactoryImplI23ArrayTest_PushBack_TestE10CreateTestEv
FNDA:2,_ZN7testing8internal15TestFactoryImplI24ArrayTest_EraseTest_TestE10CreateTestEv
FNDA:2,_ZN7testing8internal15TestFactoryImplI24ArrayTest_FrontBack_TestE10CreateTestEv
FNDA:2,_ZN7testing8internal15TestFactoryImplI24QueueTest_FindWorks_TestE10CreateTestEv
FNDA:2,_ZN7testing8internal15TestFactoryImplI24QueueTest_SizeWorks_TestE10CreateTestEv
FNDA:2,_ZN7testing8internal15TestFactoryImplI25ArrayTest_InsertTest_TestE10CreateTestEv
FNDA:2,_ZN7testing8internal15TestFactoryImplI25ArrayTest_RemoveTest_TestE10CreateTestEv
FNDA:2,_ZN7testing8internal15TestFactoryImplI25HashMapTest_ClearMap_TestE10CreateTestEv
FNDA:2,_ZN7testing8internal15TestFactoryImplI25HashMapTest_Contains_TestE10CreateTestEv
FNDA:2,_ZN7testing8internal15TestFactoryImplI25QueueTest_EmptyWorks_TestE10CreateTestEv
FNDA:2,_ZN7testing8internal15TestFactoryImplI26HashMapTest_RemoveKey_TestE10CreateTestEv
FNDA:2,_ZN7testing8internal15TestFactoryImplI26QueueTest_RemoveWorks_TestE10CreateTestEv
FNDA:2,_ZN7testing8internal15TestFactoryImplI27ArrayTest_ResizeToLeft_TestE10CreateTestEv
FNDA:2,_ZN7testing8internal15TestFactoryImplI28ForwardListTest_PopBack_TestE10CreateTestEv
FNDA:2,_ZN7testing8internal15TestFactoryImplI28LinkedListTest_AtNormal_TestE10CreateTestEv
FNDA:2,_ZN7testing8internal15TestFactoryImplI28LinkedListTest_PushBack_TestE10CreateTestEv
FNDA:2,_ZN7testing8internal15TestFactoryImplI28QueueTest_PushBackWorks_TestE10CreateTestEv
FNDA:2,_ZN7testing8internal15TestFactoryImplI29ForwardListTest_AtThrows_TestE10CreateTestEv
FNDA:2,_ZN7testing8internal15TestFactoryImplI29ForwardListTest_FindTest_TestE10CreateTestEv
FNDA:2,_ZN7testing8internal15TestFactoryImplI29ForwardListTest_PopFront_TestE10CreateTestEv
FNDA:2,_ZN7testing8internal15TestFactoryImplI29ForwardListTest_PushBack_TestE10CreateTestEv
FNDA:2,_ZN7testing8internal15TestFactoryImplI29ForwardListTest_SizeTest_TestE10CreateTestEv
FNDA:2,_ZN7testing8internal15TestFactoryImplI29HashMapTest_EmptyAndSize_TestE10CreateTestEv
FNDA:2,_ZN7testing8internal15TestFactoryImplI29HashMapTest_InsertAndGet_TestE10CreateTestEv
FNDA:2,_ZN7testing8internal15TestFactoryImplI29LinkedListTest_FindWorks_TestE10CreateTestEv
FNDA:2,_ZN7testing8internal15TestFactoryImplI29LinkedListTest_PushFront_TestE10CreateTestEv
FNDA:2,_ZN7testing8internal15TestFactoryImplI29QueueTest_AtReturnsFront_TestE10CreateTestEv
FNDA:2,_ZN7testing8internal15TestFactoryImplI30ArrayTest_CopyConstructor_TestE10CreateTestEv
FNDA:2,_ZN7testing8internal15TestFactoryImplI30ForwardListTest_ClearTest_TestE10CreateTestEv
FNDA:2,_ZN7testing8internal15TestFactoryImplI30ForwardListTest_EmptyTest_TestE10CreateTestEv
FNDA:2,_ZN7testing8internal15TestFactoryImplI30ForwardListTest_FrontBack_TestE10CreateTestEv
FNDA:2,_ZN7testing8internal15TestFactoryImplI30ForwardListTest_PushFront_TestE10CreateTestEv
FNDA:2,_ZN7testing8internal15TestFactoryImplI30HashMapTest_ContainsWorks_TestE10CreateTestEv
FNDA:2,_ZN7testing8internal15TestFactoryImplI30HashMapTest_ItemsFunction_TestE10CreateTestEv
FNDA:2,_ZN7testing8internal15TestFactoryImplI30LinkedListTest_ClearWorks_TestE10CreateTestEv
FNDA:2,_ZN7testing8internal15TestFactoryImplI30QueueTest_EmptyOnCreation_TestE10CreateTestEv
FNDA:2,_ZN7testing8internal15TestFactoryImplI30QueueTest_FrontBackAccess_TestE10CreateTestEv
FNDA:2,_ZN7testing8internal15TestFactoryImplI30StackTest_NewStackIsEmpty_TestE10CreateTestEv
FNDA:2,_ZN7testing8internal15TestFactoryImplI30StackTest_PushPopSequence_TestE10CreateTestEv
FNDA:2,_ZN7testing8internal15TestFactoryImplI30StackTest_RepeatedPushPop_TestE10CreateTestEv
FNDA:2,_ZN7testing8internal15TestFactoryImplI31AVLTreeTest_RemoveLeafNode_TestE10CreateTestEv
FNDA:2,_ZN7testing8internal15TestFactoryImplI31HashMapTest_OverwriteValue_TestE10CreateTestEv
FNDA:2,_ZN7testing8internal15TestFactoryImplI31HashMapTest_ThrowsWhenFull_TestE10CreateTestEv
FNDA:2,_ZN7testing8internal15TestFactoryImplI31LinkedListTest_SizeCorrect_TestE10CreateTestEv
FNDA:2,_ZN7testing8internal15TestFactoryImplI31StackTest_PopDecreasesSize_TestE10CreateTestEv
FNDA:2,_ZN7testing8internal15TestFactoryImplI31StackTest_PopThrowsOnEmpty_TestE10CreateTestEv
FNDA:2,_ZN7testing8internal15TestFactoryImplI31StackTest_TopThrowsOnEmpty_TestE10CreateTestEv
FNDA:2,_ZN7testing8internal15TestFactoryImplI32ForwardListTest_InsertAfter_TestE10CreateTestEv
FNDA:2,_ZN7testing8internal15TestFactoryImplI32ForwardListTest_RemoveAfter_TestE10CreateTestEv
FNDA:2,_ZN7testing8internal15TestFactoryImplI32ForwardListTest_RemoveValue_TestE10CreateTestEv
FNDA:2,_ZN7testing8internal15TestFactoryImplI32HashMapTest_CopyConstructor_TestE10CreateTestEv
FNDA:2,_ZN7testing8internal15TestFactoryImplI32HashMapTest_EmptyOnCreation_TestE10CreateTestEv
FNDA:2,_ZN7testing8internal15TestFactoryImplI32HashMapTest_RehashTriggered_TestE10CreateTestEv
FNDA:2,_ZN7testing8internal15TestFactoryImplI32QueueTest_ClearEmptiesQueue_TestE10CreateTestEv
FNDA:2,_ZN7testing8internal15TestFactoryImplI32StackTest_ClearEmptiesStack_TestE10CreateTestEv
FNDA:2,_ZN7testing8internal15TestFactoryImplI32StackTest_PushIncreasesSize_TestE10CreateTestEv
FNDA:2,_ZN7testing8internal15TestFactoryImplI33ArrayTest_AssignmentOperator_TestE10CreateTestEv
FNDA:2,_ZN7testing8internal15TestFactoryImplI33ArrayTest_DefaultConstructor_TestE10CreateTestEv
FNDA:2,_ZN7testing8internal15TestFactoryImplI33ForwardListTest_InsertBefore_TestE10CreateTestEv
FNDA:2,_ZN7testing8internal15TestFactoryImplI33ForwardListTest_RemoveBefore_TestE10CreateTestEv
FNDA:2,_ZN7testing8internal15TestFactoryImplI33HashMapTest_RemoveDeletesKey_TestE10CreateTestEv
FNDA:2,_ZN7testing8internal15TestFactoryImplI33LinkedListTest_PopBackNormal_TestE10CreateTestEv
FNDA:2,_ZN7testing8internal15TestFactoryImplI33StackTest_EmptyReflectsState_TestE10CreateTestEv
FNDA:2,_ZN7testing8internal15TestFactoryImplI34ForwardListTest_PopBackThrows_TestE10CreateTestEv
FNDA:2,_ZN7testing8internal15TestFactoryImplI34HashMapTest_HandlesCollisions_TestE10CreateTestEv
FNDA:2,_ZN7testing8internal15TestFactoryImplI34HashMapTest_RemoveAndReinsert_TestE10CreateTestEv
FNDA:2,_ZN7testing8internal15TestFactoryImplI34LinkedListTest_PopFrontNormal_TestE10CreateTestEv
FNDA:2,_ZN7testing8internal15TestFactoryImplI35DoubleHashingSetTest_RemoveInt_TestE10CreateTestEv
FNDA:2,_ZN7testing8internal15TestFactoryImplI35DoubleHashingSetTest_ResizeInt_TestE10CreateTestEv
FNDA:2,_ZN7testing8internal15TestFactoryImplI35ForwardListTest_PopFrontThrows_TestE10CreateTestEv
FNDA:2,_ZN7testing8internal15TestFactoryImplI35HashMapTest_AssignmentOperator_TestE10CreateTestEv
FNDA:2,_ZN7testing8internal15TestFactoryImplI35HashMapTest_InsertAddsElements_TestE10CreateTestEv
FNDA:2,_ZN7testing8internal15TestFactoryImplI35HashMapTest_InsertUpdatesValue_TestE10CreateTestEv
FNDA:2,_ZN7testing8internal15TestFactoryImplI35HashMapTest_SizeAndIsEmptyWork_TestE10CreateTestEv
FNDA:2,_ZN7testing8internal15TestFactoryImplI35LinkedListTest_EmptyOnCreation_TestE10CreateTestEv
FNDA:2,_ZN7testing8internal15TestFactoryImplI35LinkedListTest_FrontBackAccess_TestE10CreateTestEv
FNDA:2,_ZN7testing8internal15TestFactoryImplI35LinkedListTest_RemoveValueHead_TestE10CreateTestEv
FNDA:2,_ZN7testing8internal15TestFactoryImplI35QueueTest_DequeueDecreasesSize_TestE10CreateTestEv
FNDA:2,_ZN7testing8internal15TestFactoryImplI35QueueTest_DequeueThrowsOnEmpty_TestE10CreateTestEv
FNDA:2,_ZN7testing8internal15TestFactoryImplI35QueueTest_EnqueueIncreasesSize_TestE10CreateTestEv
FNDA:2,_ZN7testing8internal15TestFactoryImplI35StackTest_SizeUpdatesCorrectly_TestE10CreateTestEv
FNDA:2,_ZN7testing8internal15TestFactoryImplI35StackTest_TopReturnsLastPushed_TestE10CreateTestEv
FNDA:2,_ZN7testing8internal15TestFactoryImplI36AVLTreeTest_ContainsOnEmptyTree_TestE10CreateTestEv
FNDA:2,_ZN7testing8internal15TestFactoryImplI36AVLTreeTest_InsertSingleElement_TestE10CreateTestEv
FNDA:2,_ZN7testing8internal15TestFactoryImplI36ForwardListTest_RemoveValueHead_TestE10CreateTestEv
FNDA:2,_ZN7testing8internal15TestFactoryImplI36HashMapTest_GetThrowsIfNotFound_TestE10CreateTestEv
FNDA:2,_ZN7testing8internal15TestFactoryImplI36LinkedListTest_InsertBeforeHead_TestE10CreateTestEv
FNDA:2,_ZN7testing8internal15TestFactoryImplI37ForwardListTest_AtReturnsCorrect_TestE10CreateTestEv
FNDA:2,_ZN7testing8internal15TestFactoryImplI37LinkedListTest_InsertAfterNormal_TestE10CreateTestEv
FNDA:2,_ZN7testing8internal15TestFactoryImplI37LinkedListTest_RemoveAfterNormal_TestE10CreateTestEv
FNDA:2,_ZN7testing8internal15TestFactoryImplI37LinkedListTest_RemoveAfterThrows_TestE10CreateTestEv
FNDA:2,_ZN7testing8internal15TestFactoryImplI37LinkedListTest_RemoveValueMiddle_TestE10CreateTestEv
FNDA:2,_ZN7testing8internal15TestFactoryImplI37QueueTest_FrontBackThrowsOnEmpty_TestE10CreateTestEv
FNDA:2,_ZN7testing8internal15TestFactoryImplI38ArrayTest_ConstructorWithCapacity_TestE10CreateTestEv
FNDA:2,_ZN7testing8internal15TestFactoryImplI38DoubleHashingSetTest_RemoveString_TestE10CreateTestEv
FNDA:2,_ZN7testing8internal15TestFactoryImplI38ForwardListTest_InsertAfterThrows_TestE10CreateTestEv
FNDA:2,_ZN7testing8internal15TestFactoryImplI38ForwardListTest_RemoveAfterThrows_TestE10CreateTestEv
FNDA:2,_ZN7testing8internal15TestFactoryImplI38LinkedListTest_AtThrowsOnBadIndex_TestE10CreateTestEv
FNDA:2,_ZN7testing8internal15TestFactoryImplI38LinkedListTest_FrontThrowsOnEmpty_TestE10CreateTestEv
FNDA:2,_ZN7testing8internal15TestFactoryImplI38LinkedListTest_InsertBeforeMiddle_TestE10CreateTestEv
FNDA:2,_ZN7testing8internal15TestFactoryImplI38LinkedListTest_RemoveBeforeNormal_TestE10CreateTestEv
FNDA:2,_ZN7testing8internal15TestFactoryImplI38LinkedListTest_RemoveBeforeThrows_TestE10CreateTestEv
FNDA:2,_ZN7testing8internal15TestFactoryImplI39AVLTreeTest_RebalanceLeftRightCase_TestE10CreateTestEv
FNDA:2,_ZN7testing8internal15TestFactoryImplI39AVLTreeTest_RebalanceRightLeftCase_TestE10CreateTestEv
FNDA:2,_ZN7testing8internal15TestFactoryImplI39AVLTreeTest_RemoveNodeWithOneChild_TestE10CreateTestEv
FNDA:2,_ZN7testing8internal15TestFactoryImplI39ForwardListTest_DefaultConstructor_TestE10CreateTestEv
FNDA:2,_ZN7testing8internal15TestFactoryImplI39ForwardListTest_InsertBeforeThrows_TestE10CreateTestEv
FNDA:2,_ZN7testing8internal15TestFactoryImplI39ForwardListTest_RemoveBeforeThrows_TestE10CreateTestEv
FNDA:2,_ZN7testing8internal15TestFactoryImplI39HashMapTest_GetReturnsCorrectValue_TestE10CreateTestEv
FNDA:2,_ZN7testing8internal15TestFactoryImplI39LinkedListTest_InitListConstructor_TestE10CreateTestEv
FNDA:2,_ZN7testing8internal15TestFactoryImplI40HashMapTest_GetNonExistentKeyThrows_TestE10CreateTestEv
FNDA:2,_ZN7testing8internal15TestFactoryImplI40LinkedListTest_PopBackThrowsOnEmpty_TestE10CreateTestEv
FNDA:2,_ZN7testing8internal15TestFactoryImplI41ArrayTest_InitializerListConstructor_TestE10CreateTestEv
FNDA:2,_ZN7testing8internal15TestFactoryImplI41ForwardListTest_PopBackSingleElement_TestE10CreateTestEv
FNDA:2,_ZN7testing8internal15TestFactoryImplI41LinkedListTest_InsertAfterOutOfRange_TestE10CreateTestEv
FNDA:2,_ZN7testing8internal15TestFactoryImplI41LinkedListTest_PopFrontThrowsOnEmpty_TestE10CreateTestEv
FNDA:2,_ZN7testing8internal15TestFactoryImplI42AVLTreeTest_RemoveNodeWithTwoChildren_TestE10CreateTestEv
FNDA:2,_ZN7testing8internal15TestFactoryImplI42ArrayTest_ConstructorWithSizeAndValue_TestE10CreateTestEv
FNDA:2,_ZN7testing8internal15TestFactoryImplI42ForwardListTest_InsertBeforeIndexZero_TestE10CreateTestEv
FNDA:2,_ZN7testing8internal15TestFactoryImplI42LinkedListTest_InsertBeforeOutOfRange_TestE10CreateTestEv
FNDA:2,_ZN7testing8internal15TestFactoryImplI43ForwardListTest_FrontBackThrowsOnEmpty_TestE10CreateTestEv
FNDA:2,_ZN7testing8internal15TestFactoryImplI44DoubleHashingSetTest_InsertDuplicateInt_TestE10CreateTestEv
FNDA:2,_ZN7testing8internal15TestFactoryImplI45DoubleHashingSetTest_HandleCollisionsInt_TestE10CreateTestEv
FNDA:2,_ZN7testing8internal15TestFactoryImplI46DoubleHashingSetTest_InsertAndContainsInt_TestE10CreateTestEv
FNDA:2,_ZN7testing8internal15TestFactoryImplI47AVLTreeTest_InsertMultipleElementsBalanced_TestE10CreateTestEv
FNDA:2,_ZN7testing8internal15TestFactoryImplI47DoubleHashingSetTest_RemoveAndReuseSlotInt_TestE10CreateTestEv
FNDA:2,_ZN7testing8internal15TestFactoryImplI47ForwardListTest_InitializerListConstructor_TestE10CreateTestEv
FNDA:2,_ZN7testing8internal15TestFactoryImplI49DoubleHashingSetTest_InsertAndContainsString_TestE10CreateTestEv
FNDA:262,_ZN7testing8internal12CodeLocationC2ERKNSt7__cxx1112basic_stringIcSt11char_traitsIcESaIcEEEi
FNDA:1048,_ZN7testing8internal19GetNotDefaultOrNullEPFvvES2_
FNDA:262,_ZN7testing8internal16SuiteApiResolverINS_4TestEE19GetSetUpCaseOrSuiteEPKci
FNDA:262,_ZN7testing8internal16SuiteApiResolverINS_4TestEE22GetTearDownCaseOrSuiteEPKci
FNDA:78,_ZN7testing8internal14TrueWithStringC2Ev
FNDA:78,_ZNK7testing8internal14TrueWithStringcvbEv
FNF:140
FNH:139
DA:438,262
DA:445,262
DA:457,262
DA:478,262
DA:479,262
DA:491,1048
DA:493,1048
DA:506,262
DA:510,262
DA:512,262
DA:514,262
DA:517,0
DA:519,262
DA:527,262
DA:531,262
DA:533,262
DA:535,262
DA:538,0
DA:540,262
DA:843,78
DA:846,78
LF:21
LH:19
end_of_record
TN:
SF:/usr/include/gtest/internal/gtest-port.h
FN:1042,1042,_ZN7testing8internal8GTestLog9GetStreamEv
FNDA:0,_ZN7testing8internal8GTestLog9GetStreamEv
FNF:1
FNH:0
DA:1042,0
LF:1
LH:0
end_of_record
TN:
SF:/usr/include/gtest/internal/gtest-type-util.h
FN:61,87,_ZN7testing8internal31CanonicalizeForStdLibVersioningENSt7__cxx1112basic_stringIcSt11char_traitsIcESaIcEEE
FN:91,121,_ZN7testing8internal11GetTypeNameB5cxx11ERKSt9type_info
FNDA:0,_ZN7testing8internal31CanonicalizeForStdLibVersioningENSt7__cxx1112basic_stringIcSt11char_traitsIcESaIcEEE
FNDA:0,_ZN7testing8internal11GetTypeNameB5cxx11ERKSt9type_info
FNF:2
FNH:0
DA:61,0
DA:63,0
DA:64,0
DA:65,0
DA:67,0
DA:75,0
DA:78,0
DA:79,0
DA:80,0
DA:83,0
DA:84,0
DA:86,0
DA:91,0
DA:92,0
DA:94,0
DA:100,0
DA:101,0
DA:102,0
DA:103,0
DA:121,0
LF:20
LH:0
end_of_record
TN:
SF:/usr/include/x86_64-linux-gnu/c++/13/bits/c++config.h
FN:540,551,_ZSt23__is_constant_evaluatedv
FNDA:356,_ZSt23__is_constant_evaluatedv
FNF:1
FNH:1
DA:540,356
DA:547,356
LF:2
LH:2
end_of_record
