TN:
SF:/home/xxaqurm/proga/Laboratory_3/C++/include/ds/AVLTree.hpp
FN:101,103,_ZN7AVLTreeIiE6heightEPNS0_4NodeE
FN:106,108,_ZN7AVLTreeIiE7balanceEPNS0_4NodeE
FN:111,119,_ZN7AVLTreeIiE11rotateRightEPNS0_4NodeE
FN:122,130,_ZN7AVLTreeIiE10rotateLeftEPNS0_4NodeE
FN:133,136,_ZN7AVLTreeIiE8minValueEPNS0_4NodeE
FN:139,161,_ZN7AVLTreeIiE9push_backEPNS0_4NodeERKi
FN:164,204,_ZN7AVLTreeIiE6removeEPNS0_4NodeERKi
FN:207,212,_ZN7AVLTreeIiE4findEPNS0_4NodeERKi
FN:215,217,_ZN7AVLTreeIiE9push_backERKi
FN:220,222,_ZN7AVLTreeIiE6removeERKi
FN:225,227,_ZN7AVLTreeIiE8containsERKi
FN:262,265,_ZNK7AVLTreeIiE5countEPNS0_4NodeE
FN:268,270,_ZNK7AVLTreeIiE4sizeEv
FN:76,76,_ZN7AVLTreeIiE4NodeC2ERKi
FN:85,85,_ZN7AVLTreeIiEC2Ev
FN:88,90,_ZN7AVLTreeIiED2Ev
FN:93,98,_ZN7AVLTreeIiE7destroyEPNS0_4NodeE
FNDA:240,_ZN7AVLTreeIiE6heightEPNS0_4NodeE
FNDA:50,_ZN7AVLTreeIiE7balanceEPNS0_4NodeE
FNDA:6,_ZN7AVLTreeIiE11rotateRightEPNS0_4NodeE
FNDA:4,_ZN7AVLTreeIiE10rotateLeftEPNS0_4NodeE
FNDA:4,_ZN7AVLTreeIiE8minValueEPNS0_4NodeE
FNDA:86,_ZN7AVLTreeIiE9push_backEPNS0_4NodeERKi
FNDA:14,_ZN7AVLTreeIiE6removeEPNS0_4NodeERKi
FNDA:84,_ZN7AVLTreeIiE4findEPNS0_4NodeERKi
FNDA:44,_ZN7AVLTreeIiE9push_backERKi
FNDA:6,_ZN7AVLTreeIiE6removeERKi
FNDA:46,_ZN7AVLTreeIiE8containsERKi
FNDA:92,_ZNK7AVLTreeIiE5countEPNS0_4NodeE
FNDA:16,_ZNK7AVLTreeIiE4sizeEv
FNDA:44,_ZN7AVLTreeIiE4NodeC2ERKi
FNDA:16,_ZN7AVLTreeIiEC2Ev
FNDA:16,_ZN7AVLTreeIiED2Ev
FNDA:92,_ZN7AVLTreeIiE7destroyEPNS0_4NodeE
FNF:17
FNH:17
DA:76,44
DA:85,16
DA:88,16
DA:89,16
DA:90,16
DA:93,92
DA:94,92
DA:95,38
DA:96,38
DA:97,38
DA:101,240
DA:102,240
DA:106,50
DA:107,50
DA:111,6
DA:112,6
DA:113,6
DA:114,6
DA:115,6
DA:116,6
DA:117,6
DA:118,6
DA:122,4
DA:123,4
DA:124,4
DA:125,4
DA:126,4
DA:127,4
DA:128,4
DA:129,4
DA:133,4
DA:134,6
DA:135,4
DA:139,86
DA:140,86
DA:142,42
DA:143,18
DA:144,0
DA:146,42
DA:147,42
DA:149,42
DA:150,40
DA:151,40
DA:152,2
DA:153,2
DA:155,38
DA:156,2
DA:157,2
DA:160,36
DA:164,14
DA:165,14
DA:167,14
DA:168,10
DA:170,10
DA:171,6
DA:172,6
DA:173,6
DA:174,6
DA:176,0
DA:177,0
DA:178,0
DA:180,0
DA:181,4
DA:182,4
DA:183,4
DA:187,8
DA:189,8
DA:190,8
DA:192,8
DA:193,8
DA:194,0
DA:195,0
DA:197,8
DA:198,8
DA:199,0
DA:200,0
DA:203,8
DA:207,84
DA:208,84
DA:209,76
DA:210,38
DA:211,18
DA:215,44
DA:216,44
DA:217,44
DA:220,6
DA:221,6
DA:222,6
DA:225,46
DA:226,46
DA:262,92
DA:263,92
DA:264,38
DA:268,16
DA:269,16
LF:95
LH:86
end_of_record
TN:
SF:/home/xxaqurm/proga/Laboratory_3/C++/include/ds/Array.hpp
FN:103,105,_ZN5ArrayIiED2Ev
FN:108,108,_ZNK5ArrayIiE4sizeEv
FN:111,111,_ZNK5ArrayIiE8capacityEv
FN:114,114,_ZNK5ArrayIiE5emptyEv
FN:117,117,_ZNK5ArrayIiE5frontEv
FN:120,120,_ZNK5ArrayIiE4backEv
FN:123,130,_ZN5ArrayIiE13resizeToRightEv
FN:133,146,_ZN5ArrayIiE12resizeToLeftEv
FN:149,152,_ZN5ArrayIiE9push_backERKi
FN:155,159,_ZN5ArrayIiE8pop_backEv
FN:162,168,_ZN5ArrayIiE6insertEiRKi
FN:171,176,_ZN5ArrayIiE5eraseEi
FN:197,200,_ZNK5ArrayIiE2atEi
FN:203,210,_ZNK5ArrayIiE4findERKi
FN:223,232,_ZN5ArrayIiE6removeERKi
FN:235,237,_ZNK5ArrayIiEixEi
FN:240,249,_ZN5ArrayIiEaSERKS0_
FN:72,72,_ZN5ArrayIiEC2Ev
FN:75,80,_ZN5ArrayIiEC2Ei
FN:83,89,_ZN5ArrayIiEC2EiRKi
FN:92,94,_ZN5ArrayIiEC2ERKS0_
FN:97,100,_ZN5ArrayIiEC2ESt16initializer_listIiE
FNDA:34,_ZN5ArrayIiED2Ev
FNDA:26,_ZNK5ArrayIiE4sizeEv
FNDA:12,_ZNK5ArrayIiE8capacityEv
FNDA:2,_ZNK5ArrayIiE5emptyEv
FNDA:2,_ZNK5ArrayIiE5frontEv
FNDA:6,_ZNK5ArrayIiE4backEv
FNDA:6,_ZN5ArrayIiE13resizeToRightEv
FNDA:2,_ZN5ArrayIiE12resizeToLeftEv
FNDA:44,_ZN5ArrayIiE9push_backERKi
FNDA:24,_ZN5ArrayIiE8pop_backEv
FNDA:4,_ZN5ArrayIiE6insertEiRKi
FNDA:6,_ZN5ArrayIiE5eraseEi
FNDA:4,_ZNK5ArrayIiE2atEi
FNDA:8,_ZNK5ArrayIiE4findERKi
FNDA:4,_ZN5ArrayIiE6removeERKi
FNDA:32,_ZNK5ArrayIiEixEi
FNDA:2,_ZN5ArrayIiEaSERKS0_
FNDA:8,_ZN5ArrayIiEC2Ev
FNDA:2,_ZN5ArrayIiEC2Ei
FNDA:2,_ZN5ArrayIiEC2EiRKi
FNDA:2,_ZN5ArrayIiEC2ERKS0_
FNDA:20,_ZN5ArrayIiEC2ESt16initializer_listIiE
FNF:22
FNH:22
DA:72,8
DA:75,2
DA:76,2
DA:77,2
DA:78,2
DA:79,2
DA:80,2
DA:83,2
DA:84,2
DA:85,2
DA:86,2
DA:87,2
DA:88,12
DA:89,2
DA:92,2
DA:93,8
DA:94,2
DA:97,20
DA:98,20
DA:99,82
DA:100,20
DA:103,34
DA:104,34
DA:105,34
DA:108,26
DA:111,12
DA:114,2
DA:117,2
DA:120,6
DA:123,6
DA:124,6
DA:125,6
DA:126,72
DA:127,6
DA:128,6
DA:129,6
DA:130,6
DA:133,2
DA:134,2
DA:135,2
DA:136,2
DA:138,2
DA:140,2
DA:141,22
DA:143,2
DA:144,2
DA:145,2
DA:149,44
DA:150,44
DA:151,44
DA:152,44
DA:155,24
DA:156,24
DA:157,24
DA:158,24
DA:159,24
DA:162,4
DA:163,4
DA:164,2
DA:165,6
DA:166,2
DA:167,2
DA:168,2
DA:171,6
DA:172,6
DA:173,10
DA:174,4
DA:175,4
DA:176,4
DA:197,4
DA:198,4
DA:199,2
DA:203,8
DA:204,22
DA:205,18
DA:206,4
DA:209,4
DA:223,4
DA:224,4
DA:226,4
DA:227,2
DA:230,2
DA:231,2
DA:235,32
DA:236,32
DA:240,2
DA:241,2
DA:242,2
DA:243,2
DA:244,2
DA:245,2
DA:246,8
DA:248,2
LF:93
LH:93
end_of_record
TN:
SF:/home/xxaqurm/proga/Laboratory_3/C++/include/ds/ForwardList.hpp
FN:102,112,_ZN11ForwardListIiE9push_backERKi
FN:115,133,_ZN11ForwardListIiE13insert_beforeEiRKi
FN:136,150,_ZN11ForwardListIiE12insert_afterEiRKi
FN:153,158,_ZN11ForwardListIiE9pop_frontEv
FN:161,177,_ZN11ForwardListIiE8pop_backEv
FN:17,17,_ZN11ForwardListIiE4NodeC2ERKi
FN:180,199,_ZN11ForwardListIiE13remove_beforeEi
FN:202,224,_ZN11ForwardListIiE6removeERKi
FN:227,241,_ZN11ForwardListIiE12remove_afterEi
FN:244,247,_ZN11ForwardListIiE5frontEv
FN:250,253,_ZNK11ForwardListIiE5frontEv
FN:256,262,_ZN11ForwardListIiE4backEv
FN:265,271,_ZNK11ForwardListIiE4backEv
FN:300,308,_ZNK11ForwardListIiE4sizeEv
FN:311,317,_ZN11ForwardListIiE5clearEv
FN:320,332,_ZNK11ForwardListIiE4findERKi
FN:347,359,_ZNK11ForwardListIiE2atEi
FN:75,75,_ZN11ForwardListIiEC2Ev
FN:78,82,_ZN11ForwardListIiEC2ESt16initializer_listIiE
FN:85,87,_ZN11ForwardListIiED2Ev
FN:90,92,_ZNK11ForwardListIiE5emptyEv
FN:95,99,_ZN11ForwardListIiE10push_frontERKi
FNDA:138,_ZN11ForwardListIiE9push_backERKi
FNDA:8,_ZN11ForwardListIiE13insert_beforeEiRKi
FNDA:6,_ZN11ForwardListIiE12insert_afterEiRKi
FNDA:6,_ZN11ForwardListIiE9pop_frontEv
FNDA:6,_ZN11ForwardListIiE8pop_backEv
FNDA:148,_ZN11ForwardListIiE4NodeC2ERKi
FNDA:6,_ZN11ForwardListIiE13remove_beforeEi
FNDA:4,_ZN11ForwardListIiE6removeERKi
FNDA:6,_ZN11ForwardListIiE12remove_afterEi
FNDA:16,_ZN11ForwardListIiE5frontEv
FNDA:2,_ZNK11ForwardListIiE5frontEv
FNDA:12,_ZN11ForwardListIiE4backEv
FNDA:2,_ZNK11ForwardListIiE4backEv
FNDA:22,_ZNK11ForwardListIiE4sizeEv
FNDA:60,_ZN11ForwardListIiE5clearEv
FNDA:4,_ZNK11ForwardListIiE4findERKi
FNDA:16,_ZNK11ForwardListIiE2atEi
FNDA:14,_ZN11ForwardListIiEC2Ev
FNDA:44,_ZN11ForwardListIiEC2ESt16initializer_listIiE
FNDA:58,_ZN11ForwardListIiED2Ev
FNDA:52,_ZNK11ForwardListIiE5emptyEv
FNDA:6,_ZN11ForwardListIiE10push_frontERKi
FNF:22
FNH:22
DA:17,148
DA:75,14
DA:78,44
DA:79,178
DA:80,134
DA:82,44
DA:85,58
DA:86,58
DA:87,58
DA:90,52
DA:91,52
DA:95,6
DA:96,6
DA:97,6
DA:98,6
DA:99,6
DA:102,138
DA:103,138
DA:104,138
DA:105,46
DA:106,46
DA:109,92
DA:110,148
DA:111,92
DA:115,8
DA:116,8
DA:117,6
DA:118,2
DA:119,2
DA:122,4
DA:123,10
DA:124,8
DA:125,6
DA:128,2
DA:130,2
DA:131,2
DA:132,2
DA:136,6
DA:137,6
DA:139,4
DA:140,12
DA:141,10
DA:142,8
DA:145,2
DA:147,2
DA:148,2
DA:149,2
DA:150,2
DA:153,6
DA:154,6
DA:155,4
DA:156,4
DA:157,4
DA:158,4
DA:161,6
DA:162,6
DA:164,4
DA:165,2
DA:166,2
DA:167,2
DA:170,2
DA:171,4
DA:172,2
DA:175,2
DA:176,2
DA:180,6
DA:181,6
DA:183,4
DA:184,2
DA:185,2
DA:188,2
DA:189,2
DA:190,0
DA:191,0
DA:194,2
DA:196,2
DA:197,2
DA:198,2
DA:202,4
DA:203,4
DA:205,4
DA:206,2
DA:207,2
DA:208,2
DA:209,2
DA:212,2
DA:213,2
DA:215,2
DA:216,2
DA:217,2
DA:218,2
DA:219,2
DA:221,0
DA:222,0
DA:227,6
DA:228,6
DA:230,4
DA:231,12
DA:232,10
DA:233,8
DA:236,2
DA:238,2
DA:239,2
DA:240,2
DA:241,2
DA:244,16
DA:245,16
DA:246,12
DA:250,2
DA:251,2
DA:252,2
DA:256,12
DA:257,12
DA:259,8
DA:260,20
DA:261,8
DA:265,2
DA:266,2
DA:268,2
DA:269,6
DA:270,2
DA:300,22
DA:301,22
DA:302,22
DA:303,74
DA:304,52
DA:305,52
DA:307,22
DA:311,60
DA:312,252
DA:313,132
DA:314,132
DA:315,132
DA:317,60
DA:320,4
DA:321,4
DA:322,4
DA:324,12
DA:325,10
DA:326,2
DA:327,8
DA:328,8
DA:331,2
DA:347,16
DA:348,16
DA:350,14
DA:351,36
DA:352,24
DA:353,22
DA:356,12
DA:358,12
LF:151
LH:147
end_of_record
TN:
SF:/home/xxaqurm/proga/Laboratory_3/C++/include/ds/LinkedList.hpp
FN:101,107,_ZN10LinkedListIiE10push_frontERKi
FN:110,116,_ZN10LinkedListIiE9push_backERKi
FN:119,137,_ZN10LinkedListIiE13insert_beforeEiRKi
FN:140,157,_ZN10LinkedListIiE12insert_afterEiRKi
FN:160,167,_ZN10LinkedListIiE9pop_frontEv
FN:170,177,_ZN10LinkedListIiE8pop_backEv
FN:180,193,_ZN10LinkedListIiE13remove_beforeEi
FN:196,221,_ZN10LinkedListIiE6removeERi
FN:224,236,_ZN10LinkedListIiE12remove_afterEi
FN:239,242,_ZN10LinkedListIiE5frontEv
FN:251,254,_ZN10LinkedListIiE4backEv
FN:287,295,_ZNK10LinkedListIiE4sizeEv
FN:298,305,_ZN10LinkedListIiE5clearEv
FN:308,321,_ZNK10LinkedListIiE2atEi
FN:324,337,_ZNK10LinkedListIiE4findERKi
FN:78,78,_ZN10LinkedListIiE4NodeC2ERKi
FN:81,81,_ZN10LinkedListIiEC2Ev
FN:84,88,_ZN10LinkedListIiEC2ESt16initializer_listIiE
FN:91,93,_ZN10LinkedListIiED2Ev
FN:96,98,_ZNK10LinkedListIiE5emptyEv
FNDA:6,_ZN10LinkedListIiE10push_frontERKi
FNDA:106,_ZN10LinkedListIiE9push_backERKi
FNDA:6,_ZN10LinkedListIiE13insert_beforeEiRKi
FNDA:4,_ZN10LinkedListIiE12insert_afterEiRKi
FNDA:6,_ZN10LinkedListIiE9pop_frontEv
FNDA:4,_ZN10LinkedListIiE8pop_backEv
FNDA:4,_ZN10LinkedListIiE13remove_beforeEi
FNDA:4,_ZN10LinkedListIiE6removeERi
FNDA:4,_ZN10LinkedListIiE12remove_afterEi
FNDA:16,_ZN10LinkedListIiE5frontEv
FNDA:10,_ZN10LinkedListIiE4backEv
FNDA:28,_ZNK10LinkedListIiE4sizeEv
FNDA:54,_ZN10LinkedListIiE5clearEv
FNDA:12,_ZNK10LinkedListIiE2atEi
FNDA:8,_ZNK10LinkedListIiE4findERKi
FNDA:116,_ZN10LinkedListIiE4NodeC2ERKi
FNDA:14,_ZN10LinkedListIiEC2Ev
FNDA:38,_ZN10LinkedListIiEC2ESt16initializer_listIiE
FNDA:52,_ZN10LinkedListIiED2Ev
FNDA:42,_ZNK10LinkedListIiE5emptyEv
FNF:20
FNH:20
DA:78,116
DA:81,14
DA:84,38
DA:85,134
DA:86,96
DA:88,38
DA:91,52
DA:92,52
DA:93,52
DA:96,42
DA:97,42
DA:101,6
DA:102,6
DA:103,6
DA:104,6
DA:105,6
DA:106,6
DA:107,6
DA:110,106
DA:111,106
DA:112,106
DA:113,106
DA:114,106
DA:115,106
DA:116,106
DA:119,6
DA:120,6
DA:121,6
DA:122,2
DA:123,2
DA:126,4
DA:127,10
DA:128,8
DA:129,6
DA:132,2
DA:133,2
DA:134,2
DA:135,2
DA:136,2
DA:140,4
DA:141,4
DA:143,4
DA:144,8
DA:145,6
DA:146,4
DA:149,2
DA:151,2
DA:152,2
DA:153,2
DA:154,2
DA:155,2
DA:156,2
DA:157,2
DA:160,6
DA:161,6
DA:162,4
DA:163,4
DA:164,4
DA:165,0
DA:166,4
DA:167,4
DA:170,4
DA:171,4
DA:172,2
DA:173,2
DA:174,2
DA:175,0
DA:176,2
DA:177,2
DA:180,4
DA:181,4
DA:182,2
DA:183,6
DA:184,4
DA:185,4
DA:187,2
DA:188,2
DA:189,2
DA:190,2
DA:191,2
DA:192,2
DA:193,2
DA:196,4
DA:197,4
DA:199,4
DA:200,2
DA:201,2
DA:204,2
DA:206,2
DA:207,2
DA:208,2
DA:209,2
DA:211,2
DA:212,2
DA:214,2
DA:216,2
DA:217,2
DA:219,0
DA:224,4
DA:225,4
DA:226,4
DA:227,0
DA:228,0
DA:230,4
DA:231,2
DA:232,2
DA:233,2
DA:234,2
DA:235,2
DA:236,2
DA:239,16
DA:240,16
DA:241,14
DA:251,10
DA:252,10
DA:253,10
DA:287,28
DA:288,28
DA:289,28
DA:290,88
DA:291,60
DA:292,60
DA:294,28
DA:298,54
DA:299,212
DA:300,104
DA:301,104
DA:302,104
DA:304,54
DA:305,54
DA:308,12
DA:309,12
DA:311,12
DA:312,12
DA:314,28
DA:315,26
DA:316,16
DA:317,16
DA:320,2
DA:324,8
DA:325,8
DA:326,8
DA:328,24
DA:329,20
DA:330,4
DA:332,16
DA:333,16
DA:336,4
LF:148
LH:143
end_of_record
TN:
SF:/home/xxaqurm/proga/Laboratory_3/C++/include/ds/Queue.hpp
FN:120,129,_ZN5QueueIiE7enqueueERKi
FN:132,139,_ZN5QueueIiE7dequeueEv
FN:142,145,_ZN5QueueIiE5frontEv
FN:15,15,_ZN5QueueIiE4NodeC2ERKi
FN:154,157,_ZN5QueueIiE4backEv
FN:166,168,_ZNK5QueueIiE5emptyEv
FN:171,173,_ZNK5QueueIiE4sizeEv
FN:176,184,_ZN5QueueIiE5clearEv
FN:36,38,_ZN5QueueIiE9push_backERKi
FN:40,42,_ZN5QueueIiE6removeERKi
FN:69,71,_ZNK5QueueIiE2atEi
FN:74,74,_ZN5QueueIiEC2Ev
FN:77,79,_ZN5QueueIiED2Ev
FN:82,95,_ZNK5QueueIiE4findERKi
FNDA:40,_ZN5QueueIiE7enqueueERKi
FNDA:10,_ZN5QueueIiE7dequeueEv
FNDA:14,_ZN5QueueIiE5frontEv
FNDA:40,_ZN5QueueIiE4NodeC2ERKi
FNDA:10,_ZN5QueueIiE4backEv
FNDA:44,_ZNK5QueueIiE5emptyEv
FNDA:18,_ZNK5QueueIiE4sizeEv
FNDA:28,_ZN5QueueIiE5clearEv
FNDA:4,_ZN5QueueIiE9push_backERKi
FNDA:2,_ZN5QueueIiE6removeERKi
FNDA:2,_ZNK5QueueIiE2atEi
FNDA:26,_ZN5QueueIiEC2Ev
FNDA:26,_ZN5QueueIiED2Ev
FNDA:6,_ZNK5QueueIiE4findERKi
FNF:14
FNH:14
DA:15,40
DA:36,4
DA:37,4
DA:38,4
DA:40,2
DA:41,2
DA:42,2
DA:69,2
DA:70,2
DA:74,26
DA:77,26
DA:78,26
DA:79,26
DA:82,6
DA:83,6
DA:84,6
DA:86,18
DA:87,16
DA:88,4
DA:90,12
DA:91,12
DA:94,2
DA:120,40
DA:121,40
DA:122,40
DA:123,20
DA:125,20
DA:126,20
DA:128,40
DA:129,40
DA:132,10
DA:133,10
DA:134,8
DA:135,8
DA:136,8
DA:137,8
DA:138,8
DA:139,8
DA:142,14
DA:143,14
DA:144,10
DA:154,10
DA:155,10
DA:156,6
DA:166,44
DA:167,44
DA:171,18
DA:172,18
DA:176,28
DA:177,88
DA:178,32
DA:179,32
DA:180,32
DA:182,28
DA:183,28
DA:184,28
LF:56
LH:56
end_of_record
TN:
SF:/home/xxaqurm/proga/Laboratory_3/C++/include/ds/Stack.hpp
FN:101,110,_ZNK5StackIiE8containsERKi
FN:113,113,_ZN5StackIiEC2Ev
FN:116,118,_ZN5StackIiED2Ev
FN:121,126,_ZN5StackIiE9push_backERKi
FN:129,135,_ZN5StackIiE6removeERKi
FN:138,141,_ZN5StackIiE3topEv
FN:15,15,_ZN5StackIiE4NodeC2ERKi
FN:150,152,_ZNK5StackIiE5emptyEv
FN:155,157,_ZNK5StackIiE4sizeEv
FN:160,167,_ZN5StackIiE5clearEv
FN:39,46,_ZNK5StackIiE7to_jsonERN8nlohmann16json_abi_v3_12_010basic_jsonISt3mapSt6vectorNSt7__cxx1112basic_stringIcSt11char_traitsIcESaIcEEEblmdSaNS2_14adl_serializerES5_IhSaIhEEvEE
FN:48,54,_ZN5StackIiE9from_jsonERKN8nlohmann16json_abi_v3_12_010basic_jsonISt3mapSt6vectorNSt7__cxx1112basic_stringIcSt11char_traitsIcESaIcEEEblmdSaNS2_14adl_serializerES5_IhSaIhEEvEE
FN:58,72,_ZNK5StackIiE2atEi
FN:75,88,_ZNK5StackIiE4findERKi
FN:91,98,_ZNK5StackIiE7displayEv
FNDA:12,_ZNK5StackIiE8containsERKi
FNDA:32,_ZN5StackIiEC2Ev
FNDA:32,_ZN5StackIiED2Ev
FNDA:56,_ZN5StackIiE9push_backERKi
FNDA:8,_ZN5StackIiE6removeERKi
FNDA:16,_ZN5StackIiE3topEv
FNDA:56,_ZN5StackIiE4NodeC2ERKi
FNDA:34,_ZNK5StackIiE5emptyEv
FNDA:22,_ZNK5StackIiE4sizeEv
FNDA:38,_ZN5StackIiE5clearEv
FNDA:2,_ZNK5StackIiE7to_jsonERN8nlohmann16json_abi_v3_12_010basic_jsonISt3mapSt6vectorNSt7__cxx1112basic_stringIcSt11char_traitsIcESaIcEEEblmdSaNS2_14adl_serializerES5_IhSaIhEEvEE
FNDA:2,_ZN5StackIiE9from_jsonERKN8nlohmann16json_abi_v3_12_010basic_jsonISt3mapSt6vectorNSt7__cxx1112basic_stringIcSt11char_traitsIcESaIcEEEblmdSaNS2_14adl_serializerES5_IhSaIhEEvEE
FNDA:10,_ZNK5StackIiE2atEi
FNDA:8,_ZNK5StackIiE4findERKi
FNDA:2,_ZNK5StackIiE7displayEv
FNF:15
FNH:15
DA:15,56
DA:39,2
DA:40,8
DA:41,2
DA:42,8
DA:43,6
DA:44,6
DA:46,10
DA:48,2
DA:49,2
DA:50,2
DA:51,8
DA:52,6
DA:54,2
DA:58,10
DA:59,10
DA:60,4
DA:62,6
DA:63,6
DA:64,12
DA:65,12
DA:66,6
DA:67,6
DA:68,6
DA:71,0
DA:75,8
DA:76,8
DA:77,8
DA:79,20
DA:80,18
DA:81,6
DA:83,12
DA:84,12
DA:87,2
DA:91,2
DA:92,2
DA:93,6
DA:94,4
DA:95,4
DA:97,2
DA:98,2
DA:101,12
DA:102,12
DA:103,24
DA:104,22
DA:105,10
DA:107,12
DA:109,2
DA:113,32
DA:116,32
DA:117,32
DA:118,32
DA:121,56
DA:122,56
DA:123,56
DA:124,56
DA:125,56
DA:126,56
DA:129,8
DA:130,8
DA:131,6
DA:132,6
DA:133,6
DA:134,6
DA:135,6
DA:138,16
DA:139,16
DA:140,12
DA:150,34
DA:151,34
DA:155,22
DA:156,22
DA:160,38
DA:161,126
DA:162,50
DA:163,50
DA:164,50
DA:166,38
DA:167,38
LF:79
LH:78
end_of_record
TN:
SF:/home/xxaqurm/proga/Laboratory_3/C++/include/hash/DoubleHashingHashTable.hpp
FN:107,109,_ZNK16DoubleHashingSetINSt7__cxx1112basic_stringIcSt11char_traitsIcESaIcEEEE5probeERKS5_m
FN:107,109,_ZNK16DoubleHashingSetIiE5probeERKim
FN:112,123,_ZN16DoubleHashingSetINSt7__cxx1112basic_stringIcSt11char_traitsIcESaIcEEEE6resizeEm
FN:112,123,_ZN16DoubleHashingSetIiE6resizeEm
FN:126,147,_ZN16DoubleHashingSetINSt7__cxx1112basic_stringIcSt11char_traitsIcESaIcEEEE9push_backERKS5_
FN:126,147,_ZN16DoubleHashingSetIiE9push_backERKi
FN:150,161,_ZNK16DoubleHashingSetINSt7__cxx1112basic_stringIcSt11char_traitsIcESaIcEEEE8containsERKS5_
FN:150,161,_ZNK16DoubleHashingSetIiE8containsERKi
FN:164,179,_ZN16DoubleHashingSetINSt7__cxx1112basic_stringIcSt11char_traitsIcESaIcEEEE6removeERKS5_
FN:164,179,_ZN16DoubleHashingSetIiE6removeERKi
FN:182,194,_ZNK16DoubleHashingSetIiE7displayEv
FN:197,199,_ZNK16DoubleHashingSetINSt7__cxx1112basic_stringIcSt11char_traitsIcESaIcEEEE4sizeEv
FN:197,199,_ZNK16DoubleHashingSetIiE4sizeEv
FN:202,204,_ZNK16DoubleHashingSetINSt7__cxx1112basic_stringIcSt11char_traitsIcESaIcEEEE11getCapacityEv
FN:202,204,_ZNK16DoubleHashingSetIiE11getCapacityEv
FN:45,53,_ZNK16DoubleHashingSetIiE7to_jsonERN8nlohmann16json_abi_v3_12_010basic_jsonISt3mapSt6vectorNSt7__cxx1112basic_stringIcSt11char_traitsIcESaIcEEEblmdSaNS2_14adl_serializerES5_IhSaIhEEvEE
FN:55,64,_ZN16DoubleHashingSetIiE9from_jsonERKN8nlohmann16json_abi_v3_12_010basic_jsonISt3mapSt6vectorNSt7__cxx1112basic_stringIcSt11char_traitsIcESaIcEEEblmdSaNS2_14adl_serializerES5_IhSaIhEEvEE
FN:66,69,_ZN16DoubleHashingSetIiE5clearEv
FN:73,73,_ZN16DoubleHashingSetINSt7__cxx1112basic_stringIcSt11char_traitsIcESaIcEEEEC2Em
FN:73,73,_ZN16DoubleHashingSetIiEC2Em
FN:76,89,_ZNK16DoubleHashingSetINSt7__cxx1112basic_stringIcSt11char_traitsIcESaIcEEEE5hash1ERKS5_
FN:76,89,_ZNK16DoubleHashingSetIiE5hash1ERKi
FN:92,104,_ZNK16DoubleHashingSetINSt7__cxx1112basic_stringIcSt11char_traitsIcESaIcEEEE5hash2ERKS5_
FN:92,104,_ZNK16DoubleHashingSetIiE5hash2ERKi
FNDA:20,_ZNK16DoubleHashingSetINSt7__cxx1112basic_stringIcSt11char_traitsIcESaIcEEEE5probeERKS5_m
FNDA:96,_ZNK16DoubleHashingSetIiE5probeERKim
FNDA:0,_ZN16DoubleHashingSetINSt7__cxx1112basic_stringIcSt11char_traitsIcESaIcEEEE6resizeEm
FNDA:4,_ZN16DoubleHashingSetIiE6resizeEm
FNDA:8,_ZN16DoubleHashingSetINSt7__cxx1112basic_stringIcSt11char_traitsIcESaIcEEEE9push_backERKS5_
FNDA:54,_ZN16DoubleHashingSetIiE9push_backERKi
FNDA:6,_ZNK16DoubleHashingSetINSt7__cxx1112basic_stringIcSt11char_traitsIcESaIcEEEE8containsERKS5_
FNDA:28,_ZNK16DoubleHashingSetIiE8containsERKi
FNDA:2,_ZN16DoubleHashingSetINSt7__cxx1112basic_stringIcSt11char_traitsIcESaIcEEEE6removeERKS5_
FNDA:4,_ZN16DoubleHashingSetIiE6removeERKi
FNDA:2,_ZNK16DoubleHashingSetIiE7displayEv
FNDA:6,_ZNK16DoubleHashingSetINSt7__cxx1112basic_stringIcSt11char_traitsIcESaIcEEEE4sizeEv
FNDA:10,_ZNK16DoubleHashingSetIiE4sizeEv
FNDA:2,_ZNK16DoubleHashingSetINSt7__cxx1112basic_stringIcSt11char_traitsIcESaIcEEEE11getCapacityEv
FNDA:6,_ZNK16DoubleHashingSetIiE11getCapacityEv
FNDA:2,_ZNK16DoubleHashingSetIiE7to_jsonERN8nlohmann16json_abi_v3_12_010basic_jsonISt3mapSt6vectorNSt7__cxx1112basic_stringIcSt11char_traitsIcESaIcEEEblmdSaNS2_14adl_serializerES5_IhSaIhEEvEE
FNDA:2,_ZN16DoubleHashingSetIiE9from_jsonERKN8nlohmann16json_abi_v3_12_010basic_jsonISt3mapSt6vectorNSt7__cxx1112basic_stringIcSt11char_traitsIcESaIcEEEblmdSaNS2_14adl_serializerES5_IhSaIhEEvEE
FNDA:4,_ZN16DoubleHashingSetIiE5clearEv
FNDA:8,_ZN16DoubleHashingSetINSt7__cxx1112basic_stringIcSt11char_traitsIcESaIcEEEEC2Em
FNDA:22,_ZN16DoubleHashingSetIiEC2Em
FNDA:22,_ZNK16DoubleHashingSetINSt7__cxx1112basic_stringIcSt11char_traitsIcESaIcEEEE5hash1ERKS5_
FNDA:98,_ZNK16DoubleHashingSetIiE5hash1ERKi
FNDA:22,_ZNK16DoubleHashingSetINSt7__cxx1112basic_stringIcSt11char_traitsIcESaIcEEEE5hash2ERKS5_
FNDA:98,_ZNK16DoubleHashingSetIiE5hash2ERKi
FNF:24
FNH:23
DA:45,2
DA:46,14
DA:47,24
DA:48,22
DA:49,6
DA:50,6
DA:53,14
DA:55,2
DA:56,2
DA:57,2
DA:58,2
DA:59,2
DA:60,2
DA:61,8
DA:62,6
DA:64,2
DA:66,4
DA:67,4
DA:68,4
DA:69,4
DA:73,90
DA:76,120
DA:77,120
DA:79,98
DA:80,98
DA:82,22
DA:83,80
DA:84,58
DA:86,22
DA:88,120
DA:92,120
DA:93,120
DA:95,98
DA:96,98
DA:98,22
DA:99,80
DA:100,58
DA:103,120
DA:107,116
DA:108,116
DA:112,4
DA:113,4
DA:114,4
DA:115,4
DA:116,4
DA:118,20
DA:119,16
DA:120,10
DA:123,4
DA:126,62
DA:127,62
DA:128,2
DA:131,62
DA:134,64
DA:135,64
DA:136,58
DA:137,58
DA:138,58
DA:139,58
DA:140,6
DA:141,4
DA:143,2
DA:144,2
DA:146,0
DA:150,34
DA:151,34
DA:154,42
DA:155,42
DA:156,34
DA:157,8
DA:158,8
DA:160,0
DA:164,6
DA:165,6
DA:168,6
DA:169,6
DA:170,6
DA:171,6
DA:172,6
DA:173,6
DA:175,0
DA:176,0
DA:178,0
DA:182,2
DA:183,8
DA:184,6
DA:185,6
DA:186,2
DA:187,4
DA:188,0
DA:190,4
DA:192,6
DA:194,2
DA:197,16
DA:198,16
DA:202,8
DA:203,8
LF:97
LH:91
end_of_record
TN:
SF:/home/xxaqurm/proga/Laboratory_3/C++/include/hash/LinearProbingHashTable.hpp
FN:103,120,_ZN20LinearProbingHashMapIiiE3putERKiS2_
FN:123,138,_ZN20LinearProbingHashMapIiiE6removeERKi
FN:141,154,_ZNK20LinearProbingHashMapIiiE8containsERKi
FN:157,159,_ZNK20LinearProbingHashMapIiiE4sizeEv
FN:162,164,_ZNK20LinearProbingHashMapIiiE7isEmptyEv
FN:167,173,_ZNK20LinearProbingHashMapIiiE7displayEv
FN:22,22,_ZN20LinearProbingHashMapIiiE8HashNodeC2Ev
FN:23,23,_ZN20LinearProbingHashMapIiiE8HashNodeC2ERKiS3_
FN:45,52,_ZNK20LinearProbingHashMapIiiE7to_jsonERN8nlohmann16json_abi_v3_12_010basic_jsonISt3mapSt6vectorNSt7__cxx1112basic_stringIcSt11char_traitsIcESaIcEEEblmdSaNS2_14adl_serializerES5_IhSaIhEEvEE
FN:54,63,_ZN20LinearProbingHashMapIiiE9from_jsonERKN8nlohmann16json_abi_v3_12_010basic_jsonISt3mapSt6vectorNSt7__cxx1112basic_stringIcSt11char_traitsIcESaIcEEEblmdSaNS2_14adl_serializerES5_IhSaIhEEvEE
FN:67,85,_ZNK20LinearProbingHashMapIiiE3getERKi
FN:88,90,_ZN20LinearProbingHashMapIiiEC2Em
FN:93,95,_ZN20LinearProbingHashMapIiiED2Ev
FN:98,100,_ZNK20LinearProbingHashMapIiiE8hashCodeERKi
FNDA:50,_ZN20LinearProbingHashMapIiiE3putERKiS2_
FNDA:8,_ZN20LinearProbingHashMapIiiE6removeERKi
FNDA:16,_ZNK20LinearProbingHashMapIiiE8containsERKi
FNDA:18,_ZNK20LinearProbingHashMapIiiE4sizeEv
FNDA:8,_ZNK20LinearProbingHashMapIiiE7isEmptyEv
FNDA:2,_ZNK20LinearProbingHashMapIiiE7displayEv
FNDA:496,_ZN20LinearProbingHashMapIiiE8HashNodeC2Ev
FNDA:46,_ZN20LinearProbingHashMapIiiE8HashNodeC2ERKiS3_
FNDA:2,_ZNK20LinearProbingHashMapIiiE7to_jsonERN8nlohmann16json_abi_v3_12_010basic_jsonISt3mapSt6vectorNSt7__cxx1112basic_stringIcSt11char_traitsIcESaIcEEEblmdSaNS2_14adl_serializerES5_IhSaIhEEvEE
FNDA:2,_ZN20LinearProbingHashMapIiiE9from_jsonERKN8nlohmann16json_abi_v3_12_010basic_jsonISt3mapSt6vectorNSt7__cxx1112basic_stringIcSt11char_traitsIcESaIcEEEblmdSaNS2_14adl_serializerES5_IhSaIhEEvEE
FNDA:20,_ZNK20LinearProbingHashMapIiiE3getERKi
FNDA:26,_ZN20LinearProbingHashMapIiiEC2Em
FNDA:26,_ZN20LinearProbingHashMapIiiED2Ev
FNDA:94,_ZNK20LinearProbingHashMapIiiE8hashCodeERKi
FNF:14
FNH:14
DA:22,496
DA:23,46
DA:45,2
DA:46,14
DA:47,42
DA:48,40
DA:49,48
DA:52,50
DA:54,2
DA:55,2
DA:56,2
DA:57,42
DA:58,2
DA:59,2
DA:60,8
DA:61,6
DA:63,2
DA:67,20
DA:68,20
DA:69,20
DA:72,22
DA:73,18
DA:76,4
DA:77,2
DA:80,2
DA:82,2
DA:84,0
DA:88,26
DA:89,482
DA:90,26
DA:93,26
DA:94,26
DA:95,26
DA:98,94
DA:99,94
DA:103,50
DA:104,50
DA:105,50
DA:108,56
DA:109,46
DA:110,46
DA:111,46
DA:112,10
DA:113,2
DA:114,2
DA:116,8
DA:117,8
DA:119,2
DA:123,8
DA:124,8
DA:125,8
DA:128,8
DA:129,6
DA:130,6
DA:131,6
DA:133,2
DA:134,0
DA:135,0
DA:137,0
DA:141,16
DA:142,16
DA:143,16
DA:146,22
DA:147,12
DA:149,10
DA:150,6
DA:151,6
DA:153,0
DA:157,18
DA:158,18
DA:162,8
DA:163,8
DA:167,2
DA:168,42
DA:169,40
DA:170,4
DA:173,2
LF:77
LH:72
end_of_record
TN:
SF:/home/xxaqurm/proga/Laboratory_3/C++/include/hash/SeparateChainingHashTable.hpp
FN:104,115,_ZN23SeparateChainingHashMapIiNSt7__cxx1112basic_stringIcSt11char_traitsIcESaIcEEEEC2ERKS6_
FN:118,120,_ZN23SeparateChainingHashMapIiNSt7__cxx1112basic_stringIcSt11char_traitsIcESaIcEEEED2Ev
FN:118,120,_ZN23SeparateChainingHashMapIiiED2Ev
FN:123,133,_ZN23SeparateChainingHashMapIiNSt7__cxx1112basic_stringIcSt11char_traitsIcESaIcEEEE5clearEv
FN:123,133,_ZN23SeparateChainingHashMapIiiE5clearEv
FN:136,148,_ZNK23SeparateChainingHashMapIiNSt7__cxx1112basic_stringIcSt11char_traitsIcESaIcEEEE4hashERKi
FN:136,148,_ZNK23SeparateChainingHashMapIiiE4hashERKi
FN:151,170,_ZN23SeparateChainingHashMapIiNSt7__cxx1112basic_stringIcSt11char_traitsIcESaIcEEEE6rehashEv
FN:151,170,_ZN23SeparateChainingHashMapIiiE6rehashEv
FN:17,17,_ZN23SeparateChainingHashMapIiNSt7__cxx1112basic_stringIcSt11char_traitsIcESaIcEEEE4NodeC2ERKiRKS5_
FN:17,17,_ZN23SeparateChainingHashMapIiiE4NodeC2ERKiS3_
FN:173,193,_ZN23SeparateChainingHashMapIiNSt7__cxx1112basic_stringIcSt11char_traitsIcESaIcEEEE3putERKiRKS5_
FN:173,193,_ZN23SeparateChainingHashMapIiiE3putERKiS2_
FN:196,214,_ZN23SeparateChainingHashMapIiiE6removeERKi
FN:217,227,_ZNK23SeparateChainingHashMapIiiE5itemsEv
FN:230,242,_ZN23SeparateChainingHashMapIiNSt7__cxx1112basic_stringIcSt11char_traitsIcESaIcEEEE3getERKi
FN:230,242,_ZN23SeparateChainingHashMapIiiE3getERKi
FN:260,262,_ZNK23SeparateChainingHashMapIiiE5emptyEv
FN:265,284,_ZN23SeparateChainingHashMapIiNSt7__cxx1112basic_stringIcSt11char_traitsIcESaIcEEEEaSERKS6_
FN:30,31,_ZN23SeparateChainingHashMapIiNSt7__cxx1112basic_stringIcSt11char_traitsIcESaIcEEEEC2Em
FN:30,31,_ZN23SeparateChainingHashMapIiiEC2Em
FN:50,59,_ZNK23SeparateChainingHashMapIiiE7to_jsonERN8nlohmann16json_abi_v3_12_010basic_jsonISt3mapSt6vectorNSt7__cxx1112basic_stringIcSt11char_traitsIcESaIcEEEblmdSaNS2_14adl_serializerES5_IhSaIhEEvEE
FN:61,70,_ZN23SeparateChainingHashMapIiiE9from_jsonERKN8nlohmann16json_abi_v3_12_010basic_jsonISt3mapSt6vectorNSt7__cxx1112basic_stringIcSt11char_traitsIcESaIcEEEblmdSaNS2_14adl_serializerES5_IhSaIhEEvEE
FN:74,84,_ZNK23SeparateChainingHashMapIiiE8containsERKi
FN:87,101,_ZNK23SeparateChainingHashMapIiiE7displayEv
FNDA:2,_ZN23SeparateChainingHashMapIiNSt7__cxx1112basic_stringIcSt11char_traitsIcESaIcEEEEC2ERKS6_
FNDA:12,_ZN23SeparateChainingHashMapIiNSt7__cxx1112basic_stringIcSt11char_traitsIcESaIcEEEED2Ev
FNDA:24,_ZN23SeparateChainingHashMapIiiED2Ev
FNDA:14,_ZN23SeparateChainingHashMapIiNSt7__cxx1112basic_stringIcSt11char_traitsIcESaIcEEEE5clearEv
FNDA:28,_ZN23SeparateChainingHashMapIiiE5clearEv
FNDA:34,_ZNK23SeparateChainingHashMapIiNSt7__cxx1112basic_stringIcSt11char_traitsIcESaIcEEEE4hashERKi
FNDA:86,_ZNK23SeparateChainingHashMapIiiE4hashERKi
FNDA:0,_ZN23SeparateChainingHashMapIiNSt7__cxx1112basic_stringIcSt11char_traitsIcESaIcEEEE6rehashEv
FNDA:2,_ZN23SeparateChainingHashMapIiiE6rehashEv
FNDA:18,_ZN23SeparateChainingHashMapIiNSt7__cxx1112basic_stringIcSt11char_traitsIcESaIcEEEE4NodeC2ERKiRKS5_
FNDA:42,_ZN23SeparateChainingHashMapIiiE4NodeC2ERKiS3_
FNDA:18,_ZN23SeparateChainingHashMapIiNSt7__cxx1112basic_stringIcSt11char_traitsIcESaIcEEEE3putERKiRKS5_
FNDA:42,_ZN23SeparateChainingHashMapIiiE3putERKiS2_
FNDA:4,_ZN23SeparateChainingHashMapIiiE6removeERKi
FNDA:2,_ZNK23SeparateChainingHashMapIiiE5itemsEv
FNDA:16,_ZN23SeparateChainingHashMapIiNSt7__cxx1112basic_stringIcSt11char_traitsIcESaIcEEEE3getERKi
FNDA:18,_ZN23SeparateChainingHashMapIiiE3getERKi
FNDA:4,_ZNK23SeparateChainingHashMapIiiE5emptyEv
FNDA:2,_ZN23SeparateChainingHashMapIiNSt7__cxx1112basic_stringIcSt11char_traitsIcESaIcEEEEaSERKS6_
FNDA:10,_ZN23SeparateChainingHashMapIiNSt7__cxx1112basic_stringIcSt11char_traitsIcESaIcEEEEC2Em
FNDA:24,_ZN23SeparateChainingHashMapIiiEC2Em
FNDA:2,_ZNK23SeparateChainingHashMapIiiE7to_jsonERN8nlohmann16json_abi_v3_12_010basic_jsonISt3mapSt6vectorNSt7__cxx1112basic_stringIcSt11char_traitsIcESaIcEEEblmdSaNS2_14adl_serializerES5_IhSaIhEEvEE
FNDA:2,_ZN23SeparateChainingHashMapIiiE9from_jsonERKN8nlohmann16json_abi_v3_12_010basic_jsonISt3mapSt6vectorNSt7__cxx1112basic_stringIcSt11char_traitsIcESaIcEEEblmdSaNS2_14adl_serializerES5_IhSaIhEEvEE
FNDA:18,_ZNK23SeparateChainingHashMapIiiE8containsERKi
FNDA:2,_ZNK23SeparateChainingHashMapIiiE7displayEv
FNF:25
FNH:24
DA:17,60
DA:30,34
DA:31,68
DA:50,2
DA:51,14
DA:52,24
DA:53,22
DA:54,28
DA:55,48
DA:56,6
DA:59,50
DA:61,2
DA:62,2
DA:63,2
DA:64,2
DA:65,2
DA:66,2
DA:67,8
DA:68,6
DA:70,2
DA:74,18
DA:75,18
DA:76,18
DA:77,18
DA:78,12
DA:79,12
DA:81,0
DA:83,6
DA:87,2
DA:88,24
DA:89,22
DA:90,22
DA:91,22
DA:92,20
DA:94,24
DA:95,2
DA:96,2
DA:97,2
DA:99,22
DA:101,2
DA:104,2
DA:105,4
DA:106,24
DA:107,22
DA:108,22
DA:109,26
DA:110,4
DA:111,4
DA:112,4
DA:115,2
DA:118,36
DA:119,36
DA:120,36
DA:123,42
DA:124,480
DA:125,496
DA:126,58
DA:127,58
DA:128,58
DA:131,42
DA:132,42
DA:133,42
DA:136,120
DA:138,120
DA:151,2
DA:152,2
DA:153,2
DA:155,2
DA:157,8
DA:158,6
DA:159,10
DA:160,4
DA:161,4
DA:163,4
DA:164,4
DA:165,4
DA:169,2
DA:170,2
DA:173,60
DA:174,60
DA:175,2
DA:178,60
DA:179,60
DA:180,62
DA:181,8
DA:182,6
DA:183,6
DA:186,2
DA:189,54
DA:190,54
DA:191,54
DA:192,54
DA:196,4
DA:197,4
DA:198,4
DA:199,4
DA:200,4
DA:201,2
DA:202,2
DA:203,0
DA:205,2
DA:207,2
DA:208,2
DA:209,2
DA:211,0
DA:212,0
DA:217,2
DA:218,2
DA:219,24
DA:220,22
DA:221,26
DA:222,4
DA:223,4
DA:226,2
DA:227,0
DA:230,34
DA:231,34
DA:233,34
DA:234,36
DA:235,34
DA:236,32
DA:238,2
DA:241,2
DA:260,4
DA:261,4
DA:265,2
DA:266,2
DA:267,0
DA:269,2
DA:270,2
DA:271,2
DA:272,2
DA:274,24
DA:275,22
DA:276,22
DA:277,24
DA:278,2
DA:279,2
DA:280,2
DA:283,2
LF:140
LH:134
end_of_record
TN:
SF:/home/xxaqurm/proga/Laboratory_3/C++/json.hpp
FN:15615,15617,_ZN8nlohmann16json_abi_v3_12_06detail8json_refINS0_10basic_jsonISt3mapSt6vectorNSt7__cxx1112basic_stringIcSt11char_traitsIcESaIcEEEblmdSaNS0_14adl_serializerES5_IhSaIhEEvEEEC2EOSF_
FN:15623,15625,_ZN8nlohmann16json_abi_v3_12_06detail8json_refINS0_10basic_jsonISt3mapSt6vectorNSt7__cxx1112basic_stringIcSt11char_traitsIcESaIcEEEblmdSaNS0_14adl_serializerES5_IhSaIhEEvEEEC2ESt16initializer_listISG_E
FN:15630,15632,_ZN8nlohmann16json_abi_v3_12_06detail8json_refINS0_10basic_jsonISt3mapSt6vectorNSt7__cxx1112basic_stringIcSt11char_traitsIcESaIcEEEblmdSaNS0_14adl_serializerES5_IhSaIhEEvEEEC2IJRA4_KcELi0EEEDpOT_
FN:15630,15632,_ZN8nlohmann16json_abi_v3_12_06detail8json_refINS0_10basic_jsonISt3mapSt6vectorNSt7__cxx1112basic_stringIcSt11char_traitsIcESaIcEEEblmdSaNS0_14adl_serializerES5_IhSaIhEEvEEEC2IJRA5_KcELi0EEEDpOT_
FN:15630,15632,_ZN8nlohmann16json_abi_v3_12_06detail8json_refINS0_10basic_jsonISt3mapSt6vectorNSt7__cxx1112basic_stringIcSt11char_traitsIcESaIcEEEblmdSaNS0_14adl_serializerES5_IhSaIhEEvEEEC2IJRA6_KcELi0EEEDpOT_
FN:15630,15632,_ZN8nlohmann16json_abi_v3_12_06detail8json_refINS0_10basic_jsonISt3mapSt6vectorNSt7__cxx1112basic_stringIcSt11char_traitsIcESaIcEEEblmdSaNS0_14adl_serializerES5_IhSaIhEEvEEEC2IJRA9_KcELi0EEEDpOT_
FN:15630,15632,_ZN8nlohmann16json_abi_v3_12_06detail8json_refINS0_10basic_jsonISt3mapSt6vectorNSt7__cxx1112basic_stringIcSt11char_traitsIcESaIcEEEblmdSaNS0_14adl_serializerES5_IhSaIhEEvEEEC2IJRKmELi0EEEDpOT_
FN:15630,15632,_ZN8nlohmann16json_abi_v3_12_06detail8json_refINS0_10basic_jsonISt3mapSt6vectorNSt7__cxx1112basic_stringIcSt11char_traitsIcESaIcEEEblmdSaNS0_14adl_serializerES5_IhSaIhEEvEEEC2IJRiELi0EEEDpOT_
FN:15639,15639,_ZN8nlohmann16json_abi_v3_12_06detail8json_refINS0_10basic_jsonISt3mapSt6vectorNSt7__cxx1112basic_stringIcSt11char_traitsIcESaIcEEEblmdSaNS0_14adl_serializerES5_IhSaIhEEvEEED2Ev
FN:15641,15648,_ZNK8nlohmann16json_abi_v3_12_06detail8json_refINS0_10basic_jsonISt3mapSt6vectorNSt7__cxx1112basic_stringIcSt11char_traitsIcESaIcEEEblmdSaNS0_14adl_serializerES5_IhSaIhEEvEEE15moved_or_copiedEv
FN:15650,15653,_ZNK8nlohmann16json_abi_v3_12_06detail8json_refINS0_10basic_jsonISt3mapSt6vectorNSt7__cxx1112basic_stringIcSt11char_traitsIcESaIcEEEblmdSaNS0_14adl_serializerES5_IhSaIhEEvEEEdeEv
FN:15655,15658,_ZNK8nlohmann16json_abi_v3_12_06detail8json_refINS0_10basic_jsonISt3mapSt6vectorNSt7__cxx1112basic_stringIcSt11char_traitsIcESaIcEEEblmdSaNS0_14adl_serializerES5_IhSaIhEEvEEEptEv
FN:20501,20514,_ZN8nlohmann16json_abi_v3_12_010basic_jsonISt3mapSt6vectorNSt7__cxx1112basic_stringIcSt11char_traitsIcESaIcEEEblmdSaNS0_14adl_serializerES3_IhSaIhEEvE6createINS0_27byte_container_with_subtypeISC_EEJEEEPT_DpOT0_
FN:20501,20514,_ZN8nlohmann16json_abi_v3_12_010basic_jsonISt3mapSt6vectorNSt7__cxx1112basic_stringIcSt11char_traitsIcESaIcEEEblmdSaNS0_14adl_serializerES3_IhSaIhEEvE6createINS0_27byte_container_with_subtypeISC_EEJRKSG_EEEPT_DpOT0_
FN:20501,20514,_ZN8nlohmann16json_abi_v3_12_010basic_jsonISt3mapSt6vectorNSt7__cxx1112basic_stringIcSt11char_traitsIcESaIcEEEblmdSaNS0_14adl_serializerES3_IhSaIhEEvE6createIS2_IS9_SD_St4lessIvESaISt4pairIKS9_SD_EEEJEEEPT_DpOT0_
FN:20501,20514,_ZN8nlohmann16json_abi_v3_12_010basic_jsonISt3mapSt6vectorNSt7__cxx1112basic_stringIcSt11char_traitsIcESaIcEEEblmdSaNS0_14adl_serializerES3_IhSaIhEEvE6createIS2_IS9_SD_St4lessIvESaISt4pairIKS9_SD_EEEJRKSL_EEEPT_DpOT0_
FN:20501,20514,_ZN8nlohmann16json_abi_v3_12_010basic_jsonISt3mapSt6vectorNSt7__cxx1112basic_stringIcSt11char_traitsIcESaIcEEEblmdSaNS0_14adl_serializerES3_IhSaIhEEvE6createIS3_ISD_SaISD_EEJEEEPT_DpOT0_
FN:20501,20514,_ZN8nlohmann16json_abi_v3_12_010basic_jsonISt3mapSt6vectorNSt7__cxx1112basic_stringIcSt11char_traitsIcESaIcEEEblmdSaNS0_14adl_serializerES3_IhSaIhEEvE6createIS3_ISD_SaISD_EEJPKNS0_6detail8json_refISD_EESL_EEEPT_DpOT0_
FN:20501,20514,_ZN8nlohmann16json_abi_v3_12_010basic_jsonISt3mapSt6vectorNSt7__cxx1112basic_stringIcSt11char_traitsIcESaIcEEEblmdSaNS0_14adl_serializerES3_IhSaIhEEvE6createIS3_ISD_SaISD_EEJRKSG_EEEPT_DpOT0_
FN:20501,20514,_ZN8nlohmann16json_abi_v3_12_010basic_jsonISt3mapSt6vectorNSt7__cxx1112basic_stringIcSt11char_traitsIcESaIcEEEblmdSaNS0_14adl_serializerES3_IhSaIhEEvE6createIS9_JRA1_KcEEEPT_DpOT0_
FN:20501,20514,_ZN8nlohmann16json_abi_v3_12_010basic_jsonISt3mapSt6vectorNSt7__cxx1112basic_stringIcSt11char_traitsIcESaIcEEEblmdSaNS0_14adl_serializerES3_IhSaIhEEvE6createIS9_JRA4_KcEEEPT_DpOT0_
FN:20501,20514,_ZN8nlohmann16json_abi_v3_12_010basic_jsonISt3mapSt6vectorNSt7__cxx1112basic_stringIcSt11char_traitsIcESaIcEEEblmdSaNS0_14adl_serializerES3_IhSaIhEEvE6createIS9_JRA5_KcEEEPT_DpOT0_
FN:20501,20514,_ZN8nlohmann16json_abi_v3_12_010basic_jsonISt3mapSt6vectorNSt7__cxx1112basic_stringIcSt11char_traitsIcESaIcEEEblmdSaNS0_14adl_serializerES3_IhSaIhEEvE6createIS9_JRA6_KcEEEPT_DpOT0_
FN:20501,20514,_ZN8nlohmann16json_abi_v3_12_010basic_jsonISt3mapSt6vectorNSt7__cxx1112basic_stringIcSt11char_traitsIcESaIcEEEblmdSaNS0_14adl_serializerES3_IhSaIhEEvE6createIS9_JRA9_KcEEEPT_DpOT0_
FN:20501,20514,_ZN8nlohmann16json_abi_v3_12_010basic_jsonISt3mapSt6vectorNSt7__cxx1112basic_stringIcSt11char_traitsIcESaIcEEEblmdSaNS0_14adl_serializerES3_IhSaIhEEvE6createIS9_JRKS9_EEEPT_DpOT0_
FN:20506,20506,_ZZN8nlohmann16json_abi_v3_12_010basic_jsonISt3mapSt6vectorNSt7__cxx1112basic_stringIcSt11char_traitsIcESaIcEEEblmdSaNS0_14adl_serializerES3_IhSaIhEEvE6createINS0_27byte_container_with_subtypeISC_EEJEEEPT_DpOT0_ENKUlPSG_E_clESM_
FN:20506,20506,_ZZN8nlohmann16json_abi_v3_12_010basic_jsonISt3mapSt6vectorNSt7__cxx1112basic_stringIcSt11char_traitsIcESaIcEEEblmdSaNS0_14adl_serializerES3_IhSaIhEEvE6createINS0_27byte_container_with_subtypeISC_EEJRKSG_EEEPT_DpOT0_ENKUlPSG_E_clESO_
FN:20506,20506,_ZZN8nlohmann16json_abi_v3_12_010basic_jsonISt3mapSt6vectorNSt7__cxx1112basic_stringIcSt11char_traitsIcESaIcEEEblmdSaNS0_14adl_serializerES3_IhSaIhEEvE6createIS2_IS9_SD_St4lessIvESaISt4pairIKS9_SD_EEEJEEEPT_DpOT0_ENKUlPSL_E_clESR_
FN:20506,20506,_ZZN8nlohmann16json_abi_v3_12_010basic_jsonISt3mapSt6vectorNSt7__cxx1112basic_stringIcSt11char_traitsIcESaIcEEEblmdSaNS0_14adl_serializerES3_IhSaIhEEvE6createIS2_IS9_SD_St4lessIvESaISt4pairIKS9_SD_EEEJRKSL_EEEPT_DpOT0_ENKUlPSL_E_clEST_
FN:20506,20506,_ZZN8nlohmann16json_abi_v3_12_010basic_jsonISt3mapSt6vectorNSt7__cxx1112basic_stringIcSt11char_traitsIcESaIcEEEblmdSaNS0_14adl_serializerES3_IhSaIhEEvE6createIS3_ISD_SaISD_EEJEEEPT_DpOT0_ENKUlPSG_E_clESM_
FN:20506,20506,_ZZN8nlohmann16json_abi_v3_12_010basic_jsonISt3mapSt6vectorNSt7__cxx1112basic_stringIcSt11char_traitsIcESaIcEEEblmdSaNS0_14adl_serializerES3_IhSaIhEEvE6createIS3_ISD_SaISD_EEJPKNS0_6detail8json_refISD_EESL_EEEPT_DpOT0_ENKUlPSG_E_clESR_
FN:20506,20506,_ZZN8nlohmann16json_abi_v3_12_010basic_jsonISt3mapSt6vectorNSt7__cxx1112basic_stringIcSt11char_traitsIcESaIcEEEblmdSaNS0_14adl_serializerES3_IhSaIhEEvE6createIS3_ISD_SaISD_EEJRKSG_EEEPT_DpOT0_ENKUlPSG_E_clESO_
FN:20506,20506,_ZZN8nlohmann16json_abi_v3_12_010basic_jsonISt3mapSt6vectorNSt7__cxx1112basic_stringIcSt11char_traitsIcESaIcEEEblmdSaNS0_14adl_serializerES3_IhSaIhEEvE6createIS9_JRA1_KcEEEPT_DpOT0_ENKUlPS9_E_clESN_
FN:20506,20506,_ZZN8nlohmann16json_abi_v3_12_010basic_jsonISt3mapSt6vectorNSt7__cxx1112basic_stringIcSt11char_traitsIcESaIcEEEblmdSaNS0_14adl_serializerES3_IhSaIhEEvE6createIS9_JRA4_KcEEEPT_DpOT0_ENKUlPS9_E_clESN_
FN:20506,20506,_ZZN8nlohmann16json_abi_v3_12_010basic_jsonISt3mapSt6vectorNSt7__cxx1112basic_stringIcSt11char_traitsIcESaIcEEEblmdSaNS0_14adl_serializerES3_IhSaIhEEvE6createIS9_JRA5_KcEEEPT_DpOT0_ENKUlPS9_E_clESN_
FN:20506,20506,_ZZN8nlohmann16json_abi_v3_12_010basic_jsonISt3mapSt6vectorNSt7__cxx1112basic_stringIcSt11char_traitsIcESaIcEEEblmdSaNS0_14adl_serializerES3_IhSaIhEEvE6createIS9_JRA6_KcEEEPT_DpOT0_ENKUlPS9_E_clESN_
FN:20506,20506,_ZZN8nlohmann16json_abi_v3_12_010basic_jsonISt3mapSt6vectorNSt7__cxx1112basic_stringIcSt11char_traitsIcESaIcEEEblmdSaNS0_14adl_serializerES3_IhSaIhEEvE6createIS9_JRA9_KcEEEPT_DpOT0_ENKUlPS9_E_clESN_
FN:20506,20506,_ZZN8nlohmann16json_abi_v3_12_010basic_jsonISt3mapSt6vectorNSt7__cxx1112basic_stringIcSt11char_traitsIcESaIcEEEblmdSaNS0_14adl_serializerES3_IhSaIhEEvE6createIS9_JRKS9_EEEPT_DpOT0_ENKUlPS9_E_clESM_
FN:20568,20568,_ZN8nlohmann16json_abi_v3_12_010basic_jsonISt3mapSt6vectorNSt7__cxx1112basic_stringIcSt11char_traitsIcESaIcEEEblmdSaNS0_14adl_serializerES3_IhSaIhEEvE10json_valueC2Eb
FN:20570,20570,_ZN8nlohmann16json_abi_v3_12_010basic_jsonISt3mapSt6vectorNSt7__cxx1112basic_stringIcSt11char_traitsIcESaIcEEEblmdSaNS0_14adl_serializerES3_IhSaIhEEvE10json_valueC2El
FN:20572,20572,_ZN8nlohmann16json_abi_v3_12_010basic_jsonISt3mapSt6vectorNSt7__cxx1112basic_stringIcSt11char_traitsIcESaIcEEEblmdSaNS0_14adl_serializerES3_IhSaIhEEvE10json_valueC2Em
FN:20574,20574,_ZN8nlohmann16json_abi_v3_12_010basic_jsonISt3mapSt6vectorNSt7__cxx1112basic_stringIcSt11char_traitsIcESaIcEEEblmdSaNS0_14adl_serializerES3_IhSaIhEEvE10json_valueC2Ed
FN:20576,20645,_ZN8nlohmann16json_abi_v3_12_010basic_jsonISt3mapSt6vectorNSt7__cxx1112basic_stringIcSt11char_traitsIcESaIcEEEblmdSaNS0_14adl_serializerES3_IhSaIhEEvE10json_valueC2ENS0_6detail7value_tE
FN:20648,20648,_ZN8nlohmann16json_abi_v3_12_010basic_jsonISt3mapSt6vectorNSt7__cxx1112basic_stringIcSt11char_traitsIcESaIcEEEblmdSaNS0_14adl_serializerES3_IhSaIhEEvE10json_valueC2ERKS9_
FN:20654,20654,_ZN8nlohmann16json_abi_v3_12_010basic_jsonISt3mapSt6vectorNSt7__cxx1112basic_stringIcSt11char_traitsIcESaIcEEEblmdSaNS0_14adl_serializerES3_IhSaIhEEvE10json_valueC2ERKS2_IS9_SD_St4lessIvESaISt4pairIKS9_SD_EEE
FN:20660,20660,_ZN8nlohmann16json_abi_v3_12_010basic_jsonISt3mapSt6vectorNSt7__cxx1112basic_stringIcSt11char_traitsIcESaIcEEEblmdSaNS0_14adl_serializerES3_IhSaIhEEvE10json_valueC2ERKS3_ISD_SaISD_EE
FN:20672,20672,_ZN8nlohmann16json_abi_v3_12_010basic_jsonISt3mapSt6vectorNSt7__cxx1112basic_stringIcSt11char_traitsIcESaIcEEEblmdSaNS0_14adl_serializerES3_IhSaIhEEvE10json_valueC2ERKNS0_27byte_container_with_subtypeISC_EE
FN:20677,20783,_ZN8nlohmann16json_abi_v3_12_010basic_jsonISt3mapSt6vectorNSt7__cxx1112basic_stringIcSt11char_traitsIcESaIcEEEblmdSaNS0_14adl_serializerES3_IhSaIhEEvE10json_value7destroyENS0_6detail7value_tE
FN:20805,20824,_ZNK8nlohmann16json_abi_v3_12_010basic_jsonISt3mapSt6vectorNSt7__cxx1112basic_stringIcSt11char_traitsIcESaIcEEEblmdSaNS0_14adl_serializerES3_IhSaIhEEvE16assert_invariantEb
FN:20826,20861,_ZN8nlohmann16json_abi_v3_12_010basic_jsonISt3mapSt6vectorNSt7__cxx1112basic_stringIcSt11char_traitsIcESaIcEEEblmdSaNS0_14adl_serializerES3_IhSaIhEEvE11set_parentsEv
FN:20876,20912,_ZN8nlohmann16json_abi_v3_12_010basic_jsonISt3mapSt6vectorNSt7__cxx1112basic_stringIcSt11char_traitsIcESaIcEEEblmdSaNS0_14adl_serializerES3_IhSaIhEEvE10set_parentERSD_m
FN:20938,20942,_ZN8nlohmann16json_abi_v3_12_010basic_jsonISt3mapSt6vectorNSt7__cxx1112basic_stringIcSt11char_traitsIcESaIcEEEblmdSaNS0_14adl_serializerES3_IhSaIhEEvEC2ENS0_6detail7value_tE
FN:20946,20950,_ZN8nlohmann16json_abi_v3_12_010basic_jsonISt3mapSt6vectorNSt7__cxx1112basic_stringIcSt11char_traitsIcESaIcEEEblmdSaNS0_14adl_serializerES3_IhSaIhEEvEC2EDn
FN:20958,20965,_ZN8nlohmann16json_abi_v3_12_010basic_jsonISt3mapSt6vectorNSt7__cxx1112basic_stringIcSt11char_traitsIcESaIcEEEblmdSaNS0_14adl_serializerES3_IhSaIhEEvEC2IRA4_KcA4_cLi0EEEOT_
FN:20958,20965,_ZN8nlohmann16json_abi_v3_12_010basic_jsonISt3mapSt6vectorNSt7__cxx1112basic_stringIcSt11char_traitsIcESaIcEEEblmdSaNS0_14adl_serializerES3_IhSaIhEEvEC2IRA5_KcA5_cLi0EEEOT_
FN:20958,20965,_ZN8nlohmann16json_abi_v3_12_010basic_jsonISt3mapSt6vectorNSt7__cxx1112basic_stringIcSt11char_traitsIcESaIcEEEblmdSaNS0_14adl_serializerES3_IhSaIhEEvEC2IRA6_KcA6_cLi0EEEOT_
FN:20958,20965,_ZN8nlohmann16json_abi_v3_12_010basic_jsonISt3mapSt6vectorNSt7__cxx1112basic_stringIcSt11char_traitsIcESaIcEEEblmdSaNS0_14adl_serializerES3_IhSaIhEEvEC2IRA9_KcA9_cLi0EEEOT_
FN:20958,20965,_ZN8nlohmann16json_abi_v3_12_010basic_jsonISt3mapSt6vectorNSt7__cxx1112basic_stringIcSt11char_traitsIcESaIcEEEblmdSaNS0_14adl_serializerES3_IhSaIhEEvEC2IRKiiLi0EEEOT_
FN:20958,20965,_ZN8nlohmann16json_abi_v3_12_010basic_jsonISt3mapSt6vectorNSt7__cxx1112basic_stringIcSt11char_traitsIcESaIcEEEblmdSaNS0_14adl_serializerES3_IhSaIhEEvEC2IRKmmLi0EEEOT_
FN:20958,20965,_ZN8nlohmann16json_abi_v3_12_010basic_jsonISt3mapSt6vectorNSt7__cxx1112basic_stringIcSt11char_traitsIcESaIcEEEblmdSaNS0_14adl_serializerES3_IhSaIhEEvEC2IRiiLi0EEEOT_
FN:21030,21084,_ZN8nlohmann16json_abi_v3_12_010basic_jsonISt3mapSt6vectorNSt7__cxx1112basic_stringIcSt11char_traitsIcESaIcEEEblmdSaNS0_14adl_serializerES3_IhSaIhEEvEC2ESt16initializer_listINS0_6detail8json_refISD_EEEbNSF_7value_tE
FN:21037,21037,_ZZN8nlohmann16json_abi_v3_12_010basic_jsonISt3mapSt6vectorNSt7__cxx1112basic_stringIcSt11char_traitsIcESaIcEEEblmdSaNS0_14adl_serializerES3_IhSaIhEEvEC4ESt16initializer_listINS0_6detail8json_refISD_EEEbNSF_7value_tEENKUlRKSH_E_clESL_
FN:21133,21136,_ZN8nlohmann16json_abi_v3_12_010basic_jsonISt3mapSt6vectorNSt7__cxx1112basic_stringIcSt11char_traitsIcESaIcEEEblmdSaNS0_14adl_serializerES3_IhSaIhEEvE5arrayESt16initializer_listINS0_6detail8json_refISD_EEE
FN:21269,21269,_ZN8nlohmann16json_abi_v3_12_010basic_jsonISt3mapSt6vectorNSt7__cxx1112basic_stringIcSt11char_traitsIcESaIcEEEblmdSaNS0_14adl_serializerES3_IhSaIhEEvEC2INS0_6detail8json_refISD_EELi0EEERKT_
FN:21273,21342,_ZN8nlohmann16json_abi_v3_12_010basic_jsonISt3mapSt6vectorNSt7__cxx1112basic_stringIcSt11char_traitsIcESaIcEEEblmdSaNS0_14adl_serializerES3_IhSaIhEEvEC2ERKSD_
FN:21346,21368,_ZN8nlohmann16json_abi_v3_12_010basic_jsonISt3mapSt6vectorNSt7__cxx1112basic_stringIcSt11char_traitsIcESaIcEEEblmdSaNS0_14adl_serializerES3_IhSaIhEEvEC2EOSD_
FN:21372,21397,_ZN8nlohmann16json_abi_v3_12_010basic_jsonISt3mapSt6vectorNSt7__cxx1112basic_stringIcSt11char_traitsIcESaIcEEEblmdSaNS0_14adl_serializerES3_IhSaIhEEvEaSESD_
FN:21401,21404,_ZN8nlohmann16json_abi_v3_12_010basic_jsonISt3mapSt6vectorNSt7__cxx1112basic_stringIcSt11char_traitsIcESaIcEEEblmdSaNS0_14adl_serializerES3_IhSaIhEEvED2Ev
FN:21462,21465,_ZNK8nlohmann16json_abi_v3_12_010basic_jsonISt3mapSt6vectorNSt7__cxx1112basic_stringIcSt11char_traitsIcESaIcEEEblmdSaNS0_14adl_serializerES3_IhSaIhEEvE7is_nullEv
FN:21469,21472,_ZNK8nlohmann16json_abi_v3_12_010basic_jsonISt3mapSt6vectorNSt7__cxx1112basic_stringIcSt11char_traitsIcESaIcEEEblmdSaNS0_14adl_serializerES3_IhSaIhEEvE10is_booleanEv
FN:21490,21493,_ZNK8nlohmann16json_abi_v3_12_010basic_jsonISt3mapSt6vectorNSt7__cxx1112basic_stringIcSt11char_traitsIcESaIcEEEblmdSaNS0_14adl_serializerES3_IhSaIhEEvE18is_number_unsignedEv
FN:21497,21500,_ZNK8nlohmann16json_abi_v3_12_010basic_jsonISt3mapSt6vectorNSt7__cxx1112basic_stringIcSt11char_traitsIcESaIcEEEblmdSaNS0_14adl_serializerES3_IhSaIhEEvE15is_number_floatEv
FN:21504,21507,_ZNK8nlohmann16json_abi_v3_12_010basic_jsonISt3mapSt6vectorNSt7__cxx1112basic_stringIcSt11char_traitsIcESaIcEEEblmdSaNS0_14adl_serializerES3_IhSaIhEEvE9is_objectEv
FN:21511,21514,_ZNK8nlohmann16json_abi_v3_12_010basic_jsonISt3mapSt6vectorNSt7__cxx1112basic_stringIcSt11char_traitsIcESaIcEEEblmdSaNS0_14adl_serializerES3_IhSaIhEEvE8is_arrayEv
FN:21518,21521,_ZNK8nlohmann16json_abi_v3_12_010basic_jsonISt3mapSt6vectorNSt7__cxx1112basic_stringIcSt11char_traitsIcESaIcEEEblmdSaNS0_14adl_serializerES3_IhSaIhEEvE9is_stringEv
FN:21539,21542,_ZNK8nlohmann16json_abi_v3_12_010basic_jsonISt3mapSt6vectorNSt7__cxx1112basic_stringIcSt11char_traitsIcESaIcEEEblmdSaNS0_14adl_serializerES3_IhSaIhEEvEcvNS0_6detail7value_tEEv
FN:21587,21590,_ZN8nlohmann16json_abi_v3_12_010basic_jsonISt3mapSt6vectorNSt7__cxx1112basic_stringIcSt11char_traitsIcESaIcEEEblmdSaNS0_14adl_serializerES3_IhSaIhEEvE12get_impl_ptrEPS9_
FN:21605,21608,_ZNK8nlohmann16json_abi_v3_12_010basic_jsonISt3mapSt6vectorNSt7__cxx1112basic_stringIcSt11char_traitsIcESaIcEEEblmdSaNS0_14adl_serializerES3_IhSaIhEEvE12get_impl_ptrEPKb
FN:21617,21620,_ZNK8nlohmann16json_abi_v3_12_010basic_jsonISt3mapSt6vectorNSt7__cxx1112basic_stringIcSt11char_traitsIcESaIcEEEblmdSaNS0_14adl_serializerES3_IhSaIhEEvE12get_impl_ptrEPKl
FN:21629,21632,_ZNK8nlohmann16json_abi_v3_12_010basic_jsonISt3mapSt6vectorNSt7__cxx1112basic_stringIcSt11char_traitsIcESaIcEEEblmdSaNS0_14adl_serializerES3_IhSaIhEEvE12get_impl_ptrEPKm
FN:21641,21644,_ZNK8nlohmann16json_abi_v3_12_010basic_jsonISt3mapSt6vectorNSt7__cxx1112basic_stringIcSt11char_traitsIcESaIcEEEblmdSaNS0_14adl_serializerES3_IhSaIhEEvE12get_impl_ptrEPKd
FN:21670,21681,_ZN8nlohmann16json_abi_v3_12_010basic_jsonISt3mapSt6vectorNSt7__cxx1112basic_stringIcSt11char_traitsIcESaIcEEEblmdSaNS0_14adl_serializerES3_IhSaIhEEvE12get_ref_implIRS9_SD_EET_RT0_
FN:21692,21696,_ZN8nlohmann16json_abi_v3_12_010basic_jsonISt3mapSt6vectorNSt7__cxx1112basic_stringIcSt11char_traitsIcESaIcEEEblmdSaNS0_14adl_serializerES3_IhSaIhEEvE7get_ptrIPS9_Li0EEEDTcldtclL_ZSt7declvalIRSD_EDTcl9__declvalIT_ELi0EEEvEE12get_impl_ptrcl7declvalISI_EEEEv
FN:21703,21707,_ZNK8nlohmann16json_abi_v3_12_010basic_jsonISt3mapSt6vectorNSt7__cxx1112basic_stringIcSt11char_traitsIcESaIcEEEblmdSaNS0_14adl_serializerES3_IhSaIhEEvE7get_ptrIPKbLi0EEEDTcldtclL_ZSt7declvalIRKSD_EDTcl9__declvalIT_ELi0EEEvEE12get_impl_ptrcl7declvalISK_EEEEv
FN:21703,21707,_ZNK8nlohmann16json_abi_v3_12_010basic_jsonISt3mapSt6vectorNSt7__cxx1112basic_stringIcSt11char_traitsIcESaIcEEEblmdSaNS0_14adl_serializerES3_IhSaIhEEvE7get_ptrIPKdLi0EEEDTcldtclL_ZSt7declvalIRKSD_EDTcl9__declvalIT_ELi0EEEvEE12get_impl_ptrcl7declvalISK_EEEEv
FN:21703,21707,_ZNK8nlohmann16json_abi_v3_12_010basic_jsonISt3mapSt6vectorNSt7__cxx1112basic_stringIcSt11char_traitsIcESaIcEEEblmdSaNS0_14adl_serializerES3_IhSaIhEEvE7get_ptrIPKlLi0EEEDTcldtclL_ZSt7declvalIRKSD_EDTcl9__declvalIT_ELi0EEEvEE12get_impl_ptrcl7declvalISK_EEEEv
FN:21703,21707,_ZNK8nlohmann16json_abi_v3_12_010basic_jsonISt3mapSt6vectorNSt7__cxx1112basic_stringIcSt11char_traitsIcESaIcEEEblmdSaNS0_14adl_serializerES3_IhSaIhEEvE7get_ptrIPKmLi0EEEDTcldtclL_ZSt7declvalIRKSD_EDTcl9__declvalIT_ELi0EEEvEE12get_impl_ptrcl7declvalISK_EEEEv
FN:21753,21759,_ZNK8nlohmann16json_abi_v3_12_010basic_jsonISt3mapSt6vectorNSt7__cxx1112basic_stringIcSt11char_traitsIcESaIcEEEblmdSaNS0_14adl_serializerES3_IhSaIhEEvE8get_implIiLi0EEET_NS0_6detail12priority_tagILj0EEE
FN:21753,21759,_ZNK8nlohmann16json_abi_v3_12_010basic_jsonISt3mapSt6vectorNSt7__cxx1112basic_stringIcSt11char_traitsIcESaIcEEEblmdSaNS0_14adl_serializerES3_IhSaIhEEvE8get_implImLi0EEET_NS0_6detail12priority_tagILj0EEE
FN:21891,21901,_ZNK8nlohmann16json_abi_v3_12_010basic_jsonISt3mapSt6vectorNSt7__cxx1112basic_stringIcSt11char_traitsIcESaIcEEEblmdSaNS0_14adl_serializerES3_IhSaIhEEvE3getIiiEEDTcldtclL_ZSt7declvalIRKSD_EDTcl9__declvalIT_ELi0EEEvEE8get_implIT0_EtlNS0_6detail12priority_tagILj4EEEEEEv
FN:21891,21901,_ZNK8nlohmann16json_abi_v3_12_010basic_jsonISt3mapSt6vectorNSt7__cxx1112basic_stringIcSt11char_traitsIcESaIcEEEblmdSaNS0_14adl_serializerES3_IhSaIhEEvE3getImmEEDTcldtclL_ZSt7declvalIRKSD_EDTcl9__declvalIT_ELi0EEEvEE8get_implIT0_EtlNS0_6detail12priority_tagILj4EEEEEEv
FN:21981,21985,_ZN8nlohmann16json_abi_v3_12_010basic_jsonISt3mapSt6vectorNSt7__cxx1112basic_stringIcSt11char_traitsIcESaIcEEEblmdSaNS0_14adl_serializerES3_IhSaIhEEvE7get_refIRS9_Li0EEET_v
FN:22189,22203,_ZNK8nlohmann16json_abi_v3_12_010basic_jsonISt3mapSt6vectorNSt7__cxx1112basic_stringIcSt11char_traitsIcESaIcEEEblmdSaNS0_14adl_serializerES3_IhSaIhEEvE2atIRA5_KcLi0EEERKSD_OT_
FN:22189,22203,_ZNK8nlohmann16json_abi_v3_12_010basic_jsonISt3mapSt6vectorNSt7__cxx1112basic_stringIcSt11char_traitsIcESaIcEEEblmdSaNS0_14adl_serializerES3_IhSaIhEEvE2atIRA6_KcLi0EEERKSD_OT_
FN:22189,22203,_ZNK8nlohmann16json_abi_v3_12_010basic_jsonISt3mapSt6vectorNSt7__cxx1112basic_stringIcSt11char_traitsIcESaIcEEEblmdSaNS0_14adl_serializerES3_IhSaIhEEvE2atIRA9_KcLi0EEERKSD_OT_
FN:22207,22249,_ZN8nlohmann16json_abi_v3_12_010basic_jsonISt3mapSt6vectorNSt7__cxx1112basic_stringIcSt11char_traitsIcESaIcEEEblmdSaNS0_14adl_serializerES3_IhSaIhEEvEixEm
FN:22253,22262,_ZNK8nlohmann16json_abi_v3_12_010basic_jsonISt3mapSt6vectorNSt7__cxx1112basic_stringIcSt11char_traitsIcESaIcEEEblmdSaNS0_14adl_serializerES3_IhSaIhEEvEixEm
FN:22266,22284,_ZN8nlohmann16json_abi_v3_12_010basic_jsonISt3mapSt6vectorNSt7__cxx1112basic_stringIcSt11char_traitsIcESaIcEEEblmdSaNS0_14adl_serializerES3_IhSaIhEEvEixES9_
FN:22304,22307,_ZN8nlohmann16json_abi_v3_12_010basic_jsonISt3mapSt6vectorNSt7__cxx1112basic_stringIcSt11char_traitsIcESaIcEEEblmdSaNS0_14adl_serializerES3_IhSaIhEEvEixIKcEERSD_PT_
FN:23094,23129,_ZNK8nlohmann16json_abi_v3_12_010basic_jsonISt3mapSt6vectorNSt7__cxx1112basic_stringIcSt11char_traitsIcESaIcEEEblmdSaNS0_14adl_serializerES3_IhSaIhEEvE4sizeEv
FN:23237,23258,_ZN8nlohmann16json_abi_v3_12_010basic_jsonISt3mapSt6vectorNSt7__cxx1112basic_stringIcSt11char_traitsIcESaIcEEEblmdSaNS0_14adl_serializerES3_IhSaIhEEvE9push_backEOSD_
FN:23302,23321,_ZN8nlohmann16json_abi_v3_12_010basic_jsonISt3mapSt6vectorNSt7__cxx1112basic_stringIcSt11char_traitsIcESaIcEEEblmdSaNS0_14adl_serializerES3_IhSaIhEEvE9push_backERKSt4pairIKS9_SD_E
FN:23333,23345,_ZN8nlohmann16json_abi_v3_12_010basic_jsonISt3mapSt6vectorNSt7__cxx1112basic_stringIcSt11char_traitsIcESaIcEEEblmdSaNS0_14adl_serializerES3_IhSaIhEEvE9push_backESt16initializer_listINS0_6detail8json_refISD_EEE
FN:24365,24390,_ZNK8nlohmann16json_abi_v3_12_010basic_jsonISt3mapSt6vectorNSt7__cxx1112basic_stringIcSt11char_traitsIcESaIcEEEblmdSaNS0_14adl_serializerES3_IhSaIhEEvE9type_nameEv
FN:24405,24408,_ZN8nlohmann16json_abi_v3_12_010basic_jsonISt3mapSt6vectorNSt7__cxx1112basic_stringIcSt11char_traitsIcESaIcEEEblmdSaNS0_14adl_serializerES3_IhSaIhEEvE4dataC2ENS0_6detail7value_tE
FN:24416,24416,_ZN8nlohmann16json_abi_v3_12_010basic_jsonISt3mapSt6vectorNSt7__cxx1112basic_stringIcSt11char_traitsIcESaIcEEEblmdSaNS0_14adl_serializerES3_IhSaIhEEvE4dataC2Ev
FN:24422,24425,_ZN8nlohmann16json_abi_v3_12_010basic_jsonISt3mapSt6vectorNSt7__cxx1112basic_stringIcSt11char_traitsIcESaIcEEEblmdSaNS0_14adl_serializerES3_IhSaIhEEvE4dataD2Ev
FN:4406,4409,_ZN8nlohmann16json_abi_v3_12_06detail13concat_lengthEv
FN:4418,4421,_ZN8nlohmann16json_abi_v3_12_06detail13concat_lengthIJNSt7__cxx1112basic_stringIcSt11char_traitsIcESaIcEEEA3_cEEEmcDpRKT_
FN:4424,4428,_ZN8nlohmann16json_abi_v3_12_06detail13concat_lengthIJEEEmPKcDpRKT_
FN:4424,4428,_ZN8nlohmann16json_abi_v3_12_06detail13concat_lengthIJNSt7__cxx1112basic_stringIcSt11char_traitsIcESaIcEEEA12_cEEEmPKcDpRKT_
FN:4424,4428,_ZN8nlohmann16json_abi_v3_12_06detail13concat_lengthIJNSt7__cxx1112basic_stringIcSt11char_traitsIcESaIcEEEcS8_A3_cEEEmPKcDpRKT_
FN:4424,4428,_ZN8nlohmann16json_abi_v3_12_06detail13concat_lengthIJPKcEEEmS4_DpRKT_
FN:4431,4434,_ZN8nlohmann16json_abi_v3_12_06detail13concat_lengthINSt7__cxx1112basic_stringIcSt11char_traitsIcESaIcEEEJA12_cEEEmRKT_DpRKT0_
FN:4431,4434,_ZN8nlohmann16json_abi_v3_12_06detail13concat_lengthINSt7__cxx1112basic_stringIcSt11char_traitsIcESaIcEEEJA3_cEEEmRKT_DpRKT0_
FN:4431,4434,_ZN8nlohmann16json_abi_v3_12_06detail13concat_lengthINSt7__cxx1112basic_stringIcSt11char_traitsIcESaIcEEEJEEEmRKT_DpRKT0_
FN:4431,4434,_ZN8nlohmann16json_abi_v3_12_06detail13concat_lengthINSt7__cxx1112basic_stringIcSt11char_traitsIcESaIcEEEJS8_EEEmRKT_DpRKT0_
FN:4431,4434,_ZN8nlohmann16json_abi_v3_12_06detail13concat_lengthINSt7__cxx1112basic_stringIcSt11char_traitsIcESaIcEEEJS8_S8_EEEmRKT_DpRKT0_
FN:4431,4434,_ZN8nlohmann16json_abi_v3_12_06detail13concat_lengthINSt7__cxx1112basic_stringIcSt11char_traitsIcESaIcEEEJcS8_A3_cEEEmRKT_DpRKT0_
FN:4437,4438,_ZN8nlohmann16json_abi_v3_12_06detail11concat_intoINSt7__cxx1112basic_stringIcSt11char_traitsIcESaIcEEEEEvRT_
FN:4484,4488,_ZN8nlohmann16json_abi_v3_12_06detail11concat_intoINSt7__cxx1112basic_stringIcSt11char_traitsIcESaIcEEEPKcJELi0EEEvRT_OT0_DpOT1_
FN:4484,4488,_ZN8nlohmann16json_abi_v3_12_06detail11concat_intoINSt7__cxx1112basic_stringIcSt11char_traitsIcESaIcEEERA12_KcJELi0EEEvRT_OT0_DpOT1_
FN:4484,4488,_ZN8nlohmann16json_abi_v3_12_06detail11concat_intoINSt7__cxx1112basic_stringIcSt11char_traitsIcESaIcEEERA17_KcJRKS8_cS8_RA3_S9_ELi0EEEvRT_OT0_DpOT1_
FN:4484,4488,_ZN8nlohmann16json_abi_v3_12_06detail11concat_intoINSt7__cxx1112basic_stringIcSt11char_traitsIcESaIcEEERA22_KcJPS9_ELi0EEEvRT_OT0_DpOT1_
FN:4484,4488,_ZN8nlohmann16json_abi_v3_12_06detail11concat_intoINSt7__cxx1112basic_stringIcSt11char_traitsIcESaIcEEERA29_KcJPS9_ELi0EEEvRT_OT0_DpOT1_
FN:4484,4488,_ZN8nlohmann16json_abi_v3_12_06detail11concat_intoINSt7__cxx1112basic_stringIcSt11char_traitsIcESaIcEEERA3_KcJELi0EEEvRT_OT0_DpOT1_
FN:4484,4488,_ZN8nlohmann16json_abi_v3_12_06detail11concat_intoINSt7__cxx1112basic_stringIcSt11char_traitsIcESaIcEEERA51_KcJPS9_ELi0EEEvRT_OT0_DpOT1_
FN:4484,4488,_ZN8nlohmann16json_abi_v3_12_06detail11concat_intoINSt7__cxx1112basic_stringIcSt11char_traitsIcESaIcEEERA52_KcJPS9_ELi0EEEvRT_OT0_DpOT1_
FN:4484,4488,_ZN8nlohmann16json_abi_v3_12_06detail11concat_intoINSt7__cxx1112basic_stringIcSt11char_traitsIcESaIcEEERA56_KcJPS9_ELi0EEEvRT_OT0_DpOT1_
FN:4484,4488,_ZN8nlohmann16json_abi_v3_12_06detail11concat_intoINSt7__cxx1112basic_stringIcSt11char_traitsIcESaIcEEERA6_KcJS8_RA12_S9_ELi0EEEvRT_OT0_DpOT1_
FN:4484,4488,_ZN8nlohmann16json_abi_v3_12_06detail11concat_intoINSt7__cxx1112basic_stringIcSt11char_traitsIcESaIcEEERKS8_JELi0EEEvRT_OT0_DpOT1_
FN:4484,4488,_ZN8nlohmann16json_abi_v3_12_06detail11concat_intoINSt7__cxx1112basic_stringIcSt11char_traitsIcESaIcEEERKS8_JcS8_RA3_KcELi0EEEvRT_OT0_DpOT1_
FN:4484,4488,_ZN8nlohmann16json_abi_v3_12_06detail11concat_intoINSt7__cxx1112basic_stringIcSt11char_traitsIcESaIcEEES8_JRA12_KcELi0EEEvRT_OT0_DpOT1_
FN:4484,4488,_ZN8nlohmann16json_abi_v3_12_06detail11concat_intoINSt7__cxx1112basic_stringIcSt11char_traitsIcESaIcEEES8_JRA3_KcELi0EEEvRT_OT0_DpOT1_
FN:4484,4488,_ZN8nlohmann16json_abi_v3_12_06detail11concat_intoINSt7__cxx1112basic_stringIcSt11char_traitsIcESaIcEEES8_JRKS8_ELi0EEEvRT_OT0_DpOT1_
FN:4484,4488,_ZN8nlohmann16json_abi_v3_12_06detail11concat_intoINSt7__cxx1112basic_stringIcSt11char_traitsIcESaIcEEES8_JS8_RKS8_ELi0EEEvRT_OT0_DpOT1_
FN:4493,4497,_ZN8nlohmann16json_abi_v3_12_06detail11concat_intoINSt7__cxx1112basic_stringIcSt11char_traitsIcESaIcEEEcJS8_RA3_KcELi0EEEvRT_OT0_DpOT1_
FN:4521,4527,_ZN8nlohmann16json_abi_v3_12_06detail6concatINSt7__cxx1112basic_stringIcSt11char_traitsIcESaIcEEEJRA17_KcRKS8_cS8_RA3_S9_EEET_DpOT0_
FN:4521,4527,_ZN8nlohmann16json_abi_v3_12_06detail6concatINSt7__cxx1112basic_stringIcSt11char_traitsIcESaIcEEEJRA22_KcPS9_EEET_DpOT0_
FN:4521,4527,_ZN8nlohmann16json_abi_v3_12_06detail6concatINSt7__cxx1112basic_stringIcSt11char_traitsIcESaIcEEEJRA29_KcPS9_EEET_DpOT0_
FN:4521,4527,_ZN8nlohmann16json_abi_v3_12_06detail6concatINSt7__cxx1112basic_stringIcSt11char_traitsIcESaIcEEEJRA51_KcPS9_EEET_DpOT0_
FN:4521,4527,_ZN8nlohmann16json_abi_v3_12_06detail6concatINSt7__cxx1112basic_stringIcSt11char_traitsIcESaIcEEEJRA52_KcPS9_EEET_DpOT0_
FN:4521,4527,_ZN8nlohmann16json_abi_v3_12_06detail6concatINSt7__cxx1112basic_stringIcSt11char_traitsIcESaIcEEEJRA56_KcPS9_EEET_DpOT0_
FN:4521,4527,_ZN8nlohmann16json_abi_v3_12_06detail6concatINSt7__cxx1112basic_stringIcSt11char_traitsIcESaIcEEEJRA6_KcS8_RA12_S9_EEET_DpOT0_
FN:4521,4527,_ZN8nlohmann16json_abi_v3_12_06detail6concatINSt7__cxx1112basic_stringIcSt11char_traitsIcESaIcEEEJS8_S8_RKS8_EEET_DpOT0_
FN:4559,4562,_ZNK8nlohmann16json_abi_v3_12_06detail9exception4whatEv
FN:4569,4569,_ZN8nlohmann16json_abi_v3_12_06detail9exceptionC2EiPKc
FN:4571,4574,_ZN8nlohmann16json_abi_v3_12_06detail9exception4nameERKNSt7__cxx1112basic_stringIcSt11char_traitsIcESaIcEEEi
FN:4576,4579,_ZN8nlohmann16json_abi_v3_12_06detail9exception11diagnosticsB5cxx11EDn
FN:4582,4644,_ZN8nlohmann16json_abi_v3_12_06detail9exception11diagnosticsINS0_10basic_jsonISt3mapSt6vectorNSt7__cxx1112basic_stringIcSt11char_traitsIcESaIcEEEblmdSaNS0_14adl_serializerES6_IhSaIhEEvEEEESC_PKT_
FN:4661,4665,_ZN8nlohmann16json_abi_v3_12_06detail9exception18get_byte_positionsINS0_10basic_jsonISt3mapSt6vectorNSt7__cxx1112basic_stringIcSt11char_traitsIcESaIcEEEblmdSaNS0_14adl_serializerES6_IhSaIhEEvEEEESC_PKT_
FN:4746,4750,_ZN8nlohmann16json_abi_v3_12_06detail10type_error6createIDnLi0EEES2_iRKNSt7__cxx1112basic_stringIcSt11char_traitsIcESaIcEEET_
FN:4746,4750,_ZN8nlohmann16json_abi_v3_12_06detail10type_error6createIPKNS0_10basic_jsonISt3mapSt6vectorNSt7__cxx1112basic_stringIcSt11char_traitsIcESaIcEEEblmdSaNS0_14adl_serializerES6_IhSaIhEEvEELi0EEES2_iRKSC_T_
FN:4746,4750,_ZN8nlohmann16json_abi_v3_12_06detail10type_error6createIPNS0_10basic_jsonISt3mapSt6vectorNSt7__cxx1112basic_stringIcSt11char_traitsIcESaIcEEEblmdSaNS0_14adl_serializerES6_IhSaIhEEvEELi0EEES2_iRKSC_T_
FN:4754,4754,_ZN8nlohmann16json_abi_v3_12_06detail10type_errorC2EiPKc
FN:4763,4767,_ZN8nlohmann16json_abi_v3_12_06detail12out_of_range6createIPKNS0_10basic_jsonISt3mapSt6vectorNSt7__cxx1112basic_stringIcSt11char_traitsIcESaIcEEEblmdSaNS0_14adl_serializerES6_IhSaIhEEvEELi0EEES2_iRKSC_T_
FN:4771,4771,_ZN8nlohmann16json_abi_v3_12_06detail12out_of_rangeC2EiPKc
FN:4780,4784,_ZN8nlohmann16json_abi_v3_12_06detail11other_error6createIDnLi0EEES2_iRKNSt7__cxx1112basic_stringIcSt11char_traitsIcESaIcEEET_
FN:4788,4788,_ZN8nlohmann16json_abi_v3_12_06detail11other_errorC2EiPKc
FN:4908,4938,_ZN8nlohmann16json_abi_v3_12_06detail20get_arithmetic_valueINS0_10basic_jsonISt3mapSt6vectorNSt7__cxx1112basic_stringIcSt11char_traitsIcESaIcEEEblmdSaNS0_14adl_serializerES5_IhSaIhEEvEEmLi0EEEvRKT_RT0_
FN:4984,4987,_ZN8nlohmann16json_abi_v3_12_06detail9from_jsonINS0_10basic_jsonISt3mapSt6vectorNSt7__cxx1112basic_stringIcSt11char_traitsIcESaIcEEEblmdSaNS0_14adl_serializerES5_IhSaIhEEvEEEEvRKT_RNSG_17number_unsigned_tE
FN:5245,5279,_ZN8nlohmann16json_abi_v3_12_06detail9from_jsonINS0_10basic_jsonISt3mapSt6vectorNSt7__cxx1112basic_stringIcSt11char_traitsIcESaIcEEEblmdSaNS0_14adl_serializerES5_IhSaIhEEvEEiLi0EEEvRKT_RT0_
FN:5393,5398,_ZNK8nlohmann16json_abi_v3_12_06detail12from_json_fnclINS0_10basic_jsonISt3mapSt6vectorNSt7__cxx1112basic_stringIcSt11char_traitsIcESaIcEEEblmdSaNS0_14adl_serializerES6_IhSaIhEEvEERiEEDTcl9from_jsonfp_cl7forwardIT0_Efp0_EEERKT_OSI_
FN:5393,5398,_ZNK8nlohmann16json_abi_v3_12_06detail12from_json_fnclINS0_10basic_jsonISt3mapSt6vectorNSt7__cxx1112basic_stringIcSt11char_traitsIcESaIcEEEblmdSaNS0_14adl_serializerES6_IhSaIhEEvEERmEEDTcl9from_jsonfp_cl7forwardIT0_Efp0_EEERKT_OSI_
FN:5787,5793,_ZN8nlohmann16json_abi_v3_12_06detail20external_constructorILNS1_7value_tE3EE9constructINS0_10basic_jsonISt3mapSt6vectorNSt7__cxx1112basic_stringIcSt11char_traitsIcESaIcEEEblmdSaNS0_14adl_serializerES8_IhSaIhEEvEEA4_cLi0EEEvRT_RKT0_
FN:5787,5793,_ZN8nlohmann16json_abi_v3_12_06detail20external_constructorILNS1_7value_tE3EE9constructINS0_10basic_jsonISt3mapSt6vectorNSt7__cxx1112basic_stringIcSt11char_traitsIcESaIcEEEblmdSaNS0_14adl_serializerES8_IhSaIhEEvEEA5_cLi0EEEvRT_RKT0_
FN:5787,5793,_ZN8nlohmann16json_abi_v3_12_06detail20external_constructorILNS1_7value_tE3EE9constructINS0_10basic_jsonISt3mapSt6vectorNSt7__cxx1112basic_stringIcSt11char_traitsIcESaIcEEEblmdSaNS0_14adl_serializerES8_IhSaIhEEvEEA6_cLi0EEEvRT_RKT0_
FN:5787,5793,_ZN8nlohmann16json_abi_v3_12_06detail20external_constructorILNS1_7value_tE3EE9constructINS0_10basic_jsonISt3mapSt6vectorNSt7__cxx1112basic_stringIcSt11char_traitsIcESaIcEEEblmdSaNS0_14adl_serializerES8_IhSaIhEEvEEA9_cLi0EEEvRT_RKT0_
FN:5835,5841,_ZN8nlohmann16json_abi_v3_12_06detail20external_constructorILNS1_7value_tE6EE9constructINS0_10basic_jsonISt3mapSt6vectorNSt7__cxx1112basic_stringIcSt11char_traitsIcESaIcEEEblmdSaNS0_14adl_serializerES8_IhSaIhEEvEEEEvRT_NSJ_17number_unsigned_tE
FN:5848,5854,_ZN8nlohmann16json_abi_v3_12_06detail20external_constructorILNS1_7value_tE5EE9constructINS0_10basic_jsonISt3mapSt6vectorNSt7__cxx1112basic_stringIcSt11char_traitsIcESaIcEEEblmdSaNS0_14adl_serializerES8_IhSaIhEEvEEEEvRT_NSJ_16number_integer_tE
FN:6007,6010,_ZN8nlohmann16json_abi_v3_12_06detail7to_jsonINS0_10basic_jsonISt3mapSt6vectorNSt7__cxx1112basic_stringIcSt11char_traitsIcESaIcEEEblmdSaNS0_14adl_serializerES5_IhSaIhEEvEEA4_cLi0EEEvRT_RKT0_
FN:6007,6010,_ZN8nlohmann16json_abi_v3_12_06detail7to_jsonINS0_10basic_jsonISt3mapSt6vectorNSt7__cxx1112basic_stringIcSt11char_traitsIcESaIcEEEblmdSaNS0_14adl_serializerES5_IhSaIhEEvEEA5_cLi0EEEvRT_RKT0_
FN:6007,6010,_ZN8nlohmann16json_abi_v3_12_06detail7to_jsonINS0_10basic_jsonISt3mapSt6vectorNSt7__cxx1112basic_stringIcSt11char_traitsIcESaIcEEEblmdSaNS0_14adl_serializerES5_IhSaIhEEvEEA6_cLi0EEEvRT_RKT0_
FN:6007,6010,_ZN8nlohmann16json_abi_v3_12_06detail7to_jsonINS0_10basic_jsonISt3mapSt6vectorNSt7__cxx1112basic_stringIcSt11char_traitsIcESaIcEEEblmdSaNS0_14adl_serializerES5_IhSaIhEEvEEA9_cLi0EEEvRT_RKT0_
FN:6027,6030,_ZN8nlohmann16json_abi_v3_12_06detail7to_jsonINS0_10basic_jsonISt3mapSt6vectorNSt7__cxx1112basic_stringIcSt11char_traitsIcESaIcEEEblmdSaNS0_14adl_serializerES5_IhSaIhEEvEEmLi0EEEvRT_T0_
FN:6034,6037,_ZN8nlohmann16json_abi_v3_12_06detail7to_jsonINS0_10basic_jsonISt3mapSt6vectorNSt7__cxx1112basic_stringIcSt11char_traitsIcESaIcEEEblmdSaNS0_14adl_serializerES5_IhSaIhEEvEEiLi0EEEvRT_T0_
FN:6166,6170,_ZNK8nlohmann16json_abi_v3_12_06detail10to_json_fnclINS0_10basic_jsonISt3mapSt6vectorNSt7__cxx1112basic_stringIcSt11char_traitsIcESaIcEEEblmdSaNS0_14adl_serializerES6_IhSaIhEEvEERA4_KcEEDTcmcl7to_jsonfp_cl7forwardIT0_Efp0_EEcvv_EERT_OSK_
FN:6166,6170,_ZNK8nlohmann16json_abi_v3_12_06detail10to_json_fnclINS0_10basic_jsonISt3mapSt6vectorNSt7__cxx1112basic_stringIcSt11char_traitsIcESaIcEEEblmdSaNS0_14adl_serializerES6_IhSaIhEEvEERA5_KcEEDTcmcl7to_jsonfp_cl7forwardIT0_Efp0_EEcvv_EERT_OSK_
FN:6166,6170,_ZNK8nlohmann16json_abi_v3_12_06detail10to_json_fnclINS0_10basic_jsonISt3mapSt6vectorNSt7__cxx1112basic_stringIcSt11char_traitsIcESaIcEEEblmdSaNS0_14adl_serializerES6_IhSaIhEEvEERA6_KcEEDTcmcl7to_jsonfp_cl7forwardIT0_Efp0_EEcvv_EERT_OSK_
FN:6166,6170,_ZNK8nlohmann16json_abi_v3_12_06detail10to_json_fnclINS0_10basic_jsonISt3mapSt6vectorNSt7__cxx1112basic_stringIcSt11char_traitsIcESaIcEEEblmdSaNS0_14adl_serializerES6_IhSaIhEEvEERA9_KcEEDTcmcl7to_jsonfp_cl7forwardIT0_Efp0_EEcvv_EERT_OSK_
FN:6166,6170,_ZNK8nlohmann16json_abi_v3_12_06detail10to_json_fnclINS0_10basic_jsonISt3mapSt6vectorNSt7__cxx1112basic_stringIcSt11char_traitsIcESaIcEEEblmdSaNS0_14adl_serializerES6_IhSaIhEEvEERKiEEDTcmcl7to_jsonfp_cl7forwardIT0_Efp0_EEcvv_EERT_OSJ_
FN:6166,6170,_ZNK8nlohmann16json_abi_v3_12_06detail10to_json_fnclINS0_10basic_jsonISt3mapSt6vectorNSt7__cxx1112basic_stringIcSt11char_traitsIcESaIcEEEblmdSaNS0_14adl_serializerES6_IhSaIhEEvEERKmEEDTcmcl7to_jsonfp_cl7forwardIT0_Efp0_EEcvv_EERT_OSJ_
FN:6166,6170,_ZNK8nlohmann16json_abi_v3_12_06detail10to_json_fnclINS0_10basic_jsonISt3mapSt6vectorNSt7__cxx1112basic_stringIcSt11char_traitsIcESaIcEEEblmdSaNS0_14adl_serializerES6_IhSaIhEEvEERiEEDTcmcl7to_jsonfp_cl7forwardIT0_Efp0_EEcvv_EERT_OSI_
FN:6201,6206,_ZN8nlohmann16json_abi_v3_12_014adl_serializerIivE9from_jsonIRKNS0_10basic_jsonISt3mapSt6vectorNSt7__cxx1112basic_stringIcSt11char_traitsIcESaIcEEEblmdSaS1_S6_IhSaIhEEvEEiEEDTcmclL_ZNS0_9from_jsonEEcl7forwardIT_Efp_Efp0_Ecvv_EEOSI_RT0_
FN:6201,6206,_ZN8nlohmann16json_abi_v3_12_014adl_serializerImvE9from_jsonIRKNS0_10basic_jsonISt3mapSt6vectorNSt7__cxx1112basic_stringIcSt11char_traitsIcESaIcEEEblmdSaS1_S6_IhSaIhEEvEEmEEDTcmclL_ZNS0_9from_jsonEEcl7forwardIT_Efp_Efp0_Ecvv_EEOSI_RT0_
FN:6221,6226,_ZN8nlohmann16json_abi_v3_12_014adl_serializerIA4_cvE7to_jsonINS0_10basic_jsonISt3mapSt6vectorNSt7__cxx1112basic_stringIcSt11char_traitsIcESaIcEEEblmdSaS1_S7_IhSaIhEEvEERA4_KcEEDTcmclL_ZNS0_7to_jsonEEfp_cl7forwardIT0_Efp0_EEcvv_EERT_OSK_
FN:6221,6226,_ZN8nlohmann16json_abi_v3_12_014adl_serializerIA5_cvE7to_jsonINS0_10basic_jsonISt3mapSt6vectorNSt7__cxx1112basic_stringIcSt11char_traitsIcESaIcEEEblmdSaS1_S7_IhSaIhEEvEERA5_KcEEDTcmclL_ZNS0_7to_jsonEEfp_cl7forwardIT0_Efp0_EEcvv_EERT_OSK_
FN:6221,6226,_ZN8nlohmann16json_abi_v3_12_014adl_serializerIA6_cvE7to_jsonINS0_10basic_jsonISt3mapSt6vectorNSt7__cxx1112basic_stringIcSt11char_traitsIcESaIcEEEblmdSaS1_S7_IhSaIhEEvEERA6_KcEEDTcmclL_ZNS0_7to_jsonEEfp_cl7forwardIT0_Efp0_EEcvv_EERT_OSK_
FN:6221,6226,_ZN8nlohmann16json_abi_v3_12_014adl_serializerIA9_cvE7to_jsonINS0_10basic_jsonISt3mapSt6vectorNSt7__cxx1112basic_stringIcSt11char_traitsIcESaIcEEEblmdSaS1_S7_IhSaIhEEvEERA9_KcEEDTcmclL_ZNS0_7to_jsonEEfp_cl7forwardIT0_Efp0_EEcvv_EERT_OSK_
FN:6221,6226,_ZN8nlohmann16json_abi_v3_12_014adl_serializerIivE7to_jsonINS0_10basic_jsonISt3mapSt6vectorNSt7__cxx1112basic_stringIcSt11char_traitsIcESaIcEEEblmdSaS1_S6_IhSaIhEEvEERKiEEDTcmclL_ZNS0_7to_jsonEEfp_cl7forwardIT0_Efp0_EEcvv_EERT_OSI_
FN:6221,6226,_ZN8nlohmann16json_abi_v3_12_014adl_serializerIivE7to_jsonINS0_10basic_jsonISt3mapSt6vectorNSt7__cxx1112basic_stringIcSt11char_traitsIcESaIcEEEblmdSaS1_S6_IhSaIhEEvEERiEEDTcmclL_ZNS0_7to_jsonEEfp_cl7forwardIT0_Efp0_EEcvv_EERT_OSH_
FN:6221,6226,_ZN8nlohmann16json_abi_v3_12_014adl_serializerImvE7to_jsonINS0_10basic_jsonISt3mapSt6vectorNSt7__cxx1112basic_stringIcSt11char_traitsIcESaIcEEEblmdSaS1_S6_IhSaIhEEvEERKmEEDTcmclL_ZNS0_7to_jsonEEfp_cl7forwardIT0_Efp0_EEcvv_EERT_OSI_
FN:6261,6263,_ZN8nlohmann16json_abi_v3_12_027byte_container_with_subtypeISt6vectorIhSaIhEEEC2Ev
FN:8860,8863,_ZN8nlohmann16json_abi_v3_12_06detail12unknown_sizeEv
FNDA:8,_ZN8nlohmann16json_abi_v3_12_06detail8json_refINS0_10basic_jsonISt3mapSt6vectorNSt7__cxx1112basic_stringIcSt11char_traitsIcESaIcEEEblmdSaNS0_14adl_serializerES5_IhSaIhEEvEEEC2EOSF_
FNDA:38,_ZN8nlohmann16json_abi_v3_12_06detail8json_refINS0_10basic_jsonISt3mapSt6vectorNSt7__cxx1112basic_stringIcSt11char_traitsIcESaIcEEEblmdSaNS0_14adl_serializerES5_IhSaIhEEvEEEC2ESt16initializer_listISG_E
FNDA:12,_ZN8nlohmann16json_abi_v3_12_06detail8json_refINS0_10basic_jsonISt3mapSt6vectorNSt7__cxx1112basic_stringIcSt11char_traitsIcESaIcEEEblmdSaNS0_14adl_serializerES5_IhSaIhEEvEEEC2IJRA4_KcELi0EEEDpOT_
FNDA:4,_ZN8nlohmann16json_abi_v3_12_06detail8json_refINS0_10basic_jsonISt3mapSt6vectorNSt7__cxx1112basic_stringIcSt11char_traitsIcESaIcEEEblmdSaNS0_14adl_serializerES5_IhSaIhEEvEEEC2IJRA5_KcELi0EEEDpOT_
FNDA:16,_ZN8nlohmann16json_abi_v3_12_06detail8json_refINS0_10basic_jsonISt3mapSt6vectorNSt7__cxx1112basic_stringIcSt11char_traitsIcESaIcEEEblmdSaNS0_14adl_serializerES5_IhSaIhEEvEEEC2IJRA6_KcELi0EEEDpOT_
FNDA:6,_ZN8nlohmann16json_abi_v3_12_06detail8json_refINS0_10basic_jsonISt3mapSt6vectorNSt7__cxx1112basic_stringIcSt11char_traitsIcESaIcEEEblmdSaNS0_14adl_serializerES5_IhSaIhEEvEEEC2IJRA9_KcELi0EEEDpOT_
FNDA:6,_ZN8nlohmann16json_abi_v3_12_06detail8json_refINS0_10basic_jsonISt3mapSt6vectorNSt7__cxx1112basic_stringIcSt11char_traitsIcESaIcEEEblmdSaNS0_14adl_serializerES5_IhSaIhEEvEEEC2IJRKmELi0EEEDpOT_
FNDA:24,_ZN8nlohmann16json_abi_v3_12_06detail8json_refINS0_10basic_jsonISt3mapSt6vectorNSt7__cxx1112basic_stringIcSt11char_traitsIcESaIcEEEblmdSaNS0_14adl_serializerES5_IhSaIhEEvEEEC2IJRiELi0EEEDpOT_
FNDA:114,_ZN8nlohmann16json_abi_v3_12_06detail8json_refINS0_10basic_jsonISt3mapSt6vectorNSt7__cxx1112basic_stringIcSt11char_traitsIcESaIcEEEblmdSaNS0_14adl_serializerES5_IhSaIhEEvEEED2Ev
FNDA:114,_ZNK8nlohmann16json_abi_v3_12_06detail8json_refINS0_10basic_jsonISt3mapSt6vectorNSt7__cxx1112basic_stringIcSt11char_traitsIcESaIcEEEblmdSaNS0_14adl_serializerES5_IhSaIhEEvEEE15moved_or_copiedEv
FNDA:152,_ZNK8nlohmann16json_abi_v3_12_06detail8json_refINS0_10basic_jsonISt3mapSt6vectorNSt7__cxx1112basic_stringIcSt11char_traitsIcESaIcEEEblmdSaNS0_14adl_serializerES5_IhSaIhEEvEEEdeEv
FNDA:114,_ZNK8nlohmann16json_abi_v3_12_06detail8json_refINS0_10basic_jsonISt3mapSt6vectorNSt7__cxx1112basic_stringIcSt11char_traitsIcESaIcEEEblmdSaNS0_14adl_serializerES5_IhSaIhEEvEEEptEv
FNDA:0,_ZN8nlohmann16json_abi_v3_12_010basic_jsonISt3mapSt6vectorNSt7__cxx1112basic_stringIcSt11char_traitsIcESaIcEEEblmdSaNS0_14adl_serializerES3_IhSaIhEEvE6createINS0_27byte_container_with_subtypeISC_EEJEEEPT_DpOT0_
FNDA:0,_ZN8nlohmann16json_abi_v3_12_010basic_jsonISt3mapSt6vectorNSt7__cxx1112basic_stringIcSt11char_traitsIcESaIcEEEblmdSaNS0_14adl_serializerES3_IhSaIhEEvE6createINS0_27byte_container_with_subtypeISC_EEJRKSG_EEEPT_DpOT0_
FNDA:20,_ZN8nlohmann16json_abi_v3_12_010basic_jsonISt3mapSt6vectorNSt7__cxx1112basic_stringIcSt11char_traitsIcESaIcEEEblmdSaNS0_14adl_serializerES3_IhSaIhEEvE6createIS2_IS9_SD_St4lessIvESaISt4pairIKS9_SD_EEEJEEEPT_DpOT0_
FNDA:12,_ZN8nlohmann16json_abi_v3_12_010basic_jsonISt3mapSt6vectorNSt7__cxx1112basic_stringIcSt11char_traitsIcESaIcEEEblmdSaNS0_14adl_serializerES3_IhSaIhEEvE6createIS2_IS9_SD_St4lessIvESaISt4pairIKS9_SD_EEEJRKSL_EEEPT_DpOT0_
FNDA:0,_ZN8nlohmann16json_abi_v3_12_010basic_jsonISt3mapSt6vectorNSt7__cxx1112basic_stringIcSt11char_traitsIcESaIcEEEblmdSaNS0_14adl_serializerES3_IhSaIhEEvE6createIS3_ISD_SaISD_EEJEEEPT_DpOT0_
FNDA:46,_ZN8nlohmann16json_abi_v3_12_010basic_jsonISt3mapSt6vectorNSt7__cxx1112basic_stringIcSt11char_traitsIcESaIcEEEblmdSaNS0_14adl_serializerES3_IhSaIhEEvE6createIS3_ISD_SaISD_EEJPKNS0_6detail8json_refISD_EESL_EEEPT_DpOT0_
FNDA:8,_ZN8nlohmann16json_abi_v3_12_010basic_jsonISt3mapSt6vectorNSt7__cxx1112basic_stringIcSt11char_traitsIcESaIcEEEblmdSaNS0_14adl_serializerES3_IhSaIhEEvE6createIS3_ISD_SaISD_EEJRKSG_EEEPT_DpOT0_
FNDA:0,_ZN8nlohmann16json_abi_v3_12_010basic_jsonISt3mapSt6vectorNSt7__cxx1112basic_stringIcSt11char_traitsIcESaIcEEEblmdSaNS0_14adl_serializerES3_IhSaIhEEvE6createIS9_JRA1_KcEEEPT_DpOT0_
FNDA:12,_ZN8nlohmann16json_abi_v3_12_010basic_jsonISt3mapSt6vectorNSt7__cxx1112basic_stringIcSt11char_traitsIcESaIcEEEblmdSaNS0_14adl_serializerES3_IhSaIhEEvE6createIS9_JRA4_KcEEEPT_DpOT0_
FNDA:4,_ZN8nlohmann16json_abi_v3_12_010basic_jsonISt3mapSt6vectorNSt7__cxx1112basic_stringIcSt11char_traitsIcESaIcEEEblmdSaNS0_14adl_serializerES3_IhSaIhEEvE6createIS9_JRA5_KcEEEPT_DpOT0_
FNDA:16,_ZN8nlohmann16json_abi_v3_12_010basic_jsonISt3mapSt6vectorNSt7__cxx1112basic_stringIcSt11char_traitsIcESaIcEEEblmdSaNS0_14adl_serializerES3_IhSaIhEEvE6createIS9_JRA6_KcEEEPT_DpOT0_
FNDA:6,_ZN8nlohmann16json_abi_v3_12_010basic_jsonISt3mapSt6vectorNSt7__cxx1112basic_stringIcSt11char_traitsIcESaIcEEEblmdSaNS0_14adl_serializerES3_IhSaIhEEvE6createIS9_JRA9_KcEEEPT_DpOT0_
FNDA:0,_ZN8nlohmann16json_abi_v3_12_010basic_jsonISt3mapSt6vectorNSt7__cxx1112basic_stringIcSt11char_traitsIcESaIcEEEblmdSaNS0_14adl_serializerES3_IhSaIhEEvE6createIS9_JRKS9_EEEPT_DpOT0_
FNDA:0,_ZZN8nlohmann16json_abi_v3_12_010basic_jsonISt3mapSt6vectorNSt7__cxx1112basic_stringIcSt11char_traitsIcESaIcEEEblmdSaNS0_14adl_serializerES3_IhSaIhEEvE6createINS0_27byte_container_with_subtypeISC_EEJEEEPT_DpOT0_ENKUlPSG_E_clESM_
FNDA:0,_ZZN8nlohmann16json_abi_v3_12_010basic_jsonISt3mapSt6vectorNSt7__cxx1112basic_stringIcSt11char_traitsIcESaIcEEEblmdSaNS0_14adl_serializerES3_IhSaIhEEvE6createINS0_27byte_container_with_subtypeISC_EEJRKSG_EEEPT_DpOT0_ENKUlPSG_E_clESO_
FNDA:0,_ZZN8nlohmann16json_abi_v3_12_010basic_jsonISt3mapSt6vectorNSt7__cxx1112basic_stringIcSt11char_traitsIcESaIcEEEblmdSaNS0_14adl_serializerES3_IhSaIhEEvE6createIS2_IS9_SD_St4lessIvESaISt4pairIKS9_SD_EEEJEEEPT_DpOT0_ENKUlPSL_E_clESR_
FNDA:0,_ZZN8nlohmann16json_abi_v3_12_010basic_jsonISt3mapSt6vectorNSt7__cxx1112basic_stringIcSt11char_traitsIcESaIcEEEblmdSaNS0_14adl_serializerES3_IhSaIhEEvE6createIS2_IS9_SD_St4lessIvESaISt4pairIKS9_SD_EEEJRKSL_EEEPT_DpOT0_ENKUlPSL_E_clEST_
FNDA:0,_ZZN8nlohmann16json_abi_v3_12_010basic_jsonISt3mapSt6vectorNSt7__cxx1112basic_stringIcSt11char_traitsIcESaIcEEEblmdSaNS0_14adl_serializerES3_IhSaIhEEvE6createIS3_ISD_SaISD_EEJEEEPT_DpOT0_ENKUlPSG_E_clESM_
FNDA:0,_ZZN8nlohmann16json_abi_v3_12_010basic_jsonISt3mapSt6vectorNSt7__cxx1112basic_stringIcSt11char_traitsIcESaIcEEEblmdSaNS0_14adl_serializerES3_IhSaIhEEvE6createIS3_ISD_SaISD_EEJPKNS0_6detail8json_refISD_EESL_EEEPT_DpOT0_ENKUlPSG_E_clESR_
FNDA:0,_ZZN8nlohmann16json_abi_v3_12_010basic_jsonISt3mapSt6vectorNSt7__cxx1112basic_stringIcSt11char_traitsIcESaIcEEEblmdSaNS0_14adl_serializerES3_IhSaIhEEvE6createIS3_ISD_SaISD_EEJRKSG_EEEPT_DpOT0_ENKUlPSG_E_clESO_
FNDA:0,_ZZN8nlohmann16json_abi_v3_12_010basic_jsonISt3mapSt6vectorNSt7__cxx1112basic_stringIcSt11char_traitsIcESaIcEEEblmdSaNS0_14adl_serializerES3_IhSaIhEEvE6createIS9_JRA1_KcEEEPT_DpOT0_ENKUlPS9_E_clESN_
FNDA:0,_ZZN8nlohmann16json_abi_v3_12_010basic_jsonISt3mapSt6vectorNSt7__cxx1112basic_stringIcSt11char_traitsIcESaIcEEEblmdSaNS0_14adl_serializerES3_IhSaIhEEvE6createIS9_JRA4_KcEEEPT_DpOT0_ENKUlPS9_E_clESN_
FNDA:0,_ZZN8nlohmann16json_abi_v3_12_010basic_jsonISt3mapSt6vectorNSt7__cxx1112basic_stringIcSt11char_traitsIcESaIcEEEblmdSaNS0_14adl_serializerES3_IhSaIhEEvE6createIS9_JRA5_KcEEEPT_DpOT0_ENKUlPS9_E_clESN_
FNDA:0,_ZZN8nlohmann16json_abi_v3_12_010basic_jsonISt3mapSt6vectorNSt7__cxx1112basic_stringIcSt11char_traitsIcESaIcEEEblmdSaNS0_14adl_serializerES3_IhSaIhEEvE6createIS9_JRA6_KcEEEPT_DpOT0_ENKUlPS9_E_clESN_
FNDA:0,_ZZN8nlohmann16json_abi_v3_12_010basic_jsonISt3mapSt6vectorNSt7__cxx1112basic_stringIcSt11char_traitsIcESaIcEEEblmdSaNS0_14adl_serializerES3_IhSaIhEEvE6createIS9_JRA9_KcEEEPT_DpOT0_ENKUlPS9_E_clESN_
FNDA:0,_ZZN8nlohmann16json_abi_v3_12_010basic_jsonISt3mapSt6vectorNSt7__cxx1112basic_stringIcSt11char_traitsIcESaIcEEEblmdSaNS0_14adl_serializerES3_IhSaIhEEvE6createIS9_JRKS9_EEEPT_DpOT0_ENKUlPS9_E_clESM_
FNDA:0,_ZN8nlohmann16json_abi_v3_12_010basic_jsonISt3mapSt6vectorNSt7__cxx1112basic_stringIcSt11char_traitsIcESaIcEEEblmdSaNS0_14adl_serializerES3_IhSaIhEEvE10json_valueC2Eb
FNDA:72,_ZN8nlohmann16json_abi_v3_12_010basic_jsonISt3mapSt6vectorNSt7__cxx1112basic_stringIcSt11char_traitsIcESaIcEEEblmdSaNS0_14adl_serializerES3_IhSaIhEEvE10json_valueC2El
FNDA:6,_ZN8nlohmann16json_abi_v3_12_010basic_jsonISt3mapSt6vectorNSt7__cxx1112basic_stringIcSt11char_traitsIcESaIcEEEblmdSaNS0_14adl_serializerES3_IhSaIhEEvE10json_valueC2Em
FNDA:0,_ZN8nlohmann16json_abi_v3_12_010basic_jsonISt3mapSt6vectorNSt7__cxx1112basic_stringIcSt11char_traitsIcESaIcEEEblmdSaNS0_14adl_serializerES3_IhSaIhEEvE10json_valueC2Ed
FNDA:28,_ZN8nlohmann16json_abi_v3_12_010basic_jsonISt3mapSt6vectorNSt7__cxx1112basic_stringIcSt11char_traitsIcESaIcEEEblmdSaNS0_14adl_serializerES3_IhSaIhEEvE10json_valueC2ENS0_6detail7value_tE
FNDA:0,_ZN8nlohmann16json_abi_v3_12_010basic_jsonISt3mapSt6vectorNSt7__cxx1112basic_stringIcSt11char_traitsIcESaIcEEEblmdSaNS0_14adl_serializerES3_IhSaIhEEvE10json_valueC2ERKS9_
FNDA:12,_ZN8nlohmann16json_abi_v3_12_010basic_jsonISt3mapSt6vectorNSt7__cxx1112basic_stringIcSt11char_traitsIcESaIcEEEblmdSaNS0_14adl_serializerES3_IhSaIhEEvE10json_valueC2ERKS2_IS9_SD_St4lessIvESaISt4pairIKS9_SD_EEE
FNDA:8,_ZN8nlohmann16json_abi_v3_12_010basic_jsonISt3mapSt6vectorNSt7__cxx1112basic_stringIcSt11char_traitsIcESaIcEEEblmdSaNS0_14adl_serializerES3_IhSaIhEEvE10json_valueC2ERKS3_ISD_SaISD_EE
FNDA:0,_ZN8nlohmann16json_abi_v3_12_010basic_jsonISt3mapSt6vectorNSt7__cxx1112basic_stringIcSt11char_traitsIcESaIcEEEblmdSaNS0_14adl_serializerES3_IhSaIhEEvE10json_valueC2ERKNS0_27byte_container_with_subtypeISC_EE
FNDA:916,_ZN8nlohmann16json_abi_v3_12_010basic_jsonISt3mapSt6vectorNSt7__cxx1112basic_stringIcSt11char_traitsIcESaIcEEEblmdSaNS0_14adl_serializerES3_IhSaIhEEvE10json_value7destroyENS0_6detail7value_tE
FNDA:2458,_ZNK8nlohmann16json_abi_v3_12_010basic_jsonISt3mapSt6vectorNSt7__cxx1112basic_stringIcSt11char_traitsIcESaIcEEEblmdSaNS0_14adl_serializerES3_IhSaIhEEvE16assert_invariantEb
FNDA:836,_ZN8nlohmann16json_abi_v3_12_010basic_jsonISt3mapSt6vectorNSt7__cxx1112basic_stringIcSt11char_traitsIcESaIcEEEblmdSaNS0_14adl_serializerES3_IhSaIhEEvE11set_parentsEv
FNDA:72,_ZN8nlohmann16json_abi_v3_12_010basic_jsonISt3mapSt6vectorNSt7__cxx1112basic_stringIcSt11char_traitsIcESaIcEEEblmdSaNS0_14adl_serializerES3_IhSaIhEEvE10set_parentERSD_m
FNDA:8,_ZN8nlohmann16json_abi_v3_12_010basic_jsonISt3mapSt6vectorNSt7__cxx1112basic_stringIcSt11char_traitsIcESaIcEEEblmdSaNS0_14adl_serializerES3_IhSaIhEEvEC2ENS0_6detail7value_tE
FNDA:8,_ZN8nlohmann16json_abi_v3_12_010basic_jsonISt3mapSt6vectorNSt7__cxx1112basic_stringIcSt11char_traitsIcESaIcEEEblmdSaNS0_14adl_serializerES3_IhSaIhEEvEC2EDn
FNDA:12,_ZN8nlohmann16json_abi_v3_12_010basic_jsonISt3mapSt6vectorNSt7__cxx1112basic_stringIcSt11char_traitsIcESaIcEEEblmdSaNS0_14adl_serializerES3_IhSaIhEEvEC2IRA4_KcA4_cLi0EEEOT_
FNDA:4,_ZN8nlohmann16json_abi_v3_12_010basic_jsonISt3mapSt6vectorNSt7__cxx1112basic_stringIcSt11char_traitsIcESaIcEEEblmdSaNS0_14adl_serializerES3_IhSaIhEEvEC2IRA5_KcA5_cLi0EEEOT_
FNDA:16,_ZN8nlohmann16json_abi_v3_12_010basic_jsonISt3mapSt6vectorNSt7__cxx1112basic_stringIcSt11char_traitsIcESaIcEEEblmdSaNS0_14adl_serializerES3_IhSaIhEEvEC2IRA6_KcA6_cLi0EEEOT_
FNDA:6,_ZN8nlohmann16json_abi_v3_12_010basic_jsonISt3mapSt6vectorNSt7__cxx1112basic_stringIcSt11char_traitsIcESaIcEEEblmdSaNS0_14adl_serializerES3_IhSaIhEEvEC2IRA9_KcA9_cLi0EEEOT_
FNDA:6,_ZN8nlohmann16json_abi_v3_12_010basic_jsonISt3mapSt6vectorNSt7__cxx1112basic_stringIcSt11char_traitsIcESaIcEEEblmdSaNS0_14adl_serializerES3_IhSaIhEEvEC2IRKiiLi0EEEOT_
FNDA:6,_ZN8nlohmann16json_abi_v3_12_010basic_jsonISt3mapSt6vectorNSt7__cxx1112basic_stringIcSt11char_traitsIcESaIcEEEblmdSaNS0_14adl_serializerES3_IhSaIhEEvEC2IRKmmLi0EEEOT_
FNDA:30,_ZN8nlohmann16json_abi_v3_12_010basic_jsonISt3mapSt6vectorNSt7__cxx1112basic_stringIcSt11char_traitsIcESaIcEEEblmdSaNS0_14adl_serializerES3_IhSaIhEEvEC2IRiiLi0EEEOT_
FNDA:66,_ZN8nlohmann16json_abi_v3_12_010basic_jsonISt3mapSt6vectorNSt7__cxx1112basic_stringIcSt11char_traitsIcESaIcEEEblmdSaNS0_14adl_serializerES3_IhSaIhEEvEC2ESt16initializer_listINS0_6detail8json_refISD_EEEbNSF_7value_tE
FNDA:76,_ZZN8nlohmann16json_abi_v3_12_010basic_jsonISt3mapSt6vectorNSt7__cxx1112basic_stringIcSt11char_traitsIcESaIcEEEblmdSaNS0_14adl_serializerES3_IhSaIhEEvEC4ESt16initializer_listINS0_6detail8json_refISD_EEEbNSF_7value_tEENKUlRKSH_E_clESL_
FNDA:8,_ZN8nlohmann16json_abi_v3_12_010basic_jsonISt3mapSt6vectorNSt7__cxx1112basic_stringIcSt11char_traitsIcESaIcEEEblmdSaNS0_14adl_serializerES3_IhSaIhEEvE5arrayESt16initializer_listINS0_6detail8json_refISD_EEE
FNDA:76,_ZN8nlohmann16json_abi_v3_12_010basic_jsonISt3mapSt6vectorNSt7__cxx1112basic_stringIcSt11char_traitsIcESaIcEEEblmdSaNS0_14adl_serializerES3_IhSaIhEEvEC2INS0_6detail8json_refISD_EELi0EEERKT_
FNDA:56,_ZN8nlohmann16json_abi_v3_12_010basic_jsonISt3mapSt6vectorNSt7__cxx1112basic_stringIcSt11char_traitsIcESaIcEEEblmdSaNS0_14adl_serializerES3_IhSaIhEEvEC2ERKSD_
FNDA:626,_ZN8nlohmann16json_abi_v3_12_010basic_jsonISt3mapSt6vectorNSt7__cxx1112basic_stringIcSt11char_traitsIcESaIcEEEblmdSaNS0_14adl_serializerES3_IhSaIhEEvEC2EOSD_
FNDA:8,_ZN8nlohmann16json_abi_v3_12_010basic_jsonISt3mapSt6vectorNSt7__cxx1112basic_stringIcSt11char_traitsIcESaIcEEEblmdSaNS0_14adl_serializerES3_IhSaIhEEvEaSESD_
FNDA:836,_ZN8nlohmann16json_abi_v3_12_010basic_jsonISt3mapSt6vectorNSt7__cxx1112basic_stringIcSt11char_traitsIcESaIcEEEblmdSaNS0_14adl_serializerES3_IhSaIhEEvED2Ev
FNDA:132,_ZNK8nlohmann16json_abi_v3_12_010basic_jsonISt3mapSt6vectorNSt7__cxx1112basic_stringIcSt11char_traitsIcESaIcEEEblmdSaNS0_14adl_serializerES3_IhSaIhEEvE7is_nullEv
FNDA:0,_ZNK8nlohmann16json_abi_v3_12_010basic_jsonISt3mapSt6vectorNSt7__cxx1112basic_stringIcSt11char_traitsIcESaIcEEEblmdSaNS0_14adl_serializerES3_IhSaIhEEvE10is_booleanEv
FNDA:6,_ZNK8nlohmann16json_abi_v3_12_010basic_jsonISt3mapSt6vectorNSt7__cxx1112basic_stringIcSt11char_traitsIcESaIcEEEblmdSaNS0_14adl_serializerES3_IhSaIhEEvE18is_number_unsignedEv
FNDA:0,_ZNK8nlohmann16json_abi_v3_12_010basic_jsonISt3mapSt6vectorNSt7__cxx1112basic_stringIcSt11char_traitsIcESaIcEEEblmdSaNS0_14adl_serializerES3_IhSaIhEEvE15is_number_floatEv
FNDA:252,_ZNK8nlohmann16json_abi_v3_12_010basic_jsonISt3mapSt6vectorNSt7__cxx1112basic_stringIcSt11char_traitsIcESaIcEEEblmdSaNS0_14adl_serializerES3_IhSaIhEEvE9is_objectEv
FNDA:360,_ZNK8nlohmann16json_abi_v3_12_010basic_jsonISt3mapSt6vectorNSt7__cxx1112basic_stringIcSt11char_traitsIcESaIcEEEblmdSaNS0_14adl_serializerES3_IhSaIhEEvE8is_arrayEv
FNDA:38,_ZNK8nlohmann16json_abi_v3_12_010basic_jsonISt3mapSt6vectorNSt7__cxx1112basic_stringIcSt11char_traitsIcESaIcEEEblmdSaNS0_14adl_serializerES3_IhSaIhEEvE9is_stringEv
[...]
FNDA:2,_ZN7testing8internal15TestFactoryImplI35LinkedListTest_EmptyOnCreation_TestE10CreateTestEv
FNDA:2,_ZN7testing8internal15TestFactoryImplI35LinkedListTest_FrontBackAccess_TestE10CreateTestEv
FNDA:2,_ZN7testing8internal15TestFactoryImplI35LinkedListTest_RemoveValueHead_TestE10CreateTestEv
FNDA:2,_ZN7testing8internal15TestFactoryImplI35QueueTest_DequeueDecreasesSize_TestE10CreateTestEv
FNDA:2,_ZN7testing8internal15TestFactoryImplI35QueueTest_DequeueThrowsOnEmpty_TestE10CreateTestEv
FNDA:2,_ZN7testing8internal15TestFactoryImplI35QueueTest_EnqueueIncreasesSize_TestE10CreateTestEv
FNDA:2,_ZN7testing8internal15TestFactoryImplI35StackTest_SizeUpdatesCorrectly_TestE10CreateTestEv
FNDA:2,_ZN7testing8internal15TestFactoryImplI35StackTest_TopReturnsLastPushed_TestE10CreateTestEv
FNDA:2,_ZN7testing8internal15TestFactoryImplI36AVLTreeTest_ContainsOnEmptyTree_TestE10CreateTestEv
FNDA:2,_ZN7testing8internal15TestFactoryImplI36ForwardListTest_RemoveValueHead_TestE10CreateTestEv
FNDA:2,_ZN7testing8internal15TestFactoryImplI36LinkedListTest_InsertBeforeHead_TestE10CreateTestEv
FNDA:2,_ZN7testing8internal15TestFactoryImplI36StackTest_PushBackIncreasesSize_TestE10CreateTestEv
FNDA:2,_ZN7testing8internal15TestFactoryImplI37ForwardListTest_AtReturnsCorrect_TestE10CreateTestEv
FNDA:2,_ZN7testing8internal15TestFactoryImplI37LinkedListTest_InsertAfterNormal_TestE10CreateTestEv
FNDA:2,_ZN7testing8internal15TestFactoryImplI37LinkedListTest_RemoveAfterNormal_TestE10CreateTestEv
FNDA:2,_ZN7testing8internal15TestFactoryImplI37LinkedListTest_RemoveAfterThrows_TestE10CreateTestEv
FNDA:2,_ZN7testing8internal15TestFactoryImplI37LinkedListTest_RemoveValueMiddle_TestE10CreateTestEv
FNDA:2,_ZN7testing8internal15TestFactoryImplI37QueueTest_FrontBackThrowsOnEmpty_TestE10CreateTestEv
FNDA:2,_ZN7testing8internal15TestFactoryImplI37StackTest_AtThrowsOnInvalidIndex_TestE10CreateTestEv
FNDA:2,_ZN7testing8internal15TestFactoryImplI37StackTest_ContainsWorksCorrectly_TestE10CreateTestEv
FNDA:2,_ZN7testing8internal15TestFactoryImplI37StackTest_DisplayOutputsElements_TestE10CreateTestEv
FNDA:2,_ZN7testing8internal15TestFactoryImplI38ArrayTest_ConstructorWithCapacity_TestE10CreateTestEv
FNDA:2,_ZN7testing8internal15TestFactoryImplI38ForwardListTest_InsertAfterThrows_TestE10CreateTestEv
FNDA:2,_ZN7testing8internal15TestFactoryImplI38ForwardListTest_RemoveAfterThrows_TestE10CreateTestEv
FNDA:2,_ZN7testing8internal15TestFactoryImplI38LinkedListTest_AtThrowsOnBadIndex_TestE10CreateTestEv
FNDA:2,_ZN7testing8internal15TestFactoryImplI38LinkedListTest_FrontThrowsOnEmpty_TestE10CreateTestEv
FNDA:2,_ZN7testing8internal15TestFactoryImplI38LinkedListTest_InsertBeforeMiddle_TestE10CreateTestEv
FNDA:2,_ZN7testing8internal15TestFactoryImplI38LinkedListTest_RemoveBeforeNormal_TestE10CreateTestEv
FNDA:2,_ZN7testing8internal15TestFactoryImplI38LinkedListTest_RemoveBeforeThrows_TestE10CreateTestEv
FNDA:2,_ZN7testing8internal15TestFactoryImplI38StackTest_AtReturnsCorrectElement_TestE10CreateTestEv
FNDA:2,_ZN7testing8internal15TestFactoryImplI38StackTest_FindReturnsCorrectIndex_TestE10CreateTestEv
FNDA:2,_ZN7testing8internal15TestFactoryImplI38StackTest_RemoveRemovesTopElement_TestE10CreateTestEv
FNDA:2,_ZN7testing8internal15TestFactoryImplI39AVLTreeTest_RebalanceLeftRightCase_TestE10CreateTestEv
FNDA:2,_ZN7testing8internal15TestFactoryImplI39AVLTreeTest_RebalanceRightLeftCase_TestE10CreateTestEv
FNDA:2,_ZN7testing8internal15TestFactoryImplI39AVLTreeTest_RemoveNodeWithOneChild_TestE10CreateTestEv
FNDA:2,_ZN7testing8internal15TestFactoryImplI39AVLTreeTest_push_backSingleElement_TestE10CreateTestEv
FNDA:2,_ZN7testing8internal15TestFactoryImplI39ForwardListTest_DefaultConstructor_TestE10CreateTestEv
FNDA:2,_ZN7testing8internal15TestFactoryImplI39ForwardListTest_InsertBeforeThrows_TestE10CreateTestEv
FNDA:2,_ZN7testing8internal15TestFactoryImplI39ForwardListTest_RemoveBeforeThrows_TestE10CreateTestEv
FNDA:2,_ZN7testing8internal15TestFactoryImplI39LinearProbingHashMapTest_PutAndGet_TestE10CreateTestEv
FNDA:2,_ZN7testing8internal15TestFactoryImplI39LinkedListTest_InitListConstructor_TestE10CreateTestEv
FNDA:2,_ZN7testing8internal15TestFactoryImplI39StackTest_JsonSerializeDeserialize_TestE10CreateTestEv
FNDA:2,_ZN7testing8internal15TestFactoryImplI40LinkedListTest_PopBackThrowsOnEmpty_TestE10CreateTestEv
FNDA:2,_ZN7testing8internal15TestFactoryImplI41ArrayTest_InitializerListConstructor_TestE10CreateTestEv
FNDA:2,_ZN7testing8internal15TestFactoryImplI41ForwardListTest_PopBackSingleElement_TestE10CreateTestEv
FNDA:2,_ZN7testing8internal15TestFactoryImplI41LinkedListTest_InsertAfterOutOfRange_TestE10CreateTestEv
FNDA:2,_ZN7testing8internal15TestFactoryImplI41LinkedListTest_PopFrontThrowsOnEmpty_TestE10CreateTestEv
FNDA:2,_ZN7testing8internal15TestFactoryImplI42AVLTreeTest_RemoveNodeWithTwoChildren_TestE10CreateTestEv
FNDA:2,_ZN7testing8internal15TestFactoryImplI42ArrayTest_ConstructorWithSizeAndValue_TestE10CreateTestEv
FNDA:2,_ZN7testing8internal15TestFactoryImplI42ForwardListTest_InsertBeforeIndexZero_TestE10CreateTestEv
FNDA:2,_ZN7testing8internal15TestFactoryImplI42LinkedListTest_InsertBeforeOutOfRange_TestE10CreateTestEv
FNDA:2,_ZN7testing8internal15TestFactoryImplI42SeparateChainingHashMapTest_PutAndGet_TestE10CreateTestEv
FNDA:2,_ZN7testing8internal15TestFactoryImplI43ForwardListTest_FrontBackThrowsOnEmpty_TestE10CreateTestEv
FNDA:2,_ZN7testing8internal15TestFactoryImplI45DoubleHashingSetOutputTest_DisplayOutput_TestE10CreateTestEv
FNDA:2,_ZN7testing8internal15TestFactoryImplI45DoubleHashingSetPrivateTest_ManualResize_TestE10CreateTestEv
FNDA:2,_ZN7testing8internal15TestFactoryImplI45LinearProbingHashMapTest_EmptyOnCreation_TestE10CreateTestEv
FNDA:2,_ZN7testing8internal15TestFactoryImplI45LinearProbingHashMapTest_PutUpdatesValue_TestE10CreateTestEv
FNDA:2,_ZN7testing8internal15TestFactoryImplI46SeparateChainingHashMapTest_ContainsWorks_TestE10CreateTestEv
FNDA:2,_ZN7testing8internal15TestFactoryImplI47DoubleHashingSetClearTest_ClearResetsTable_TestE10CreateTestEv
FNDA:2,_ZN7testing8internal15TestFactoryImplI47DoubleHashingSetResizeTest_ResizeTriggered_TestE10CreateTestEv
FNDA:2,_ZN7testing8internal15TestFactoryImplI47ForwardListTest_InitializerListConstructor_TestE10CreateTestEv
FNDA:2,_ZN7testing8internal15TestFactoryImplI47LinearProbingHashMapTest_HandlesCollisions_TestE10CreateTestEv
FNDA:2,_ZN7testing8internal15TestFactoryImplI47LinearProbingHashMapTest_RemoveExistingKey_TestE10CreateTestEv
FNDA:2,_ZN7testing8internal15TestFactoryImplI47SeparateChainingHashMapTest_OverwriteValue_TestE10CreateTestEv
FNDA:2,_ZN7testing8internal15TestFactoryImplI48LinearProbingHashMapTest_DisplayOutputsData_TestE10CreateTestEv
FNDA:2,_ZN7testing8internal15TestFactoryImplI48SeparateChainingHashMapTest_ClearEmptiesMap_TestE10CreateTestEv
FNDA:2,_ZN7testing8internal15TestFactoryImplI48SeparateChainingHashMapTest_EmptyOnCreation_TestE10CreateTestEv
FNDA:2,_ZN7testing8internal15TestFactoryImplI50AVLTreeTest_push_backMultipleElementsBalanced_TestE10CreateTestEv
FNDA:2,_ZN7testing8internal15TestFactoryImplI50DoubleHashingSetFullTest_RemoveAndDeletedSlot_TestINSt7__cxx1112basic_stringIcSt11char_traitsIcESaIcEEEEE10CreateTestEv
FNDA:2,_ZN7testing8internal15TestFactoryImplI50DoubleHashingSetFullTest_RemoveAndDeletedSlot_TestIiEE10CreateTestEv
FNDA:2,_ZN7testing8internal15TestFactoryImplI50DoubleHashingSetJsonTest_SerializeDeserialize_TestE10CreateTestEv
FNDA:2,_ZN7testing8internal15TestFactoryImplI50DoubleHashingSetReuseTest_ReuseDeletedSlotInt_TestE10CreateTestEv
FNDA:2,_ZN7testing8internal15TestFactoryImplI50LinearProbingHashMapTest_RemoveNonExistingKey_TestE10CreateTestEv
FNDA:2,_ZN7testing8internal15TestFactoryImplI50SeparateChainingHashMapTest_HandlesCollisions_TestE10CreateTestEv
FNDA:2,_ZN7testing8internal15TestFactoryImplI50SeparateChainingHashMapTest_RemoveExistingKey_TestE10CreateTestEv
FNDA:2,_ZN7testing8internal15TestFactoryImplI51DoubleHashingSetFullTest_HashFunctionsAndProbe_TestINSt7__cxx1112basic_stringIcSt11char_traitsIcESaIcEEEEE10CreateTestEv
FNDA:2,_ZN7testing8internal15TestFactoryImplI51DoubleHashingSetFullTest_HashFunctionsAndProbe_TestIiEE10CreateTestEv
FNDA:2,_ZN7testing8internal15TestFactoryImplI51LinearProbingHashMapTest_GetThrowsWhenNotFound_TestE10CreateTestEv
FNDA:2,_ZN7testing8internal15TestFactoryImplI51LinearProbingHashMapTest_ThrowsWhenTableIsFull_TestE10CreateTestEv
FNDA:2,_ZN7testing8internal15TestFactoryImplI53DoubleHashingSetFullTest_ConstructorInitialState_TestINSt7__cxx1112basic_stringIcSt11char_traitsIcESaIcEEEEE10CreateTestEv
FNDA:2,_ZN7testing8internal15TestFactoryImplI53DoubleHashingSetFullTest_ConstructorInitialState_TestIiEE10CreateTestEv
FNDA:2,_ZN7testing8internal15TestFactoryImplI53DoubleHashingSetFullTest_InsertContainsDuplicate_TestINSt7__cxx1112basic_stringIcSt11char_traitsIcESaIcEEEEE10CreateTestEv
FNDA:2,_ZN7testing8internal15TestFactoryImplI53DoubleHashingSetFullTest_InsertContainsDuplicate_TestIiEE10CreateTestEv
FNDA:2,_ZN7testing8internal15TestFactoryImplI54LinearProbingHashMapTest_JsonSerializeDeserialize_TestE10CreateTestEv
FNDA:2,_ZN7testing8internal15TestFactoryImplI54SeparateChainingHashMapTest_DisplayOutputsContent_TestE10CreateTestEv
FNDA:2,_ZN7testing8internal15TestFactoryImplI55SeparateChainingHashMapTest_GetThrowsIfKeyNotFound_TestE10CreateTestEv
FNDA:2,_ZN7testing8internal15TestFactoryImplI56SeparateChainingHashMapTest_ItemsReturnsAllElements_TestE10CreateTestEv
FNDA:2,_ZN7testing8internal15TestFactoryImplI57LinearProbingHashMapTest_SizeAndIsEmptyWorkCorrectly_TestE10CreateTestEv
FNDA:2,_ZN7testing8internal15TestFactoryImplI57SeparateChainingHashMapTest_JsonSerializeDeserialize_TestE10CreateTestEv
FNDA:2,_ZN7testing8internal15TestFactoryImplI60SeparateChainingHashMapTest_RehashTriggeredByLoadFactor_TestE10CreateTestEv
FNDA:2,_ZN7testing8internal15TestFactoryImplI62LinearProbingHashMapTest_RemoveAndReinsertUsesDeletedSlot_TestE10CreateTestEv
FNDA:2,_ZN7testing8internal15TestFactoryImplI63SeparateChainingHashMapTest_CopyConstructorCreatesDeepCopy_TestE10CreateTestEv
FNDA:2,_ZN7testing8internal15TestFactoryImplI64SeparateChainingHashMapTest_RemoveNonExistingKeyDoesNothing_TestE10CreateTestEv
FNDA:2,_ZN7testing8internal15TestFactoryImplI66SeparateChainingHashMapTest_AssignmentOperatorCreatesDeepCopy_TestE10CreateTestEv
FNDA:284,_ZN7testing8internal12CodeLocationC2ERKNSt7__cxx1112basic_stringIcSt11char_traitsIcESaIcEEEi
FNDA:1168,_ZN7testing8internal19GetNotDefaultOrNullEPFvvES2_
FNDA:2,_ZN7testing8internal16SuiteApiResolverI50DoubleHashingSetFullTest_RemoveAndDeletedSlot_TestINSt7__cxx1112basic_stringIcSt11char_traitsIcESaIcEEEEE19GetSetUpCaseOrSuiteEPKci
FNDA:2,_ZN7testing8internal16SuiteApiResolverI50DoubleHashingSetFullTest_RemoveAndDeletedSlot_TestIiEE19GetSetUpCaseOrSuiteEPKci
FNDA:2,_ZN7testing8internal16SuiteApiResolverI51DoubleHashingSetFullTest_HashFunctionsAndProbe_TestINSt7__cxx1112basic_stringIcSt11char_traitsIcESaIcEEEEE19GetSetUpCaseOrSuiteEPKci
FNDA:2,_ZN7testing8internal16SuiteApiResolverI51DoubleHashingSetFullTest_HashFunctionsAndProbe_TestIiEE19GetSetUpCaseOrSuiteEPKci
FNDA:2,_ZN7testing8internal16SuiteApiResolverI53DoubleHashingSetFullTest_ConstructorInitialState_TestINSt7__cxx1112basic_stringIcSt11char_traitsIcESaIcEEEEE19GetSetUpCaseOrSuiteEPKci
FNDA:2,_ZN7testing8internal16SuiteApiResolverI53DoubleHashingSetFullTest_ConstructorInitialState_TestIiEE19GetSetUpCaseOrSuiteEPKci
FNDA:2,_ZN7testing8internal16SuiteApiResolverI53DoubleHashingSetFullTest_InsertContainsDuplicate_TestINSt7__cxx1112basic_stringIcSt11char_traitsIcESaIcEEEEE19GetSetUpCaseOrSuiteEPKci
FNDA:2,_ZN7testing8internal16SuiteApiResolverI53DoubleHashingSetFullTest_InsertContainsDuplicate_TestIiEE19GetSetUpCaseOrSuiteEPKci
FNDA:276,_ZN7testing8internal16SuiteApiResolverINS_4TestEE19GetSetUpCaseOrSuiteEPKci
FNDA:2,_ZN7testing8internal16SuiteApiResolverI50DoubleHashingSetFullTest_RemoveAndDeletedSlot_TestINSt7__cxx1112basic_stringIcSt11char_traitsIcESaIcEEEEE22GetTearDownCaseOrSuiteEPKci
FNDA:2,_ZN7testing8internal16SuiteApiResolverI50DoubleHashingSetFullTest_RemoveAndDeletedSlot_TestIiEE22GetTearDownCaseOrSuiteEPKci
FNDA:2,_ZN7testing8internal16SuiteApiResolverI51DoubleHashingSetFullTest_HashFunctionsAndProbe_TestINSt7__cxx1112basic_stringIcSt11char_traitsIcESaIcEEEEE22GetTearDownCaseOrSuiteEPKci
FNDA:2,_ZN7testing8internal16SuiteApiResolverI51DoubleHashingSetFullTest_HashFunctionsAndProbe_TestIiEE22GetTearDownCaseOrSuiteEPKci
FNDA:2,_ZN7testing8internal16SuiteApiResolverI53DoubleHashingSetFullTest_ConstructorInitialState_TestINSt7__cxx1112basic_stringIcSt11char_traitsIcESaIcEEEEE22GetTearDownCaseOrSuiteEPKci
FNDA:2,_ZN7testing8internal16SuiteApiResolverI53DoubleHashingSetFullTest_ConstructorInitialState_TestIiEE22GetTearDownCaseOrSuiteEPKci
FNDA:2,_ZN7testing8internal16SuiteApiResolverI53DoubleHashingSetFullTest_InsertContainsDuplicate_TestINSt7__cxx1112basic_stringIcSt11char_traitsIcESaIcEEEEE22GetTearDownCaseOrSuiteEPKci
FNDA:2,_ZN7testing8internal16SuiteApiResolverI53DoubleHashingSetFullTest_InsertContainsDuplicate_TestIiEE22GetTearDownCaseOrSuiteEPKci
FNDA:276,_ZN7testing8internal16SuiteApiResolverINS_4TestEE22GetTearDownCaseOrSuiteEPKci
FNDA:16,_ZN7testing8internal19GetPrefixUntilCommaB5cxx11EPKc
FNDA:8,_ZN7testing8internal20DefaultNameGenerator7GetNameINSt7__cxx1112basic_stringIcSt11char_traitsIcESaIcEEEEES8_i
FNDA:8,_ZN7testing8internal20DefaultNameGenerator7GetNameIiEENSt7__cxx1112basic_stringIcSt11char_traitsIcESaIcEEEi
FNDA:8,_ZN7testing8internal24GenerateNamesRecursivelyINS0_20DefaultNameGeneratorEEEvNS0_4NoneEPSt6vectorINSt7__cxx1112basic_stringIcSt11char_traitsIcESaIcEEESaISA_EEi
FNDA:8,_ZN7testing8internal24GenerateNamesRecursivelyINS0_20DefaultNameGeneratorENS0_5TypesINSt7__cxx1112basic_stringIcSt11char_traitsIcESaIcEEEJEEEEEvT0_PSt6vectorIS9_SaIS9_EEi
FNDA:8,_ZN7testing8internal24GenerateNamesRecursivelyINS0_20DefaultNameGeneratorENS0_5TypesIiJNSt7__cxx1112basic_stringIcSt11char_traitsIcESaIcEEEEEEEEvT0_PSt6vectorIS9_SaIS9_EEi
FNDA:8,_ZN7testing8internal13GenerateNamesINS0_20DefaultNameGeneratorENS0_5TypesIiJNSt7__cxx1112basic_stringIcSt11char_traitsIcESaIcEEEEEEEESt6vectorIS9_SaIS9_EEv
FNDA:2,_ZN7testing8internal21TypeParameterizedTestI24DoubleHashingSetFullTestNS0_11TemplateSelI50DoubleHashingSetFullTest_RemoveAndDeletedSlot_TestEENS0_5TypesINSt7__cxx1112basic_stringIcSt11char_traitsIcESaIcEEEJEEEE8RegisterEPKcRKNS0_12CodeLocationESG_SG_iRKSt6vectorISC_SaISC_EE
FNDA:2,_ZN7testing8internal21TypeParameterizedTestI24DoubleHashingSetFullTestNS0_11TemplateSelI50DoubleHashingSetFullTest_RemoveAndDeletedSlot_TestEENS0_5TypesIiJNSt7__cxx1112basic_stringIcSt11char_traitsIcESaIcEEEEEEE8RegisterEPKcRKNS0_12CodeLocationESG_SG_iRKSt6vectorISC_SaISC_EE
FNDA:2,_ZN7testing8internal21TypeParameterizedTestI24DoubleHashingSetFullTestNS0_11TemplateSelI51DoubleHashingSetFullTest_HashFunctionsAndProbe_TestEENS0_5TypesINSt7__cxx1112basic_stringIcSt11char_traitsIcESaIcEEEJEEEE8RegisterEPKcRKNS0_12CodeLocationESG_SG_iRKSt6vectorISC_SaISC_EE
FNDA:2,_ZN7testing8internal21TypeParameterizedTestI24DoubleHashingSetFullTestNS0_11TemplateSelI51DoubleHashingSetFullTest_HashFunctionsAndProbe_TestEENS0_5TypesIiJNSt7__cxx1112basic_stringIcSt11char_traitsIcESaIcEEEEEEE8RegisterEPKcRKNS0_12CodeLocationESG_SG_iRKSt6vectorISC_SaISC_EE
FNDA:2,_ZN7testing8internal21TypeParameterizedTestI24DoubleHashingSetFullTestNS0_11TemplateSelI53DoubleHashingSetFullTest_ConstructorInitialState_TestEENS0_5TypesINSt7__cxx1112basic_stringIcSt11char_traitsIcESaIcEEEJEEEE8RegisterEPKcRKNS0_12CodeLocationESG_SG_iRKSt6vectorISC_SaISC_EE
FNDA:2,_ZN7testing8internal21TypeParameterizedTestI24DoubleHashingSetFullTestNS0_11TemplateSelI53DoubleHashingSetFullTest_ConstructorInitialState_TestEENS0_5TypesIiJNSt7__cxx1112basic_stringIcSt11char_traitsIcESaIcEEEEEEE8RegisterEPKcRKNS0_12CodeLocationESG_SG_iRKSt6vectorISC_SaISC_EE
FNDA:2,_ZN7testing8internal21TypeParameterizedTestI24DoubleHashingSetFullTestNS0_11TemplateSelI53DoubleHashingSetFullTest_InsertContainsDuplicate_TestEENS0_5TypesINSt7__cxx1112basic_stringIcSt11char_traitsIcESaIcEEEJEEEE8RegisterEPKcRKNS0_12CodeLocationESG_SG_iRKSt6vectorISC_SaISC_EE
FNDA:2,_ZN7testing8internal21TypeParameterizedTestI24DoubleHashingSetFullTestNS0_11TemplateSelI53DoubleHashingSetFullTest_InsertContainsDuplicate_TestEENS0_5TypesIiJNSt7__cxx1112basic_stringIcSt11char_traitsIcESaIcEEEEEEE8RegisterEPKcRKNS0_12CodeLocationESG_SG_iRKSt6vectorISC_SaISC_EE
FNDA:2,_ZN7testing8internal21TypeParameterizedTestI24DoubleHashingSetFullTestNS0_11TemplateSelI50DoubleHashingSetFullTest_RemoveAndDeletedSlot_TestEENS0_4NoneEE8RegisterEPKcRKNS0_12CodeLocationES9_S9_iRKSt6vectorINSt7__cxx1112basic_stringIcSt11char_traitsIcESaIcEEESaISJ_EE
FNDA:2,_ZN7testing8internal21TypeParameterizedTestI24DoubleHashingSetFullTestNS0_11TemplateSelI51DoubleHashingSetFullTest_HashFunctionsAndProbe_TestEENS0_4NoneEE8RegisterEPKcRKNS0_12CodeLocationES9_S9_iRKSt6vectorINSt7__cxx1112basic_stringIcSt11char_traitsIcESaIcEEESaISJ_EE
FNDA:2,_ZN7testing8internal21TypeParameterizedTestI24DoubleHashingSetFullTestNS0_11TemplateSelI53DoubleHashingSetFullTest_ConstructorInitialState_TestEENS0_4NoneEE8RegisterEPKcRKNS0_12CodeLocationES9_S9_iRKSt6vectorINSt7__cxx1112basic_stringIcSt11char_traitsIcESaIcEEESaISJ_EE
FNDA:2,_ZN7testing8internal21TypeParameterizedTestI24DoubleHashingSetFullTestNS0_11TemplateSelI53DoubleHashingSetFullTest_InsertContainsDuplicate_TestEENS0_4NoneEE8RegisterEPKcRKNS0_12CodeLocationES9_S9_iRKSt6vectorINSt7__cxx1112basic_stringIcSt11char_traitsIcESaIcEEESaISJ_EE
FNDA:80,_ZN7testing8internal14TrueWithStringC2Ev
FNDA:80,_ZNK7testing8internal14TrueWithStringcvbEv
FNF:192
FNH:191
DA:419,16
DA:424,16
DA:438,292
DA:445,292
DA:457,292
DA:478,284
DA:479,284
DA:491,1168
DA:493,1168
DA:506,292
DA:510,292
DA:512,292
DA:514,292
DA:517,0
DA:519,292
DA:527,292
DA:531,292
DA:533,292
DA:535,292
DA:538,0
DA:540,292
DA:649,16
DA:650,16
DA:651,48
DA:663,16
DA:664,16
DA:674,8
DA:677,16
DA:678,16
DA:679,16
DA:681,16
DA:684,8
DA:685,8
DA:686,8
DA:687,8
DA:688,0
DA:704,16
DA:714,80
DA:715,64
DA:716,16
DA:723,16
DA:725,16
DA:726,16
DA:730,16
DA:735,16
DA:743,8
DA:748,8
DA:843,80
DA:846,80
LF:49
LH:46
end_of_record
TN:
SF:/usr/include/gtest/internal/gtest-port.h
FN:1042,1042,_ZN7testing8internal8GTestLog9GetStreamEv
FN:1941,1943,_ZN7testing8internal7IsSpaceEc
FN:1975,1979,_ZN7testing8internal19StripTrailingSpacesENSt7__cxx1112basic_stringIcSt11char_traitsIcESaIcEEE
FNDA:0,_ZN7testing8internal8GTestLog9GetStreamEv
FNDA:16,_ZN7testing8internal7IsSpaceEc
FNDA:16,_ZN7testing8internal19StripTrailingSpacesENSt7__cxx1112basic_stringIcSt11char_traitsIcESaIcEEE
FNF:3
FNH:2
DA:1042,0
DA:1941,16
DA:1942,16
DA:1975,16
DA:1976,16
DA:1977,16
DA:1978,32
LF:7
LH:6
end_of_record
TN:
SF:/usr/include/gtest/internal/gtest-type-util.h
FN:129,135,_ZN7testing8internal11GetTypeNameINSt7__cxx1112basic_stringIcSt11char_traitsIcESaIcEEEEES7_v
FN:129,135,_ZN7testing8internal11GetTypeNameIiEENSt7__cxx1112basic_stringIcSt11char_traitsIcESaIcEEEv
FN:61,87,_ZN7testing8internal31CanonicalizeForStdLibVersioningENSt7__cxx1112basic_stringIcSt11char_traitsIcESaIcEEE
FN:91,121,_ZN7testing8internal11GetTypeNameB5cxx11ERKSt9type_info
FNDA:8,_ZN7testing8internal11GetTypeNameINSt7__cxx1112basic_stringIcSt11char_traitsIcESaIcEEEEES7_v
FNDA:8,_ZN7testing8internal11GetTypeNameIiEENSt7__cxx1112basic_stringIcSt11char_traitsIcESaIcEEEv
FNDA:16,_ZN7testing8internal31CanonicalizeForStdLibVersioningENSt7__cxx1112basic_stringIcSt11char_traitsIcESaIcEEE
FNDA:16,_ZN7testing8internal11GetTypeNameB5cxx11ERKSt9type_info
FNF:4
FNH:4
DA:61,16
DA:63,16
DA:64,8
DA:65,8
DA:67,8
DA:75,16
DA:78,32
DA:79,32
DA:80,16
DA:83,16
DA:84,16
DA:86,16
DA:91,16
DA:92,16
DA:94,16
DA:100,16
DA:101,16
DA:102,16
DA:103,32
DA:121,16
DA:129,16
DA:131,16
LF:22
LH:22
end_of_record
TN:
SF:/usr/include/x86_64-linux-gnu/c++/13/bits/c++config.h
FN:540,551,_ZSt23__is_constant_evaluatedv
FNDA:566,_ZSt23__is_constant_evaluatedv
FNF:1
FNH:1
DA:540,566
DA:547,566
LF:2
LH:2
end_of_record
